Start auto log messages stack - Iteration 13.	[MsgId: MMSG-10545]
Action.c(146): Registering web_custom_request("nav.pl_3") was successful  	[MsgId: MMSG-26390]
Action.c(156): web_concurrent_end started  	[MsgId: MMSG-26355]
Action.c(156): web_concurrent_end was successful, 235081 body bytes, 511 header bytes, 462 chunking overhead bytes  	[MsgId: MMSG-26385]
Action.c(158): Notify: Transaction "itinerary" ended with a "Pass" status (Duration: 0,1812).	[MsgId: MMSG-16873]
Action.c(160): Think time - Waiting 5,00 seconds (according to limit).	[MsgId: MMSG-15946]
Action.c(160): lr_think_time: 5,00 seconds (recorded think time was 52,00 seconds).	[MsgId: MMSG-15947]
Action.c(162): Notify: Transaction "logout" started.	[MsgId: MMSG-16999]
Action.c(164): web_reg_find started  	[MsgId: MMSG-26355]
Action.c(164): Registering web_reg_find was successful  	[MsgId: MMSG-26390]
Action.c(167): web_custom_request("SignOff Button") started  	[MsgId: MMSG-26355]
Action.c(167): Error -27721: Step download timeout (120 seconds) has expired when downloading resource "http://localhost:1080/cgi-bin/welcome.pl?signOff=1"  	[MsgId: MERR-27721]
End auto log messages stack.	[MsgId: MMSG-10544]


Start auto log messages stack - Iteration 13.	[MsgId: MMSG-10545]
Action.c(167): Aborting pending download of URL="http://localhost:1080/cgi-bin/welcome.pl?signOff=1" (RelFrameId=1, Internal ID=129)  	[MsgId: MMSG-27649]
Action.c(167): Error -26366: "Text=A Session ID has been created and loaded into a cookie called MSO" not found for web_reg_find  	[MsgId: MERR-26366]
Action.c(167): Error -26374: The above "not found" error(s) may be explained by header and body byte counts being 0 and 0, respectively.  	[MsgId: MERR-26374]
End auto log messages stack.	[MsgId: MMSG-10544]


Start auto log messages stack - Iteration 77.	[MsgId: MMSG-10545]
Action.c(67): Notify: Transaction "home_page" ended with a "Pass" status (Duration: 0,1590 Wasted Time: 0,0002).	[MsgId: MMSG-16871]
Action.c(69): Think time - Waiting 5,00 seconds (according to limit).	[MsgId: MMSG-15946]
Action.c(69): lr_think_time: 5,00 seconds (recorded think time was 40,00 seconds).	[MsgId: MMSG-15947]
Action.c(71): Notify: Transaction "login" started.	[MsgId: MMSG-16999]
Action.c(73): web_add_header("Origin") started  	[MsgId: MMSG-26355]
Action.c(73): web_add_header("Origin") was successful  	[MsgId: MMSG-26392]
Action.c(76): web_add_auto_header("Sec-Fetch-User") started  	[MsgId: MMSG-26355]
Action.c(76): web_add_auto_header("Sec-Fetch-User") was successful  	[MsgId: MMSG-26392]
Action.c(81): web_reg_find started  	[MsgId: MMSG-26355]
Action.c(81): Registering web_reg_find was successful  	[MsgId: MMSG-26390]
Action.c(83): web_custom_request("login.pl") started  	[MsgId: MMSG-26355]
Action.c(83): Error -27721: Step download timeout (120 seconds) has expired when downloading resource "http://localhost:1080/cgi-bin/login.pl"  	[MsgId: MERR-27721]
End auto log messages stack.	[MsgId: MMSG-10544]


Start auto log messages stack - Iteration 77.	[MsgId: MMSG-10545]
Action.c(83): Aborting pending download of URL="http://localhost:1080/cgi-bin/login.pl" (RelFrameId=1, Internal ID=763)  	[MsgId: MMSG-27649]
Action.c(83): Error -26366: "Text=User password was correct" not found for web_reg_find  	[MsgId: MERR-26366]
Action.c(83): Error -26374: The above "not found" error(s) may be explained by header and body byte counts being 0 and 0, respectively.  	[MsgId: MERR-26374]
End auto log messages stack.	[MsgId: MMSG-10544]


