Start auto log messages stack - Iteration 19.	[MsgId: MMSG-10545]
Action.c(95): Registering web_custom_request("login.pl_2") was successful  	[MsgId: MMSG-26390]
Action.c(105): web_custom_request("nav.pl_2") started  	[MsgId: MMSG-26355]
Action.c(105): Registering web_custom_request("nav.pl_2") was successful  	[MsgId: MMSG-26390]
Action.c(115): web_concurrent_end started  	[MsgId: MMSG-26355]
Action.c(115): web_concurrent_end was successful, 2404 body bytes, 484 header bytes, 24 chunking overhead bytes  	[MsgId: MMSG-26385]
Action.c(117): Notify: Transaction "login" ended with a "Pass" status (Duration: 5,2646 Think Time: 5,0160 Wasted Time: 0,0000).	[MsgId: MMSG-16870]
Action.c(119): Think time - Waiting 5,00 seconds (according to limit).	[MsgId: MMSG-15946]
Action.c(119): lr_think_time: 5,00 seconds (recorded think time was 72,00 seconds).	[MsgId: MMSG-15947]
Action.c(121): Notify: Transaction "itinerary" started.	[MsgId: MMSG-16999]
Action.c(123): web_custom_request("Itinerary Button") started  	[MsgId: MMSG-26355]
Action.c(123): Error -26612: HTTP Status-Code=500 (Internal Server Error) for "http://localhost:1080/cgi-bin/welcome.pl?page=itinerary"  	[MsgId: MERR-26612]
End auto log messages stack.	[MsgId: MMSG-10544]


Start auto log messages stack - Iteration 51.	[MsgId: MMSG-10545]
Action.c(28): web_add_auto_header("Sec-Fetch-Dest") was successful  	[MsgId: MMSG-26392]
Action.c(31): web_custom_request("welcome.pl") started  	[MsgId: MMSG-26355]
Action.c(31): web_custom_request("welcome.pl") was successful, 686 body bytes, 328 header bytes, 12 chunking overhead bytes  	[MsgId: MMSG-26385]
Action.c(41): web_reg_save_param started  	[MsgId: MMSG-26355]
Action.c(41): Registering web_reg_save_param was successful  	[MsgId: MMSG-26390]
Action.c(47): web_reg_save_param_attrib started  	[MsgId: MMSG-26355]
Action.c(47): Registering web_reg_save_param_attrib was successful  	[MsgId: MMSG-26390]
Action.c(57): web_custom_request("nav.pl") started  	[MsgId: MMSG-26355]
Action.c(57): Error -26612: HTTP Status-Code=500 (Internal Server Error) for "http://localhost:1080/cgi-bin/nav.pl?in=home"  	[MsgId: MERR-26612]
Action.c(57): Error -35048: No match found for the requested parameter "userSession". Check whether the tag with specific attributes exists in the response data  	[MsgId: MERR-35048]
Action.c(57): Error -26377: No match found for the requested parameter "userSession". Either the specified boundaries were not found in the response or the matched text is longer than current max html parameter size of 256 bytes. The total length of the response is 535 bytes. You can use "web_set_max_html_param_len" to increase the max parameter size.  	[MsgId: MERR-26377]
End auto log messages stack.	[MsgId: MMSG-10544]


