Start auto log messages stack - Iteration 51.	[MsgId: MMSG-10545]
Action.c(97): Registering web_custom_request("nav.pl_2") was successful  	[MsgId: MMSG-26390]
Action.c(107): web_concurrent_end started  	[MsgId: MMSG-26355]
Action.c(107): web_concurrent_end was successful, 2410 body bytes, 484 header bytes, 24 chunking overhead bytes  	[MsgId: MMSG-26385]
Action.c(109): Notify: Transaction "login" ended with a "Pass" status (Duration: 0,1295 Wasted Time: 0,0000).	[MsgId: MMSG-16871]
Action.c(111): Think time - Waiting 5,00 seconds (according to limit).	[MsgId: MMSG-15946]
Action.c(111): lr_think_time: 5,00 seconds (recorded think time was 30,00 seconds).	[MsgId: MMSG-15947]
Action.c(113): Notify: Transaction "flights" started.	[MsgId: MMSG-16999]
Action.c(115): web_reg_find started  	[MsgId: MMSG-26355]
Action.c(115): Registering web_reg_find was successful  	[MsgId: MMSG-26390]
Action.c(118): web_custom_request("Search Flights Button") started  	[MsgId: MMSG-26355]
Action.c(118): Error -27721: Step download timeout (120 seconds) has expired when downloading resource "http://localhost:1080/cgi-bin/welcome.pl?page=search"  	[MsgId: MERR-27721]
End auto log messages stack.	[MsgId: MMSG-10544]


Start auto log messages stack - Iteration 51.	[MsgId: MMSG-10545]
Action.c(118): Aborting pending download of URL="http://localhost:1080/cgi-bin/welcome.pl?page=search" (RelFrameId=1, Internal ID=656)  	[MsgId: MMSG-27649]
Action.c(118): Error -26366: "Text=User has returned to the search page" not found for web_reg_find  	[MsgId: MERR-26366]
Action.c(118): Error -26374: The above "not found" error(s) may be explained by header and body byte counts being 0 and 0, respectively.  	[MsgId: MERR-26374]
End auto log messages stack.	[MsgId: MMSG-10544]


Start auto log messages stack - Iteration 9.	[MsgId: MMSG-10545]
Action.c(59): Notify: Transaction "home_page" ended with a "Pass" status (Duration: 0,1584 Wasted Time: 0,0000).	[MsgId: MMSG-16871]
Action.c(61): Think time - Waiting 5,00 seconds (according to limit).	[MsgId: MMSG-15946]
Action.c(61): lr_think_time: 5,00 seconds (recorded think time was 33,00 seconds).	[MsgId: MMSG-15947]
Action.c(63): Notify: Transaction "login" started.	[MsgId: MMSG-16999]
Action.c(65): web_add_header("Origin") started  	[MsgId: MMSG-26355]
Action.c(65): web_add_header("Origin") was successful  	[MsgId: MMSG-26392]
Start auto log messages stack - Iteration 51.	[MsgId: MMSG-10545]
Action.c(19): web_add_auto_header("Upgrade-Insecure-Requests") was successful  	[MsgId: MMSG-26392]
Action.c(22): web_add_auto_header("Sec-Fetch-Site") started  	[MsgId: MMSG-26355]
Action.c(22): web_add_auto_header("Sec-Fetch-Site") was successful  	[MsgId: MMSG-26392]
Action.c(25): web_add_auto_header("Sec-Fetch-Mode") started  	[MsgId: MMSG-26355]
Action.c(25): web_add_auto_header("Sec-Fetch-Mode") was successful  	[MsgId: MMSG-26392]
Action.c(28): web_add_auto_header("Sec-Fetch-Dest") started  	[MsgId: MMSG-26355]
Action.c(28): web_add_auto_header("Sec-Fetch-Dest") was successful  	[MsgId: MMSG-26392]
Action.c(31): web_custom_request("welcome.pl") started  	[MsgId: MMSG-26355]
Action.c(31): Error -27721: Step download timeout (120 seconds) has expired when downloading resource "http://localhost:1080/cgi-bin/welcome.pl?signOff=true"  	[MsgId: MERR-27721]
End auto log messages stack.	[MsgId: MMSG-10544]


Action.c(68): web_add_auto_header("Sec-Fetch-User") started  	[MsgId: MMSG-26355]
Action.c(68): web_add_auto_header("Sec-Fetch-User") was successful  	[MsgId: MMSG-26392]
Action.c(72): web_reg_find started  	[MsgId: MMSG-26355]
Action.c(72): Registering web_reg_find was successful  	[MsgId: MMSG-26390]
Action.c(74): web_custom_request("login.pl") started  	[MsgId: MMSG-26355]
Action.c(74): Error -27721: Step download timeout (120 seconds) has expired when downloading resource "http://localhost:1080/cgi-bin/login.pl"  	[MsgId: MERR-27721]
End auto log messages stack.	[MsgId: MMSG-10544]


Start auto log messages stack - Iteration 9.	[MsgId: MMSG-10545]
Action.c(74): Aborting pending download of URL="http://localhost:1080/cgi-bin/login.pl" (RelFrameId=1, Internal ID=107)  	[MsgId: MMSG-27649]
Action.c(74): Error -26366: "Text=User password was correct" not found for web_reg_find  	[MsgId: MERR-26366]
Action.c(74): Error -26374: The above "not found" error(s) may be explained by header and body byte counts being 0 and 0, respectively.  	[MsgId: MERR-26374]
End auto log messages stack.	[MsgId: MMSG-10544]


Start auto log messages stack - Iteration 9.	[MsgId: MMSG-10545]
Action.c(173): Registered web_reg_find successful for "Text= from <B>Los Angeles</B> to <B>Frankfurt</B>" (count=1)  	[MsgId: MMSG-26364]
Action.c(173): web_custom_request("reservations.pl_2") was successful, 2452 body bytes, 255 header bytes, 12 chunking overhead bytes  	[MsgId: MMSG-26385]
Action.c(184): web_convert_param started  	[MsgId: MMSG-26355]
Action.c(184): web_convert_param was successful  	[MsgId: MMSG-26392]
Action.c(190): Notify: Transaction "find_flight" ended with a "Pass" status (Duration: 0,1126 Wasted Time: 0,0003).	[MsgId: MMSG-16871]
Action.c(192): Think time - Waiting 5,00 seconds (according to limit).	[MsgId: MMSG-15946]
Action.c(192): lr_think_time: 5,00 seconds (recorded think time was 18,00 seconds).	[MsgId: MMSG-15947]
Action.c(194): Notify: Transaction "choice_flight" started.	[MsgId: MMSG-16999]
Action.c(196): web_custom_request("reservations.pl_3") started  	[MsgId: MMSG-26355]
Action.c(196): Error -27721: Step download timeout (120 seconds) has expired when downloading resource "http://localhost:1080/cgi-bin/reservations.pl"  	[MsgId: MERR-27721]
End auto log messages stack.	[MsgId: MMSG-10544]


