Start auto log messages stack - Iteration 58.	[MsgId: MMSG-10545]
Action.c(226): Notify: Transaction "payment" ended with a "Pass" status (Duration: 0,0913 Wasted Time: 0,0000).	[MsgId: MMSG-16871]
Action.c(228): Notify: Transaction "logout" started.	[MsgId: MMSG-16999]
Action.c(230): web_remove_auto_header("Origin") started  	[MsgId: MMSG-26355]
Action.c(230): Previous automatically added web header for "Origin" removed  	[MsgId: MMSG-26587]
Action.c(230): web_remove/revert_auto_header("Origin") was successful  	[MsgId: MMSG-26392]
Action.c(232): Think time - Waiting 5,00 seconds (according to limit).	[MsgId: MMSG-15946]
Action.c(232): lr_think_time: 5,00 seconds (recorded think time was 9,00 seconds).	[MsgId: MMSG-15947]
Action.c(234): web_reg_find started  	[MsgId: MMSG-26355]
Action.c(234): Registering web_reg_find was successful  	[MsgId: MMSG-26390]
Action.c(239): web_custom_request("SignOff Button") started  	[MsgId: MMSG-26355]
Action.c(239): Error -26612: HTTP Status-Code=500 (Internal Server Error) for "http://localhost:1080/cgi-bin/welcome.pl?signOff=1"  	[MsgId: MERR-26612]
Action.c(239): Error -26366: "Text=A Session ID has been created and loaded into a cookie called MSO" not found for web_reg_find  	[MsgId: MERR-26366]
End auto log messages stack.	[MsgId: MMSG-10544]


Start auto log messages stack - Iteration 191.	[MsgId: MMSG-10545]
Action.c(191): Think time - Waiting 5,00 seconds (according to limit).	[MsgId: MMSG-15946]
Action.c(191): lr_think_time: 5,00 seconds (recorded think time was 18,00 seconds).	[MsgId: MMSG-15947]
Action.c(193): Notify: Transaction "choice_flight" started.	[MsgId: MMSG-16999]
Action.c(195): web_custom_request("reservations.pl_3") started  	[MsgId: MMSG-26355]
Action.c(195): web_custom_request("reservations.pl_3") was successful, 2747 body bytes, 255 header bytes, 12 chunking overhead bytes  	[MsgId: MMSG-26385]
Action.c(206): Notify: Transaction "choice_flight" ended with a "Pass" status (Duration: 0,0626).	[MsgId: MMSG-16873]
Action.c(208): Think time - Waiting 5,00 seconds (according to limit).	[MsgId: MMSG-15946]
Action.c(208): lr_think_time: 5,00 seconds (recorded think time was 42,00 seconds).	[MsgId: MMSG-15947]
Action.c(210): Notify: Transaction "payment" started.	[MsgId: MMSG-16999]
Action.c(212): web_reg_find started  	[MsgId: MMSG-26355]
Action.c(212): Registering web_reg_find was successful  	[MsgId: MMSG-26390]
Action.c(215): web_custom_request("reservations.pl_4") started  	[MsgId: MMSG-26355]
Action.c(215): Error -26612: HTTP Status-Code=500 (Internal Server Error) for "http://localhost:1080/cgi-bin/reservations.pl"  	[MsgId: MERR-26612]
Action.c(215): Error -26366: "Text= from London to Frankfurt" not found for web_reg_find  	[MsgId: MERR-26366]
End auto log messages stack.	[MsgId: MMSG-10544]


Start auto log messages stack - Iteration 126.	[MsgId: MMSG-10545]
Action.c(152): Notify: Transaction "flights" ended with a "Pass" status (Duration: 0,2605 Wasted Time: 0,0000).	[MsgId: MMSG-16871]
Action.c(154): Notify: Transaction "find_flight" started.	[MsgId: MMSG-16999]
Action.c(156): web_add_auto_header("Origin") started  	[MsgId: MMSG-26355]
Action.c(156): web_add_auto_header("Origin") was successful  	[MsgId: MMSG-26392]
Action.c(159): Think time - Waiting 5,00 seconds (according to limit).	[MsgId: MMSG-15946]
Action.c(159): lr_think_time: 5,00 seconds (recorded think time was 42,00 seconds).	[MsgId: MMSG-15947]
Action.c(160): web_reg_find started  	[MsgId: MMSG-26355]
Action.c(160): Registering web_reg_find was successful  	[MsgId: MMSG-26390]
Action.c(164): web_reg_save_param_attrib started  	[MsgId: MMSG-26355]
Action.c(164): Registering web_reg_save_param_attrib was successful  	[MsgId: MMSG-26390]
Action.c(172): web_custom_request("reservations.pl_2") started  	[MsgId: MMSG-26355]
Action.c(172): Error -35048: No match found for the requested parameter "outboundFlight". Check whether the tag with specific attributes exists in the response data  	[MsgId: MERR-35048]
Action.c(172): Error -26366: "Text= from <B>Frankfurt</B> to <B>London</B>" not found for web_reg_find  	[MsgId: MERR-26366]
End auto log messages stack.	[MsgId: MMSG-10544]


