Start auto log messages stack - Iteration 57.	[MsgId: MMSG-10545]
Action.c(207): Think time - Waiting 5,00 seconds (according to limit).	[MsgId: MMSG-15946]
Action.c(207): lr_think_time: 5,00 seconds (recorded think time was 18,00 seconds).	[MsgId: MMSG-15947]
Action.c(209): Notify: Transaction "choice_flight" started.	[MsgId: MMSG-16999]
Action.c(213): web_custom_request("reservations.pl_3") started  	[MsgId: MMSG-26355]
Action.c(213): web_custom_request("reservations.pl_3") was successful, 2738 body bytes, 255 header bytes, 12 chunking overhead bytes  	[MsgId: MMSG-26385]
Action.c(224): Notify: Transaction "choice_flight" ended with a "Pass" status (Duration: 0,0674).	[MsgId: MMSG-16873]
Action.c(226): Think time - Waiting 5,00 seconds (according to limit).	[MsgId: MMSG-15946]
Action.c(226): lr_think_time: 5,00 seconds (recorded think time was 42,00 seconds).	[MsgId: MMSG-15947]
Action.c(228): Notify: Transaction "payment" started.	[MsgId: MMSG-16999]
Action.c(230): web_reg_find started  	[MsgId: MMSG-26355]
Action.c(230): Registering web_reg_find was successful  	[MsgId: MMSG-26390]
Action.c(233): web_custom_request("reservations.pl_4") started  	[MsgId: MMSG-26355]
Action.c(233): Error -26612: HTTP Status-Code=500 (Internal Server Error) for "http://localhost:1080/cgi-bin/reservations.pl"  	[MsgId: MERR-26612]
Action.c(233): Error -26366: "Text= from Frankfurt to London" not found for web_reg_find  	[MsgId: MERR-26366]
End auto log messages stack.	[MsgId: MMSG-10544]


Start auto log messages stack - Iteration 62.	[MsgId: MMSG-10545]
Action.c(26): web_add_auto_header("Sec-Fetch-Mode") was successful  	[MsgId: MMSG-26392]
Action.c(29): web_add_auto_header("Sec-Fetch-Dest") started  	[MsgId: MMSG-26355]
Action.c(29): web_add_auto_header("Sec-Fetch-Dest") was successful  	[MsgId: MMSG-26392]
Action.c(32): web_custom_request("welcome.pl") started  	[MsgId: MMSG-26355]
Action.c(32): web_custom_request("welcome.pl") was successful, 686 body bytes, 328 header bytes, 12 chunking overhead bytes  	[MsgId: MMSG-26385]
Action.c(41): web_reg_save_param started  	[MsgId: MMSG-26355]
Action.c(41): Registering web_reg_save_param was successful  	[MsgId: MMSG-26390]
Action.c(47): web_custom_request("nav.pl") started  	[MsgId: MMSG-26355]
Action.c(47): Error -26612: HTTP Status-Code=500 (Internal Server Error) for "http://localhost:1080/cgi-bin/nav.pl?in=home"  	[MsgId: MERR-26612]
Action.c(47): Error -26377: No match found for the requested parameter "userSession". Either the specified boundaries were not found in the response or the matched text is longer than current max html parameter size of 256 bytes. The total length of the response is 535 bytes. You can use "web_set_max_html_param_len" to increase the max parameter size.  	[MsgId: MERR-26377]
End auto log messages stack.	[MsgId: MMSG-10544]


Start auto log messages stack - Iteration 161.	[MsgId: MMSG-10545]
Action.c(207): Think time - Waiting 5,00 seconds (according to limit).	[MsgId: MMSG-15946]
Action.c(207): lr_think_time: 5,00 seconds (recorded think time was 18,00 seconds).	[MsgId: MMSG-15947]
Action.c(209): Notify: Transaction "choice_flight" started.	[MsgId: MMSG-16999]
Action.c(213): web_custom_request("reservations.pl_3") started  	[MsgId: MMSG-26355]
Action.c(213): web_custom_request("reservations.pl_3") was successful, 2752 body bytes, 255 header bytes, 12 chunking overhead bytes  	[MsgId: MMSG-26385]
Action.c(224): Notify: Transaction "choice_flight" ended with a "Pass" status (Duration: 0,1093).	[MsgId: MMSG-16873]
Action.c(226): Think time - Waiting 5,00 seconds (according to limit).	[MsgId: MMSG-15946]
Action.c(226): lr_think_time: 5,00 seconds (recorded think time was 42,00 seconds).	[MsgId: MMSG-15947]
Action.c(228): Notify: Transaction "payment" started.	[MsgId: MMSG-16999]
Action.c(230): web_reg_find started  	[MsgId: MMSG-26355]
Action.c(230): Registering web_reg_find was successful  	[MsgId: MMSG-26390]
Action.c(233): web_custom_request("reservations.pl_4") started  	[MsgId: MMSG-26355]
Action.c(233): Error -26366: "Text= from Portland to Paris" not found for web_reg_find  	[MsgId: MERR-26366]
End auto log messages stack.	[MsgId: MMSG-10544]


Start auto log messages stack - Iteration 162.	[MsgId: MMSG-10545]
Action.c(59): Notify: Transaction "home_page" ended with a "Pass" status (Duration: 0,1644 Wasted Time: 0,0000).	[MsgId: MMSG-16871]
Action.c(61): Think time - Waiting 5,00 seconds (according to limit).	[MsgId: MMSG-15946]
Action.c(61): lr_think_time: 5,00 seconds (recorded think time was 33,00 seconds).	[MsgId: MMSG-15947]
Action.c(62): Notify: Transaction "login" started.	[MsgId: MMSG-16999]
Action.c(64): web_add_header("Origin") started  	[MsgId: MMSG-26355]
Action.c(64): web_add_header("Origin") was successful  	[MsgId: MMSG-26392]
Action.c(67): web_add_auto_header("Sec-Fetch-User") started  	[MsgId: MMSG-26355]
Action.c(67): web_add_auto_header("Sec-Fetch-User") was successful  	[MsgId: MMSG-26392]
Action.c(71): web_reg_find started  	[MsgId: MMSG-26355]
Action.c(71): Registering web_reg_find was successful  	[MsgId: MMSG-26390]
Action.c(73): web_custom_request("login.pl") started  	[MsgId: MMSG-26355]
Action.c(73): Error -26612: HTTP Status-Code=500 (Internal Server Error) for "http://localhost:1080/cgi-bin/login.pl"  	[MsgId: MERR-26612]
Action.c(73): Error -26366: "Text=User password was correct" not found for web_reg_find  	[MsgId: MERR-26366]
End auto log messages stack.	[MsgId: MMSG-10544]


