Start auto log messages stack - Iteration 9.	[MsgId: MMSG-10545]
Action.c(157): web_add_auto_header("Origin") started  	[MsgId: MMSG-26355]
Action.c(157): web_add_auto_header("Origin") was successful  	[MsgId: MMSG-26392]
Action.c(161): web_reg_find started  	[MsgId: MMSG-26355]
Action.c(161): Registering web_reg_find was successful  	[MsgId: MMSG-26390]
Action.c(166): web_reg_save_param started  	[MsgId: MMSG-26355]
Action.c(166): Registering web_reg_save_param was successful  	[MsgId: MMSG-26390]
Action.c(172): web_reg_save_param started  	[MsgId: MMSG-26355]
Action.c(172): Registering web_reg_save_param was successful  	[MsgId: MMSG-26390]
Action.c(186): web_custom_request("reservations.pl_2") started  	[MsgId: MMSG-26355]
Action.c(186): Error -27721: Step download timeout (120 seconds) has expired when downloading resource "http://localhost:1080/cgi-bin/reservations.pl"  	[MsgId: MERR-27721]
End auto log messages stack.	[MsgId: MMSG-10544]


Start auto log messages stack - Iteration 9.	[MsgId: MMSG-10545]
Action.c(186): Aborting pending download of URL="http://localhost:1080/cgi-bin/reservations.pl" (RelFrameId=1, Internal ID=113)  	[MsgId: MMSG-27649]
Action.c(186): Error -26366: "Text= from <B>Paris</B> to <B>Portland</B>" not found for web_reg_find  	[MsgId: MERR-26366]
Action.c(186): Error -26377: No match found for the requested parameter "outboundFlight". Either the specified boundaries were not found in the response or the matched text is longer than current max html parameter size of 256 bytes. The total length of the response is 0 bytes. You can use "web_set_max_html_param_len" to increase the max parameter size.  	[MsgId: MERR-26377]
Action.c(186): Error -26377: No match found for the requested parameter "outboundFlight". Either the specified boundaries were not found in the response or the matched text is longer than current max html parameter size of 256 bytes. The total length of the response is 0 bytes. You can use "web_set_max_html_param_len" to increase the max parameter size.  	[MsgId: MERR-26377]
Action.c(186): Error -26374: The above "not found" error(s) may be explained by header and body byte counts being 0 and 0, respectively.  	[MsgId: MERR-26374]
End auto log messages stack.	[MsgId: MMSG-10544]


Start auto log messages stack - Iteration 52.	[MsgId: MMSG-10545]
Action.c(59): Notify: Transaction "home_page" ended with a "Pass" status (Duration: 0,1456 Wasted Time: 0,0000).	[MsgId: MMSG-16871]
Action.c(61): Think time - Waiting 5,00 seconds (according to limit).	[MsgId: MMSG-15946]
Action.c(61): lr_think_time: 5,00 seconds (recorded think time was 33,00 seconds).	[MsgId: MMSG-15947]
Action.c(62): Notify: Transaction "login" started.	[MsgId: MMSG-16999]
Action.c(64): web_add_header("Origin") started  	[MsgId: MMSG-26355]
Action.c(64): web_add_header("Origin") was successful  	[MsgId: MMSG-26392]
Action.c(67): web_add_auto_header("Sec-Fetch-User") started  	[MsgId: MMSG-26355]
Action.c(67): web_add_auto_header("Sec-Fetch-User") was successful  	[MsgId: MMSG-26392]
Action.c(71): web_reg_find started  	[MsgId: MMSG-26355]
Action.c(71): Registering web_reg_find was successful  	[MsgId: MMSG-26390]
Action.c(73): web_custom_request("login.pl") started  	[MsgId: MMSG-26355]
Action.c(73): Error -27721: Step download timeout (120 seconds) has expired when downloading resource "http://localhost:1080/cgi-bin/login.pl"  	[MsgId: MERR-27721]
End auto log messages stack.	[MsgId: MMSG-10544]


Start auto log messages stack - Iteration 52.	[MsgId: MMSG-10545]
Action.c(73): Aborting pending download of URL="http://localhost:1080/cgi-bin/login.pl" (RelFrameId=1, Internal ID=666)  	[MsgId: MMSG-27649]
Action.c(73): Error -26366: "Text=User password was correct" not found for web_reg_find  	[MsgId: MERR-26366]
Action.c(73): Error -26374: The above "not found" error(s) may be explained by header and body byte counts being 0 and 0, respectively.  	[MsgId: MERR-26374]
End auto log messages stack.	[MsgId: MMSG-10544]


Start auto log messages stack - Iteration 52.	[MsgId: MMSG-10545]
Action.c(157): web_add_auto_header("Origin") started  	[MsgId: MMSG-26355]
Action.c(157): web_add_auto_header("Origin") was successful  	[MsgId: MMSG-26392]
Action.c(161): web_reg_find started  	[MsgId: MMSG-26355]
Action.c(161): Registering web_reg_find was successful  	[MsgId: MMSG-26390]
Action.c(166): web_reg_save_param started  	[MsgId: MMSG-26355]
Action.c(166): Registering web_reg_save_param was successful  	[MsgId: MMSG-26390]
Action.c(172): web_reg_save_param started  	[MsgId: MMSG-26355]
Action.c(172): Registering web_reg_save_param was successful  	[MsgId: MMSG-26390]
Action.c(186): web_custom_request("reservations.pl_2") started  	[MsgId: MMSG-26355]
Action.c(186): Error -27721: Step download timeout (120 seconds) has expired when downloading resource "http://localhost:1080/cgi-bin/reservations.pl"  	[MsgId: MERR-27721]
End auto log messages stack.	[MsgId: MMSG-10544]


Start auto log messages stack - Iteration 52.	[MsgId: MMSG-10545]
Action.c(186): Aborting pending download of URL="http://localhost:1080/cgi-bin/reservations.pl" (RelFrameId=1, Internal ID=672)  	[MsgId: MMSG-27649]
Action.c(186): Error -26366: "Text= from <B>Denver</B> to <B>Los Angeles</B>" not found for web_reg_find  	[MsgId: MERR-26366]
Action.c(186): Error -26377: No match found for the requested parameter "outboundFlight". Either the specified boundaries were not found in the response or the matched text is longer than current max html parameter size of 256 bytes. The total length of the response is 0 bytes. You can use "web_set_max_html_param_len" to increase the max parameter size.  	[MsgId: MERR-26377]
Action.c(186): Error -26377: No match found for the requested parameter "outboundFlight". Either the specified boundaries were not found in the response or the matched text is longer than current max html parameter size of 256 bytes. The total length of the response is 0 bytes. You can use "web_set_max_html_param_len" to increase the max parameter size.  	[MsgId: MERR-26377]
Action.c(186): Error -26374: The above "not found" error(s) may be explained by header and body byte counts being 0 and 0, respectively.  	[MsgId: MERR-26374]
End auto log messages stack.	[MsgId: MMSG-10544]


Start auto log messages stack - Iteration 9.	[MsgId: MMSG-10545]
Action.c(207): Think time - Waiting 5,00 seconds (according to limit).	[MsgId: MMSG-15946]
Action.c(207): lr_think_time: 5,00 seconds (recorded think time was 18,00 seconds).	[MsgId: MMSG-15947]
Action.c(209): Notify: Transaction "choice_flight" started.	[MsgId: MMSG-16999]
Action.c(213): web_custom_request("reservations.pl_3") started  	[MsgId: MMSG-26355]
Action.c(213): web_custom_request("reservations.pl_3") was successful, 2756 body bytes, 255 header bytes, 12 chunking overhead bytes  	[MsgId: MMSG-26385]
Action.c(224): Notify: Transaction "choice_flight" ended with a "Pass" status (Duration: 0,0495).	[MsgId: MMSG-16873]
Action.c(226): Think time - Waiting 5,00 seconds (according to limit).	[MsgId: MMSG-15946]
Action.c(226): lr_think_time: 5,00 seconds (recorded think time was 42,00 seconds).	[MsgId: MMSG-15947]
Action.c(228): Notify: Transaction "payment" started.	[MsgId: MMSG-16999]
Action.c(230): web_reg_find started  	[MsgId: MMSG-26355]
Action.c(230): Registering web_reg_find was successful  	[MsgId: MMSG-26390]
Action.c(233): web_custom_request("reservations.pl_4") started  	[MsgId: MMSG-26355]
Action.c(233): Error -27721: Step download timeout (120 seconds) has expired when downloading resource "http://localhost:1080/cgi-bin/reservations.pl"  	[MsgId: MERR-27721]
End auto log messages stack.	[MsgId: MMSG-10544]


Start auto log messages stack - Iteration 9.	[MsgId: MMSG-10545]
Action.c(233): Aborting pending download of URL="http://localhost:1080/cgi-bin/reservations.pl" (RelFrameId=1, Internal ID=115)  	[MsgId: MMSG-27649]
Action.c(233): Error -26366: "Text= from Portland to Paris" not found for web_reg_find  	[MsgId: MERR-26366]
Action.c(233): Error -26374: The above "not found" error(s) may be explained by header and body byte counts being 0 and 0, respectively.  	[MsgId: MERR-26374]
End auto log messages stack.	[MsgId: MMSG-10544]


