Start auto log messages stack - Iteration 53.	[MsgId: MMSG-10545]
Action.c(172): 111	[MsgId: MMSG-17999]
Action.c(173): 111	[MsgId: MMSG-17999]
Action.c(193): Message id [-17999] was not saved - Auto Log cache is too small to contain the message.	[MsgId: MMSG-10547]
Action.c(194): Message id [-17999] was not saved - Auto Log cache is too small to contain the message.	[MsgId: MMSG-10547]
Action.c(198): Message id [-17999] was not saved - Auto Log cache is too small to contain the message.	[MsgId: MMSG-10547]
Action.c(201): Notify: Transaction "itinerary" ended with a "Pass" status (Duration: 0,3542 Wasted Time: 0,0010).	[MsgId: MMSG-16871]
Action.c(203): Notify: Transaction "delete" started.	[MsgId: MMSG-16999]
Action.c(205): web_add_header("Origin") started  	[MsgId: MMSG-26355]
Action.c(205): web_add_header("Origin") was successful  	[MsgId: MMSG-26392]
Action.c(208): Think time - Waiting 5,00 seconds (according to limit).	[MsgId: MMSG-15946]
Action.c(208): lr_think_time: 5,00 seconds (recorded think time was 55,00 seconds).	[MsgId: MMSG-15947]
Action.c(211): web_reg_find started  	[MsgId: MMSG-26355]
Action.c(211): Registering web_reg_find was successful  	[MsgId: MMSG-26390]
Action.c(218): web_custom_request("itinerary.pl_2") started  	[MsgId: MMSG-26355]
Action.c(218): Error -26368: "Text=2514774148-7847-CS" found for web_reg_find (count=1)  	[MsgId: MERR-26368]
End auto log messages stack.	[MsgId: MMSG-10544]


Start auto log messages stack - Iteration 9.	[MsgId: MMSG-10545]
Action.c(172): 101	[MsgId: MMSG-17999]
Action.c(173): 101	[MsgId: MMSG-17999]
Action.c(193): Message id [-17999] was not saved - Auto Log cache is too small to contain the message.	[MsgId: MMSG-10547]
Action.c(194): Message id [-17999] was not saved - Auto Log cache is too small to contain the message.	[MsgId: MMSG-10547]
Action.c(198): Message id [-17999] was not saved - Auto Log cache is too small to contain the message.	[MsgId: MMSG-10547]
Action.c(201): Notify: Transaction "itinerary" ended with a "Pass" status (Duration: 0,4094 Wasted Time: 0,0010).	[MsgId: MMSG-16871]
Action.c(203): Notify: Transaction "delete" started.	[MsgId: MMSG-16999]
Action.c(205): web_add_header("Origin") started  	[MsgId: MMSG-26355]
Action.c(205): web_add_header("Origin") was successful  	[MsgId: MMSG-26392]
Action.c(208): Think time - Waiting 5,00 seconds (according to limit).	[MsgId: MMSG-15946]
Action.c(208): lr_think_time: 5,00 seconds (recorded think time was 55,00 seconds).	[MsgId: MMSG-15947]
Action.c(211): web_reg_find started  	[MsgId: MMSG-26355]
Action.c(211): Registering web_reg_find was successful  	[MsgId: MMSG-26390]
Action.c(218): web_custom_request("itinerary.pl_2") started  	[MsgId: MMSG-26355]
Action.c(218): Error -26368: "Text=128020023-817-JH" found for web_reg_find (count=1)  	[MsgId: MERR-26368]
End auto log messages stack.	[MsgId: MMSG-10544]


Start auto log messages stack - Iteration 87.	[MsgId: MMSG-10545]
Action.c(172): 100	[MsgId: MMSG-17999]
Action.c(173): 100	[MsgId: MMSG-17999]
Action.c(193): Message id [-17999] was not saved - Auto Log cache is too small to contain the message.	[MsgId: MMSG-10547]
Action.c(194): Message id [-17999] was not saved - Auto Log cache is too small to contain the message.	[MsgId: MMSG-10547]
Action.c(198): Message id [-17999] was not saved - Auto Log cache is too small to contain the message.	[MsgId: MMSG-10547]
Action.c(201): Notify: Transaction "itinerary" ended with a "Pass" status (Duration: 0,3365 Wasted Time: 0,0012).	[MsgId: MMSG-16871]
Action.c(203): Notify: Transaction "delete" started.	[MsgId: MMSG-16999]
Action.c(205): web_add_header("Origin") started  	[MsgId: MMSG-26355]
Action.c(205): web_add_header("Origin") was successful  	[MsgId: MMSG-26392]
Action.c(208): Think time - Waiting 5,00 seconds (according to limit).	[MsgId: MMSG-15946]
Action.c(208): lr_think_time: 5,00 seconds (recorded think time was 55,00 seconds).	[MsgId: MMSG-15947]
Action.c(211): web_reg_find started  	[MsgId: MMSG-26355]
Action.c(211): Registering web_reg_find was successful  	[MsgId: MMSG-26390]
Action.c(218): web_custom_request("itinerary.pl_2") started  	[MsgId: MMSG-26355]
Action.c(218): Error -26368: "Text=3338107481-7847-ST" found for web_reg_find (count=1)  	[MsgId: MERR-26368]
End auto log messages stack.	[MsgId: MMSG-10544]


Start auto log messages stack - Iteration 38.	[MsgId: MMSG-10545]
Action.c(172): 101	[MsgId: MMSG-17999]
Action.c(173): 101	[MsgId: MMSG-17999]
Action.c(193): Message id [-17999] was not saved - Auto Log cache is too small to contain the message.	[MsgId: MMSG-10547]
Action.c(194): Message id [-17999] was not saved - Auto Log cache is too small to contain the message.	[MsgId: MMSG-10547]
Action.c(198): Message id [-17999] was not saved - Auto Log cache is too small to contain the message.	[MsgId: MMSG-10547]
Action.c(201): Notify: Transaction "itinerary" ended with a "Pass" status (Duration: 0,4103 Wasted Time: 0,0013).	[MsgId: MMSG-16871]
Action.c(203): Notify: Transaction "delete" started.	[MsgId: MMSG-16999]
Action.c(205): web_add_header("Origin") started  	[MsgId: MMSG-26355]
Action.c(205): web_add_header("Origin") was successful  	[MsgId: MMSG-26392]
Action.c(208): Think time - Waiting 5,00 seconds (according to limit).	[MsgId: MMSG-15946]
Action.c(208): lr_think_time: 5,00 seconds (recorded think time was 55,00 seconds).	[MsgId: MMSG-15947]
Action.c(211): web_reg_find started  	[MsgId: MMSG-26355]
Action.c(211): Registering web_reg_find was successful  	[MsgId: MMSG-26390]
Action.c(218): web_custom_request("itinerary.pl_2") started  	[MsgId: MMSG-26355]
Action.c(218): Error -26368: "Text=283482610-805-LJ" found for web_reg_find (count=1)  	[MsgId: MERR-26368]
End auto log messages stack.	[MsgId: MMSG-10544]


Start auto log messages stack - Iteration 97.	[MsgId: MMSG-10545]
Action.c(172): 84	[MsgId: MMSG-17999]
Action.c(173): 84	[MsgId: MMSG-17999]
Action.c(193): Message id [-17999] was not saved - Auto Log cache is too small to contain the message.	[MsgId: MMSG-10547]
Action.c(194): Message id [-17999] was not saved - Auto Log cache is too small to contain the message.	[MsgId: MMSG-10547]
Action.c(198): Message id [-17999] was not saved - Auto Log cache is too small to contain the message.	[MsgId: MMSG-10547]
Action.c(201): Notify: Transaction "itinerary" ended with a "Pass" status (Duration: 0,3293 Wasted Time: 0,0006).	[MsgId: MMSG-16871]
Action.c(203): Notify: Transaction "delete" started.	[MsgId: MMSG-16999]
Action.c(205): web_add_header("Origin") started  	[MsgId: MMSG-26355]
Action.c(205): web_add_header("Origin") was successful  	[MsgId: MMSG-26392]
Action.c(208): Think time - Waiting 5,00 seconds (according to limit).	[MsgId: MMSG-15946]
Action.c(208): lr_think_time: 5,00 seconds (recorded think time was 55,00 seconds).	[MsgId: MMSG-15947]
Action.c(211): web_reg_find started  	[MsgId: MMSG-26355]
Action.c(211): Registering web_reg_find was successful  	[MsgId: MMSG-26390]
Action.c(218): web_custom_request("itinerary.pl_2") started  	[MsgId: MMSG-26355]
Action.c(218): Error -26368: "Text=4583709-781-DL" found for web_reg_find (count=1)  	[MsgId: MERR-26368]
End auto log messages stack.	[MsgId: MMSG-10544]


Start auto log messages stack - Iteration 50.	[MsgId: MMSG-10545]
Action.c(172): 94	[MsgId: MMSG-17999]
Action.c(173): 94	[MsgId: MMSG-17999]
Action.c(193): Message id [-17999] was not saved - Auto Log cache is too small to contain the message.	[MsgId: MMSG-10547]
Action.c(194): Message id [-17999] was not saved - Auto Log cache is too small to contain the message.	[MsgId: MMSG-10547]
Action.c(198): Message id [-17999] was not saved - Auto Log cache is too small to contain the message.	[MsgId: MMSG-10547]
Action.c(201): Notify: Transaction "itinerary" ended with a "Pass" status (Duration: 0,4658 Wasted Time: 0,0012).	[MsgId: MMSG-16871]
Action.c(203): Notify: Transaction "delete" started.	[MsgId: MMSG-16999]
Action.c(205): web_add_header("Origin") started  	[MsgId: MMSG-26355]
Action.c(205): web_add_header("Origin") was successful  	[MsgId: MMSG-26392]
Action.c(208): Think time - Waiting 5,00 seconds (according to limit).	[MsgId: MMSG-15946]
Action.c(208): lr_think_time: 5,00 seconds (recorded think time was 55,00 seconds).	[MsgId: MMSG-15947]
Action.c(211): web_reg_find started  	[MsgId: MMSG-26355]
Action.c(211): Registering web_reg_find was successful  	[MsgId: MMSG-26390]
Action.c(218): web_custom_request("itinerary.pl_2") started  	[MsgId: MMSG-26355]
Action.c(218): Error -26368: "Text=210304092-807-BD" found for web_reg_find (count=1)  	[MsgId: MERR-26368]
End auto log messages stack.	[MsgId: MMSG-10544]


Start auto log messages stack - Iteration 103.	[MsgId: MMSG-10545]
Action.c(172): 111	[MsgId: MMSG-17999]
Action.c(173): 111	[MsgId: MMSG-17999]
Action.c(193): Message id [-17999] was not saved - Auto Log cache is too small to contain the message.	[MsgId: MMSG-10547]
Action.c(194): Message id [-17999] was not saved - Auto Log cache is too small to contain the message.	[MsgId: MMSG-10547]
Action.c(198): Message id [-17999] was not saved - Auto Log cache is too small to contain the message.	[MsgId: MMSG-10547]
Action.c(201): Notify: Transaction "itinerary" ended with a "Pass" status (Duration: 0,3506 Wasted Time: 0,0008).	[MsgId: MMSG-16871]
Action.c(203): Notify: Transaction "delete" started.	[MsgId: MMSG-16999]
Action.c(205): web_add_header("Origin") started  	[MsgId: MMSG-26355]
Action.c(205): web_add_header("Origin") was successful  	[MsgId: MMSG-26392]
Action.c(208): Think time - Waiting 5,00 seconds (according to limit).	[MsgId: MMSG-15946]
Action.c(208): lr_think_time: 5,00 seconds (recorded think time was 55,00 seconds).	[MsgId: MMSG-15947]
Action.c(211): web_reg_find started  	[MsgId: MMSG-26355]
Action.c(211): Registering web_reg_find was successful  	[MsgId: MMSG-26390]
Action.c(218): web_custom_request("itinerary.pl_2") started  	[MsgId: MMSG-26355]
Action.c(218): Error -26368: "Text=1691844484-7774-BB" found for web_reg_find (count=1)  	[MsgId: MERR-26368]
End auto log messages stack.	[MsgId: MMSG-10544]


Start auto log messages stack - Iteration 106.	[MsgId: MMSG-10545]
Action.c(172): 101	[MsgId: MMSG-17999]
Action.c(173): 101	[MsgId: MMSG-17999]
Action.c(193): Message id [-17999] was not saved - Auto Log cache is too small to contain the message.	[MsgId: MMSG-10547]
Action.c(194): Message id [-17999] was not saved - Auto Log cache is too small to contain the message.	[MsgId: MMSG-10547]
Action.c(198): Message id [-17999] was not saved - Auto Log cache is too small to contain the message.	[MsgId: MMSG-10547]
Action.c(201): Notify: Transaction "itinerary" ended with a "Pass" status (Duration: 0,4487 Wasted Time: 0,0015).	[MsgId: MMSG-16871]
Action.c(203): Notify: Transaction "delete" started.	[MsgId: MMSG-16999]
Action.c(205): web_add_header("Origin") started  	[MsgId: MMSG-26355]
Action.c(205): web_add_header("Origin") was successful  	[MsgId: MMSG-26392]
Action.c(208): Think time - Waiting 5,00 seconds (according to limit).	[MsgId: MMSG-15946]
Action.c(208): lr_think_time: 5,00 seconds (recorded think time was 55,00 seconds).	[MsgId: MMSG-15947]
Action.c(211): web_reg_find started  	[MsgId: MMSG-26355]
Action.c(211): Registering web_reg_find was successful  	[MsgId: MMSG-26390]
Action.c(218): web_custom_request("itinerary.pl_2") started  	[MsgId: MMSG-26355]
Action.c(218): Error -26368: "Text=2834981524-7781-LJ" found for web_reg_find (count=1)  	[MsgId: MERR-26368]
End auto log messages stack.	[MsgId: MMSG-10544]


Start auto log messages stack - Iteration 57.	[MsgId: MMSG-10545]
Action.c(172): 119	[MsgId: MMSG-17999]
Action.c(173): 119	[MsgId: MMSG-17999]
Action.c(193): Message id [-17999] was not saved - Auto Log cache is too small to contain the message.	[MsgId: MMSG-10547]
Action.c(194): Message id [-17999] was not saved - Auto Log cache is too small to contain the message.	[MsgId: MMSG-10547]
Action.c(198): Message id [-17999] was not saved - Auto Log cache is too small to contain the message.	[MsgId: MMSG-10547]
Action.c(201): Notify: Transaction "itinerary" ended with a "Pass" status (Duration: 0,3065 Wasted Time: 0,0012).	[MsgId: MMSG-16871]
Action.c(203): Notify: Transaction "delete" started.	[MsgId: MMSG-16999]
Action.c(205): web_add_header("Origin") started  	[MsgId: MMSG-26355]
Action.c(205): web_add_header("Origin") was successful  	[MsgId: MMSG-26392]
Action.c(208): Think time - Waiting 5,00 seconds (according to limit).	[MsgId: MMSG-15946]
Action.c(208): lr_think_time: 5,00 seconds (recorded think time was 55,00 seconds).	[MsgId: MMSG-15947]
Action.c(211): web_reg_find started  	[MsgId: MMSG-26355]
Action.c(211): Registering web_reg_find was successful  	[MsgId: MMSG-26390]
Action.c(218): web_custom_request("itinerary.pl_2") started  	[MsgId: MMSG-26355]
Action.c(218): Error -26368: "Text=251472598-781-CS" found for web_reg_find (count=1)  	[MsgId: MERR-26368]
End auto log messages stack.	[MsgId: MMSG-10544]


Start auto log messages stack - Iteration 108.	[MsgId: MMSG-10545]
Action.c(172): 119	[MsgId: MMSG-17999]
Action.c(173): 119	[MsgId: MMSG-17999]
Action.c(193): Message id [-17999] was not saved - Auto Log cache is too small to contain the message.	[MsgId: MMSG-10547]
Action.c(194): Message id [-17999] was not saved - Auto Log cache is too small to contain the message.	[MsgId: MMSG-10547]
Action.c(198): Message id [-17999] was not saved - Auto Log cache is too small to contain the message.	[MsgId: MMSG-10547]
Action.c(201): Notify: Transaction "itinerary" ended with a "Pass" status (Duration: 0,3046 Wasted Time: 0,0013).	[MsgId: MMSG-16871]
Action.c(203): Notify: Transaction "delete" started.	[MsgId: MMSG-16999]
Action.c(205): web_add_header("Origin") started  	[MsgId: MMSG-26355]
Action.c(205): web_add_header("Origin") was successful  	[MsgId: MMSG-26392]
Action.c(208): Think time - Waiting 5,00 seconds (according to limit).	[MsgId: MMSG-15946]
Action.c(208): lr_think_time: 5,00 seconds (recorded think time was 55,00 seconds).	[MsgId: MMSG-15947]
Action.c(211): web_reg_find started  	[MsgId: MMSG-26355]
Action.c(211): Registering web_reg_find was successful  	[MsgId: MMSG-26390]
Action.c(218): web_custom_request("itinerary.pl_2") started  	[MsgId: MMSG-26355]
Action.c(218): Error -26368: "Text=251472598-781-CS" found for web_reg_find (count=1)  	[MsgId: MERR-26368]
End auto log messages stack.	[MsgId: MMSG-10544]


Start auto log messages stack - Iteration 62.	[MsgId: MMSG-10545]
Action.c(172): 120	[MsgId: MMSG-17999]
Action.c(173): 120	[MsgId: MMSG-17999]
Action.c(193): Message id [-17999] was not saved - Auto Log cache is too small to contain the message.	[MsgId: MMSG-10547]
Action.c(194): Message id [-17999] was not saved - Auto Log cache is too small to contain the message.	[MsgId: MMSG-10547]
Action.c(198): Message id [-17999] was not saved - Auto Log cache is too small to contain the message.	[MsgId: MMSG-10547]
Action.c(201): Notify: Transaction "itinerary" ended with a "Pass" status (Duration: 0,4595 Wasted Time: 0,0012).	[MsgId: MMSG-16871]
Action.c(203): Notify: Transaction "delete" started.	[MsgId: MMSG-16999]
Action.c(205): web_add_header("Origin") started  	[MsgId: MMSG-26355]
Action.c(205): web_add_header("Origin") was successful  	[MsgId: MMSG-26392]
Action.c(208): Think time - Waiting 5,00 seconds (according to limit).	[MsgId: MMSG-15946]
Action.c(208): lr_think_time: 5,00 seconds (recorded think time was 55,00 seconds).	[MsgId: MMSG-15947]
Action.c(211): web_reg_find started  	[MsgId: MMSG-26355]
Action.c(211): Registering web_reg_find was successful  	[MsgId: MMSG-26390]
Action.c(218): web_custom_request("itinerary.pl_2") started  	[MsgId: MMSG-26355]
Action.c(218): Error -26368: "Text=251452240-807-CS" found for web_reg_find (count=1)  	[MsgId: MERR-26368]
End auto log messages stack.	[MsgId: MMSG-10544]


Start auto log messages stack - Iteration 113.	[MsgId: MMSG-10545]
Action.c(172): 120	[MsgId: MMSG-17999]
Action.c(173): 120	[MsgId: MMSG-17999]
Action.c(193): Message id [-17999] was not saved - Auto Log cache is too small to contain the message.	[MsgId: MMSG-10547]
Action.c(194): Message id [-17999] was not saved - Auto Log cache is too small to contain the message.	[MsgId: MMSG-10547]
Action.c(198): Message id [-17999] was not saved - Auto Log cache is too small to contain the message.	[MsgId: MMSG-10547]
Action.c(201): Notify: Transaction "itinerary" ended with a "Pass" status (Duration: 0,4530 Wasted Time: 0,0014).	[MsgId: MMSG-16871]
Action.c(203): Notify: Transaction "delete" started.	[MsgId: MMSG-16999]
Action.c(205): web_add_header("Origin") started  	[MsgId: MMSG-26355]
Action.c(205): web_add_header("Origin") was successful  	[MsgId: MMSG-26392]
Action.c(208): Think time - Waiting 5,00 seconds (according to limit).	[MsgId: MMSG-15946]
Action.c(208): lr_think_time: 5,00 seconds (recorded think time was 55,00 seconds).	[MsgId: MMSG-15947]
Action.c(211): web_reg_find started  	[MsgId: MMSG-26355]
Action.c(211): Registering web_reg_find was successful  	[MsgId: MMSG-26390]
Action.c(218): web_custom_request("itinerary.pl_2") started  	[MsgId: MMSG-26355]
Action.c(218): Error -26368: "Text=251452240-807-CS" found for web_reg_find (count=1)  	[MsgId: MERR-26368]
End auto log messages stack.	[MsgId: MMSG-10544]


Start auto log messages stack - Iteration 65.	[MsgId: MMSG-10545]
Action.c(172): 84	[MsgId: MMSG-17999]
Action.c(173): 84	[MsgId: MMSG-17999]
Action.c(193): Message id [-17999] was not saved - Auto Log cache is too small to contain the message.	[MsgId: MMSG-10547]
Action.c(194): Message id [-17999] was not saved - Auto Log cache is too small to contain the message.	[MsgId: MMSG-10547]
Action.c(198): Message id [-17999] was not saved - Auto Log cache is too small to contain the message.	[MsgId: MMSG-10547]
Action.c(201): Notify: Transaction "itinerary" ended with a "Pass" status (Duration: 0,3914 Wasted Time: 0,0008).	[MsgId: MMSG-16871]
Action.c(203): Notify: Transaction "delete" started.	[MsgId: MMSG-16999]
Action.c(205): web_add_header("Origin") started  	[MsgId: MMSG-26355]
Action.c(205): web_add_header("Origin") was successful  	[MsgId: MMSG-26392]
Action.c(208): Think time - Waiting 5,00 seconds (according to limit).	[MsgId: MMSG-15946]
Action.c(208): lr_think_time: 5,00 seconds (recorded think time was 55,00 seconds).	[MsgId: MMSG-15947]
Action.c(211): web_reg_find started  	[MsgId: MMSG-26355]
Action.c(211): Registering web_reg_find was successful  	[MsgId: MMSG-26390]
Action.c(218): web_custom_request("itinerary.pl_2") started  	[MsgId: MMSG-26355]
Action.c(218): Error -26368: "Text=4556675-788-DL" found for web_reg_find (count=1)  	[MsgId: MERR-26368]
End auto log messages stack.	[MsgId: MMSG-10544]


Start auto log messages stack - Iteration 66.	[MsgId: MMSG-10545]
Action.c(172): 84	[MsgId: MMSG-17999]
Action.c(173): 84	[MsgId: MMSG-17999]
Action.c(193): Message id [-17999] was not saved - Auto Log cache is too small to contain the message.	[MsgId: MMSG-10547]
Action.c(194): Message id [-17999] was not saved - Auto Log cache is too small to contain the message.	[MsgId: MMSG-10547]
Action.c(198): Message id [-17999] was not saved - Auto Log cache is too small to contain the message.	[MsgId: MMSG-10547]
Action.c(201): Notify: Transaction "itinerary" ended with a "Pass" status (Duration: 0,3996 Wasted Time: 0,0008).	[MsgId: MMSG-16871]
Action.c(203): Notify: Transaction "delete" started.	[MsgId: MMSG-16999]
Action.c(205): web_add_header("Origin") started  	[MsgId: MMSG-26355]
Action.c(205): web_add_header("Origin") was successful  	[MsgId: MMSG-26392]
Action.c(208): Think time - Waiting 5,00 seconds (according to limit).	[MsgId: MMSG-15946]
Action.c(208): lr_think_time: 5,00 seconds (recorded think time was 55,00 seconds).	[MsgId: MMSG-15947]
Action.c(211): web_reg_find started  	[MsgId: MMSG-26355]
Action.c(211): Registering web_reg_find was successful  	[MsgId: MMSG-26390]
Action.c(218): web_custom_request("itinerary.pl_2") started  	[MsgId: MMSG-26355]
Action.c(218): Error -26368: "Text=4556675-788-DL" found for web_reg_find (count=1)  	[MsgId: MERR-26368]
End auto log messages stack.	[MsgId: MMSG-10544]


Start auto log messages stack - Iteration 122.	[MsgId: MMSG-10545]
Action.c(172): 104	[MsgId: MMSG-17999]
Action.c(173): 104	[MsgId: MMSG-17999]
Action.c(193): Message id [-17999] was not saved - Auto Log cache is too small to contain the message.	[MsgId: MMSG-10547]
Action.c(194): Message id [-17999] was not saved - Auto Log cache is too small to contain the message.	[MsgId: MMSG-10547]
Action.c(198): Message id [-17999] was not saved - Auto Log cache is too small to contain the message.	[MsgId: MMSG-10547]
Action.c(201): Notify: Transaction "itinerary" ended with a "Pass" status (Duration: 0,3458 Wasted Time: 0,0008).	[MsgId: MMSG-16871]
Action.c(203): Notify: Transaction "delete" started.	[MsgId: MMSG-16999]
Action.c(205): web_add_header("Origin") started  	[MsgId: MMSG-26355]
Action.c(205): web_add_header("Origin") was successful  	[MsgId: MMSG-26392]
Action.c(208): Think time - Waiting 5,00 seconds (according to limit).	[MsgId: MMSG-15946]
Action.c(208): lr_think_time: 5,00 seconds (recorded think time was 55,00 seconds).	[MsgId: MMSG-15947]
Action.c(211): web_reg_find started  	[MsgId: MMSG-26355]
Action.c(211): Registering web_reg_find was successful  	[MsgId: MMSG-26390]
Action.c(218): web_custom_request("itinerary.pl_2") started  	[MsgId: MMSG-26355]
Action.c(218): Error -26368: "Text=333802598-781-ST" found for web_reg_find (count=1)  	[MsgId: MERR-26368]
End auto log messages stack.	[MsgId: MMSG-10544]


Start auto log messages stack - Iteration 71.	[MsgId: MMSG-10545]
Action.c(172): 104	[MsgId: MMSG-17999]
Action.c(173): 104	[MsgId: MMSG-17999]
Action.c(193): Message id [-17999] was not saved - Auto Log cache is too small to contain the message.	[MsgId: MMSG-10547]
Action.c(194): Message id [-17999] was not saved - Auto Log cache is too small to contain the message.	[MsgId: MMSG-10547]
Action.c(198): Message id [-17999] was not saved - Auto Log cache is too small to contain the message.	[MsgId: MMSG-10547]
Action.c(201): Notify: Transaction "itinerary" ended with a "Pass" status (Duration: 0,3479 Wasted Time: 0,0009).	[MsgId: MMSG-16871]
Action.c(203): Notify: Transaction "delete" started.	[MsgId: MMSG-16999]
Action.c(205): web_add_header("Origin") started  	[MsgId: MMSG-26355]
Action.c(205): web_add_header("Origin") was successful  	[MsgId: MMSG-26392]
Action.c(208): Think time - Waiting 5,00 seconds (according to limit).	[MsgId: MMSG-15946]
Action.c(208): lr_think_time: 5,00 seconds (recorded think time was 55,00 seconds).	[MsgId: MMSG-15947]
Action.c(211): web_reg_find started  	[MsgId: MMSG-26355]
Action.c(211): Registering web_reg_find was successful  	[MsgId: MMSG-26390]
Action.c(218): web_custom_request("itinerary.pl_2") started  	[MsgId: MMSG-26355]
Action.c(218): Error -26368: "Text=333802598-781-ST" found for web_reg_find (count=1)  	[MsgId: MERR-26368]
End auto log messages stack.	[MsgId: MMSG-10544]


Start auto log messages stack - Iteration 73.	[MsgId: MMSG-10545]
Action.c(172): 154	[MsgId: MMSG-17999]
Action.c(173): 154	[MsgId: MMSG-17999]
Action.c(193): Message id [-17999] was not saved - Auto Log cache is too small to contain the message.	[MsgId: MMSG-10547]
Action.c(194): Message id [-17999] was not saved - Auto Log cache is too small to contain the message.	[MsgId: MMSG-10547]
Action.c(198): Message id [-17999] was not saved - Auto Log cache is too small to contain the message.	[MsgId: MMSG-10547]
Action.c(201): Notify: Transaction "itinerary" ended with a "Pass" status (Duration: 0,4066 Wasted Time: 0,0015).	[MsgId: MMSG-16871]
Action.c(203): Notify: Transaction "delete" started.	[MsgId: MMSG-16999]
Action.c(205): web_add_header("Origin") started  	[MsgId: MMSG-26355]
Action.c(205): web_add_header("Origin") was successful  	[MsgId: MMSG-26392]
Action.c(208): Think time - Waiting 5,00 seconds (according to limit).	[MsgId: MMSG-15946]
Action.c(208): lr_think_time: 5,00 seconds (recorded think time was 55,00 seconds).	[MsgId: MMSG-15947]
Action.c(211): web_reg_find started  	[MsgId: MMSG-26355]
Action.c(211): Registering web_reg_find was successful  	[MsgId: MMSG-26390]
Action.c(218): web_custom_request("itinerary.pl_2") started  	[MsgId: MMSG-26355]
Action.c(218): Error -26368: "Text=3297029704-7847-BI" found for web_reg_find (count=1)  	[MsgId: MERR-26368]
End auto log messages stack.	[MsgId: MMSG-10544]


Start auto log messages stack - Iteration 124.	[MsgId: MMSG-10545]
Action.c(172): 97	[MsgId: MMSG-17999]
Action.c(173): 97	[MsgId: MMSG-17999]
Action.c(193): Message id [-17999] was not saved - Auto Log cache is too small to contain the message.	[MsgId: MMSG-10547]
Action.c(194): Message id [-17999] was not saved - Auto Log cache is too small to contain the message.	[MsgId: MMSG-10547]
Action.c(198): Message id [-17999] was not saved - Auto Log cache is too small to contain the message.	[MsgId: MMSG-10547]
Action.c(201): Notify: Transaction "itinerary" ended with a "Pass" status (Duration: 0,3601 Wasted Time: 0,0008).	[MsgId: MMSG-16871]
Action.c(203): Notify: Transaction "delete" started.	[MsgId: MMSG-16999]
Action.c(205): web_add_header("Origin") started  	[MsgId: MMSG-26355]
Action.c(205): web_add_header("Origin") was successful  	[MsgId: MMSG-26392]
Action.c(208): Think time - Waiting 5,00 seconds (according to limit).	[MsgId: MMSG-15946]
Action.c(208): lr_think_time: 5,00 seconds (recorded think time was 55,00 seconds).	[MsgId: MMSG-15947]
Action.c(211): web_reg_find started  	[MsgId: MMSG-26355]
Action.c(211): Registering web_reg_find was successful  	[MsgId: MMSG-26390]
Action.c(218): web_custom_request("itinerary.pl_2") started  	[MsgId: MMSG-26355]
Action.c(218): Error -26368: "Text=210297416-788-BD" found for web_reg_find (count=1)  	[MsgId: MERR-26368]
End auto log messages stack.	[MsgId: MMSG-10544]


Start auto log messages stack - Iteration 76.	[MsgId: MMSG-10545]
Action.c(172): 123	[MsgId: MMSG-17999]
Action.c(173): 123	[MsgId: MMSG-17999]
Action.c(193): Message id [-17999] was not saved - Auto Log cache is too small to contain the message.	[MsgId: MMSG-10547]
Action.c(194): Message id [-17999] was not saved - Auto Log cache is too small to contain the message.	[MsgId: MMSG-10547]
Action.c(198): Message id [-17999] was not saved - Auto Log cache is too small to contain the message.	[MsgId: MMSG-10547]
Action.c(201): Notify: Transaction "itinerary" ended with a "Pass" status (Duration: 0,4847 Wasted Time: 0,0022).	[MsgId: MMSG-16871]
Action.c(203): Notify: Transaction "delete" started.	[MsgId: MMSG-16999]
Action.c(205): web_add_header("Origin") started  	[MsgId: MMSG-26355]
Action.c(205): web_add_header("Origin") was successful  	[MsgId: MMSG-26392]
Action.c(208): Think time - Waiting 5,00 seconds (according to limit).	[MsgId: MMSG-15946]
Action.c(208): lr_think_time: 5,00 seconds (recorded think time was 55,00 seconds).	[MsgId: MMSG-15947]
Start auto log messages stack - Iteration 127.	[MsgId: MMSG-10545]
Action.c(211): web_reg_find started  	[MsgId: MMSG-26355]
Action.c(211): Registering web_reg_find was successful  	[MsgId: MMSG-26390]
Action.c(172): 123	[MsgId: MMSG-17999]
Action.c(218): web_custom_request("itinerary.pl_2") started  	[MsgId: MMSG-26355]
Action.c(173): 123	[MsgId: MMSG-17999]
Action.c(218): Error -26368: "Text=251455573-805-CS" found for web_reg_find (count=1)  	[MsgId: MERR-26368]
Action.c(193): Message id [-17999] was not saved - Auto Log cache is too small to contain the message.	[MsgId: MMSG-10547]
Action.c(194): Message id [-17999] was not saved - Auto Log cache is too small to contain the message.	[MsgId: MMSG-10547]
End auto log messages stack.	[MsgId: MMSG-10544]
Action.c(198): Message id [-17999] was not saved - Auto Log cache is too small to contain the message.	[MsgId: MMSG-10547]


Action.c(201): Notify: Transaction "itinerary" ended with a "Pass" status (Duration: 0,4831 Wasted Time: 0,0028).	[MsgId: MMSG-16871]
Action.c(203): Notify: Transaction "delete" started.	[MsgId: MMSG-16999]
Action.c(205): web_add_header("Origin") started  	[MsgId: MMSG-26355]
Action.c(205): web_add_header("Origin") was successful  	[MsgId: MMSG-26392]
Action.c(208): Think time - Waiting 5,00 seconds (according to limit).	[MsgId: MMSG-15946]
Action.c(208): lr_think_time: 5,00 seconds (recorded think time was 55,00 seconds).	[MsgId: MMSG-15947]
Action.c(211): web_reg_find started  	[MsgId: MMSG-26355]
Action.c(211): Registering web_reg_find was successful  	[MsgId: MMSG-26390]
Action.c(218): web_custom_request("itinerary.pl_2") started  	[MsgId: MMSG-26355]
Action.c(218): Error -26368: "Text=251455573-805-CS" found for web_reg_find (count=1)  	[MsgId: MERR-26368]
End auto log messages stack.	[MsgId: MMSG-10544]


Start auto log messages stack - Iteration 131.	[MsgId: MMSG-10545]
Action.c(172): 122	[MsgId: MMSG-17999]
Action.c(173): 122	[MsgId: MMSG-17999]
Action.c(193): Message id [-17999] was not saved - Auto Log cache is too small to contain the message.	[MsgId: MMSG-10547]
Action.c(194): Message id [-17999] was not saved - Auto Log cache is too small to contain the message.	[MsgId: MMSG-10547]
Action.c(198): Message id [-17999] was not saved - Auto Log cache is too small to contain the message.	[MsgId: MMSG-10547]
Action.c(201): Notify: Transaction "itinerary" ended with a "Pass" status (Duration: 0,3514 Wasted Time: 0,0018).	[MsgId: MMSG-16871]
Action.c(203): Notify: Transaction "delete" started.	[MsgId: MMSG-16999]
Action.c(205): web_add_header("Origin") started  	[MsgId: MMSG-26355]
Action.c(205): web_add_header("Origin") was successful  	[MsgId: MMSG-26392]
Action.c(208): Think time - Waiting 5,00 seconds (according to limit).	[MsgId: MMSG-15946]
Action.c(208): lr_think_time: 5,00 seconds (recorded think time was 55,00 seconds).	[MsgId: MMSG-15947]
Action.c(211): web_reg_find started  	[MsgId: MMSG-26355]
Action.c(211): Registering web_reg_find was successful  	[MsgId: MMSG-26390]
Action.c(218): web_custom_request("itinerary.pl_2") started  	[MsgId: MMSG-26355]
Action.c(218): Error -26368: "Text=2514611154-7781-CS" found for web_reg_find (count=1)  	[MsgId: MERR-26368]
End auto log messages stack.	[MsgId: MMSG-10544]


Start auto log messages stack - Iteration 81.	[MsgId: MMSG-10545]
Action.c(172): 154	[MsgId: MMSG-17999]
Action.c(173): 154	[MsgId: MMSG-17999]
Action.c(193): Message id [-17999] was not saved - Auto Log cache is too small to contain the message.	[MsgId: MMSG-10547]
Action.c(194): Message id [-17999] was not saved - Auto Log cache is too small to contain the message.	[MsgId: MMSG-10547]
Action.c(198): Message id [-17999] was not saved - Auto Log cache is too small to contain the message.	[MsgId: MMSG-10547]
Action.c(201): Notify: Transaction "itinerary" ended with a "Pass" status (Duration: 0,4872 Wasted Time: 0,0021).	[MsgId: MMSG-16871]
Action.c(203): Notify: Transaction "delete" started.	[MsgId: MMSG-16999]
Action.c(205): web_add_header("Origin") started  	[MsgId: MMSG-26355]
Action.c(205): web_add_header("Origin") was successful  	[MsgId: MMSG-26392]
Action.c(208): Think time - Waiting 5,00 seconds (according to limit).	[MsgId: MMSG-15946]
Action.c(208): lr_think_time: 5,00 seconds (recorded think time was 55,00 seconds).	[MsgId: MMSG-15947]
Action.c(211): web_reg_find started  	[MsgId: MMSG-26355]
Action.c(211): Registering web_reg_find was successful  	[MsgId: MMSG-26390]
Action.c(218): web_custom_request("itinerary.pl_2") started  	[MsgId: MMSG-26355]
Action.c(218): Error -26368: "Text=3296866709-7781-BI" found for web_reg_find (count=1)  	[MsgId: MERR-26368]
End auto log messages stack.	[MsgId: MMSG-10544]


Start auto log messages stack - Iteration 132.	[MsgId: MMSG-10545]
Action.c(172): 154	[MsgId: MMSG-17999]
Action.c(173): 154	[MsgId: MMSG-17999]
Action.c(193): Message id [-17999] was not saved - Auto Log cache is too small to contain the message.	[MsgId: MMSG-10547]
Action.c(194): Message id [-17999] was not saved - Auto Log cache is too small to contain the message.	[MsgId: MMSG-10547]
Action.c(198): Message id [-17999] was not saved - Auto Log cache is too small to contain the message.	[MsgId: MMSG-10547]
Action.c(201): Notify: Transaction "itinerary" ended with a "Pass" status (Duration: 0,4925 Wasted Time: 0,0020).	[MsgId: MMSG-16871]
Action.c(203): Notify: Transaction "delete" started.	[MsgId: MMSG-16999]
Action.c(205): web_add_header("Origin") started  	[MsgId: MMSG-26355]
Action.c(205): web_add_header("Origin") was successful  	[MsgId: MMSG-26392]
Action.c(208): Think time - Waiting 5,00 seconds (according to limit).	[MsgId: MMSG-15946]
Action.c(208): lr_think_time: 5,00 seconds (recorded think time was 55,00 seconds).	[MsgId: MMSG-15947]
Action.c(211): web_reg_find started  	[MsgId: MMSG-26355]
Action.c(211): Registering web_reg_find was successful  	[MsgId: MMSG-26390]
Action.c(218): web_custom_request("itinerary.pl_2") started  	[MsgId: MMSG-26355]
Action.c(218): Error -26368: "Text=3296866709-7781-BI" found for web_reg_find (count=1)  	[MsgId: MERR-26368]
End auto log messages stack.	[MsgId: MMSG-10544]


Start auto log messages stack - Iteration 83.	[MsgId: MMSG-10545]
Action.c(29): web_add_auto_header("Sec-Fetch-Mode") was successful  	[MsgId: MMSG-26392]
Action.c(32): web_add_auto_header("Sec-Fetch-Dest") started  	[MsgId: MMSG-26355]
Action.c(32): web_add_auto_header("Sec-Fetch-Dest") was successful  	[MsgId: MMSG-26392]
Action.c(35): web_custom_request("welcome.pl") started  	[MsgId: MMSG-26355]
Action.c(35): web_custom_request("welcome.pl") was successful, 686 body bytes, 328 header bytes, 12 chunking overhead bytes  	[MsgId: MMSG-26385]
Action.c(44): web_reg_save_param started  	[MsgId: MMSG-26355]
Action.c(44): Registering web_reg_save_param was successful  	[MsgId: MMSG-26390]
Action.c(50): web_custom_request("nav.pl") started  	[MsgId: MMSG-26355]
Action.c(50): Error -26612: HTTP Status-Code=500 (Internal Server Error) for "http://localhost:1080/cgi-bin/nav.pl?in=home"  	[MsgId: MERR-26612]
Action.c(50): Error -26377: No match found for the requested parameter "userSession". Either the specified boundaries were not found in the response or the matched text is longer than current max html parameter size of 256 bytes. The total length of the response is 535 bytes. You can use "web_set_max_html_param_len" to increase the max parameter size.  	[MsgId: MERR-26377]
End auto log messages stack.	[MsgId: MMSG-10544]


Start auto log messages stack - Iteration 42.	[MsgId: MMSG-10545]
Action.c(172): 123	[MsgId: MMSG-17999]
Action.c(173): 123	[MsgId: MMSG-17999]
Action.c(193): Message id [-17999] was not saved - Auto Log cache is too small to contain the message.	[MsgId: MMSG-10547]
Action.c(194): Message id [-17999] was not saved - Auto Log cache is too small to contain the message.	[MsgId: MMSG-10547]
Action.c(198): Message id [-17999] was not saved - Auto Log cache is too small to contain the message.	[MsgId: MMSG-10547]
Action.c(201): Notify: Transaction "itinerary" ended with a "Pass" status (Duration: 0,4826 Wasted Time: 0,0014).	[MsgId: MMSG-16871]
Action.c(203): Notify: Transaction "delete" started.	[MsgId: MMSG-16999]
Action.c(205): web_add_header("Origin") started  	[MsgId: MMSG-26355]
Action.c(205): web_add_header("Origin") was successful  	[MsgId: MMSG-26392]
Action.c(208): Think time - Waiting 5,00 seconds (according to limit).	[MsgId: MMSG-15946]
Action.c(208): lr_think_time: 5,00 seconds (recorded think time was 55,00 seconds).	[MsgId: MMSG-15947]
Action.c(211): web_reg_find started  	[MsgId: MMSG-26355]
Action.c(211): Registering web_reg_find was successful  	[MsgId: MMSG-26390]
Action.c(218): web_custom_request("itinerary.pl_2") started  	[MsgId: MMSG-26355]
Action.c(218): Error -26368: "Text=2514807481-7847-CS" found for web_reg_find (count=1)  	[MsgId: MERR-26368]
End auto log messages stack.	[MsgId: MMSG-10544]


Start auto log messages stack - Iteration 48.	[MsgId: MMSG-10545]
Action.c(172): 161	[MsgId: MMSG-17999]
Action.c(173): 161	[MsgId: MMSG-17999]
Action.c(193): Message id [-17999] was not saved - Auto Log cache is too small to contain the message.	[MsgId: MMSG-10547]
Action.c(194): Message id [-17999] was not saved - Auto Log cache is too small to contain the message.	[MsgId: MMSG-10547]
Action.c(198): Message id [-17999] was not saved - Auto Log cache is too small to contain the message.	[MsgId: MMSG-10547]
Action.c(201): Notify: Transaction "itinerary" ended with a "Pass" status (Duration: 0,4823 Wasted Time: 0,0017).	[MsgId: MMSG-16871]
Action.c(203): Notify: Transaction "delete" started.	[MsgId: MMSG-16999]
Action.c(205): web_add_header("Origin") started  	[MsgId: MMSG-26355]
Action.c(205): web_add_header("Origin") was successful  	[MsgId: MMSG-26392]
Action.c(208): Think time - Waiting 5,00 seconds (according to limit).	[MsgId: MMSG-15946]
Action.c(208): lr_think_time: 5,00 seconds (recorded think time was 55,00 seconds).	[MsgId: MMSG-15947]
Action.c(211): web_reg_find started  	[MsgId: MMSG-26355]
Action.c(211): Registering web_reg_find was successful  	[MsgId: MMSG-26390]
Action.c(218): web_custom_request("itinerary.pl_2") started  	[MsgId: MMSG-26355]
Action.c(218): Error -26368: "Text=3296996370-7847-BI" found for web_reg_find (count=1)  	[MsgId: MERR-26368]
End auto log messages stack.	[MsgId: MMSG-10544]


Start auto log messages stack - Iteration 99.	[MsgId: MMSG-10545]
Action.c(172): 161	[MsgId: MMSG-17999]
Action.c(173): 161	[MsgId: MMSG-17999]
Action.c(193): Message id [-17999] was not saved - Auto Log cache is too small to contain the message.	[MsgId: MMSG-10547]
Action.c(194): Message id [-17999] was not saved - Auto Log cache is too small to contain the message.	[MsgId: MMSG-10547]
Action.c(198): Message id [-17999] was not saved - Auto Log cache is too small to contain the message.	[MsgId: MMSG-10547]
Action.c(201): Notify: Transaction "itinerary" ended with a "Pass" status (Duration: 0,4667 Wasted Time: 0,0017).	[MsgId: MMSG-16871]
Action.c(203): Notify: Transaction "delete" started.	[MsgId: MMSG-16999]
Action.c(205): web_add_header("Origin") started  	[MsgId: MMSG-26355]
Action.c(205): web_add_header("Origin") was successful  	[MsgId: MMSG-26392]
Action.c(208): Think time - Waiting 5,00 seconds (according to limit).	[MsgId: MMSG-15946]
Action.c(208): lr_think_time: 5,00 seconds (recorded think time was 55,00 seconds).	[MsgId: MMSG-15947]
Action.c(211): web_reg_find started  	[MsgId: MMSG-26355]
Action.c(211): Registering web_reg_find was successful  	[MsgId: MMSG-26390]
Action.c(218): web_custom_request("itinerary.pl_2") started  	[MsgId: MMSG-26355]
Action.c(218): Error -26368: "Text=3296996370-7847-BI" found for web_reg_find (count=1)  	[MsgId: MERR-26368]
End auto log messages stack.	[MsgId: MMSG-10544]


Start auto log messages stack - Iteration 154.	[MsgId: MMSG-10545]
Action.c(172): 127	[MsgId: MMSG-17999]
Action.c(173): 127	[MsgId: MMSG-17999]
Action.c(193): Message id [-17999] was not saved - Auto Log cache is too small to contain the message.	[MsgId: MMSG-10547]
Action.c(194): Message id [-17999] was not saved - Auto Log cache is too small to contain the message.	[MsgId: MMSG-10547]
Action.c(198): Message id [-17999] was not saved - Auto Log cache is too small to contain the message.	[MsgId: MMSG-10547]
Action.c(201): Notify: Transaction "itinerary" ended with a "Pass" status (Duration: 0,3437 Wasted Time: 0,0018).	[MsgId: MMSG-16871]
Action.c(203): Notify: Transaction "delete" started.	[MsgId: MMSG-16999]
Action.c(205): web_add_header("Origin") started  	[MsgId: MMSG-26355]
Action.c(205): web_add_header("Origin") was successful  	[MsgId: MMSG-26392]
Action.c(208): Think time - Waiting 5,00 seconds (according to limit).	[MsgId: MMSG-15946]
Action.c(208): lr_think_time: 5,00 seconds (recorded think time was 55,00 seconds).	[MsgId: MMSG-15947]
Action.c(211): web_reg_find started  	[MsgId: MMSG-26355]
Action.c(211): Registering web_reg_find was successful  	[MsgId: MMSG-26390]
Action.c(218): web_custom_request("itinerary.pl_2") started  	[MsgId: MMSG-26355]
Action.c(218): Error -26368: "Text=2514644487-7781-CS" found for web_reg_find (count=1)  	[MsgId: MERR-26368]
End auto log messages stack.	[MsgId: MMSG-10544]


Start auto log messages stack - Iteration 155.	[MsgId: MMSG-10545]
Action.c(172): 135	[MsgId: MMSG-17999]
Action.c(173): 135	[MsgId: MMSG-17999]
Action.c(193): Message id [-17999] was not saved - Auto Log cache is too small to contain the message.	[MsgId: MMSG-10547]
Action.c(194): Message id [-17999] was not saved - Auto Log cache is too small to contain the message.	[MsgId: MMSG-10547]
Action.c(198): Message id [-17999] was not saved - Auto Log cache is too small to contain the message.	[MsgId: MMSG-10547]
Action.c(201): Notify: Transaction "itinerary" ended with a "Pass" status (Duration: 0,5245 Wasted Time: 0,0014).	[MsgId: MMSG-16871]
Action.c(203): Notify: Transaction "delete" started.	[MsgId: MMSG-16999]
Action.c(205): web_add_header("Origin") started  	[MsgId: MMSG-26355]
Action.c(205): web_add_header("Origin") was successful  	[MsgId: MMSG-26392]
Action.c(208): Think time - Waiting 5,00 seconds (according to limit).	[MsgId: MMSG-15946]
Action.c(208): lr_think_time: 5,00 seconds (recorded think time was 55,00 seconds).	[MsgId: MMSG-15947]
Action.c(211): web_reg_find started  	[MsgId: MMSG-26355]
Action.c(211): Registering web_reg_find was successful  	[MsgId: MMSG-26390]
Action.c(218): web_custom_request("itinerary.pl_2") started  	[MsgId: MMSG-26355]
Action.c(218): Error -26368: "Text=292230018-807-BP" found for web_reg_find (count=1)  	[MsgId: MERR-26368]
End auto log messages stack.	[MsgId: MMSG-10544]


Start auto log messages stack - Iteration 105.	[MsgId: MMSG-10545]
Action.c(172): 126	[MsgId: MMSG-17999]
Action.c(173): 126	[MsgId: MMSG-17999]
Action.c(193): Message id [-17999] was not saved - Auto Log cache is too small to contain the message.	[MsgId: MMSG-10547]
Action.c(194): Message id [-17999] was not saved - Auto Log cache is too small to contain the message.	[MsgId: MMSG-10547]
Action.c(198): Message id [-17999] was not saved - Auto Log cache is too small to contain the message.	[MsgId: MMSG-10547]
Action.c(201): Notify: Transaction "itinerary" ended with a "Pass" status (Duration: 0,3871 Wasted Time: 0,0012).	[MsgId: MMSG-16871]
Action.c(203): Notify: Transaction "delete" started.	[MsgId: MMSG-16999]
Action.c(205): web_add_header("Origin") started  	[MsgId: MMSG-26355]
Action.c(205): web_add_header("Origin") was successful  	[MsgId: MMSG-26392]
Action.c(208): Think time - Waiting 5,00 seconds (according to limit).	[MsgId: MMSG-15946]
Action.c(208): lr_think_time: 5,00 seconds (recorded think time was 55,00 seconds).	[MsgId: MMSG-15947]
Action.c(211): web_reg_find started  	[MsgId: MMSG-26355]
Action.c(211): Registering web_reg_find was successful  	[MsgId: MMSG-26390]
Action.c(218): web_custom_request("itinerary.pl_2") started  	[MsgId: MMSG-26355]
Action.c(218): Error -26368: "Text=2514644487-7781-CS" found for web_reg_find (count=1)  	[MsgId: MERR-26368]
End auto log messages stack.	[MsgId: MMSG-10544]


Start auto log messages stack - Iteration 107.	[MsgId: MMSG-10545]
Action.c(110): web_concurrent_end started  	[MsgId: MMSG-26355]
Action.c(110): web_concurrent_end was successful, 2406 body bytes, 484 header bytes, 24 chunking overhead bytes  	[MsgId: MMSG-26385]
Action.c(112): Notify: Transaction "login" ended with a "Pass" status (Duration: 5,2595 Think Time: 5,0032 Wasted Time: 0,0000).	[MsgId: MMSG-16870]
Action.c(114): Think time - Waiting 5,00 seconds (according to limit).	[MsgId: MMSG-15946]
Action.c(114): lr_think_time: 5,00 seconds (recorded think time was 30,00 seconds).	[MsgId: MMSG-15947]
Action.c(116): Notify: Transaction "itinerary" started.	[MsgId: MMSG-16999]
Action.c(118): web_custom_request("Itinerary Button") started  	[MsgId: MMSG-26355]
Action.c(118): web_custom_request("Itinerary Button") was successful, 591 body bytes, 215 header bytes, 12 chunking overhead bytes  	[MsgId: MMSG-26385]
Action.c(130): web_custom_request("nav.pl_3") started  	[MsgId: MMSG-26355]
Action.c(130): Error -26612: HTTP Status-Code=500 (Internal Server Error) for "http://localhost:1080/cgi-bin/nav.pl?page=menu&in=itinerary"  	[MsgId: MERR-26612]
End auto log messages stack.	[MsgId: MMSG-10544]


Start auto log messages stack - Iteration 108.	[MsgId: MMSG-10545]
Action.c(172): 164	[MsgId: MMSG-17999]
Action.c(173): 164	[MsgId: MMSG-17999]
Action.c(193): Message id [-17999] was not saved - Auto Log cache is too small to contain the message.	[MsgId: MMSG-10547]
Action.c(194): Message id [-17999] was not saved - Auto Log cache is too small to contain the message.	[MsgId: MMSG-10547]
Action.c(198): Message id [-17999] was not saved - Auto Log cache is too small to contain the message.	[MsgId: MMSG-10547]
Action.c(201): Notify: Transaction "itinerary" ended with a "Pass" status (Duration: 0,3824 Wasted Time: 0,0023).	[MsgId: MMSG-16871]
Action.c(203): Notify: Transaction "delete" started.	[MsgId: MMSG-16999]
Action.c(205): web_add_header("Origin") started  	[MsgId: MMSG-26355]
Action.c(205): web_add_header("Origin") was successful  	[MsgId: MMSG-26392]
Action.c(208): Think time - Waiting 5,00 seconds (according to limit).	[MsgId: MMSG-15946]
Action.c(208): lr_think_time: 5,00 seconds (recorded think time was 55,00 seconds).	[MsgId: MMSG-15947]
Action.c(211): web_reg_find started  	[MsgId: MMSG-26355]
Action.c(211): Registering web_reg_find was successful  	[MsgId: MMSG-26390]
Action.c(218): web_custom_request("itinerary.pl_2") started  	[MsgId: MMSG-26355]
Action.c(218): Error -26368: "Text=329667795-805-BI" found for web_reg_find (count=1)  	[MsgId: MERR-26368]
End auto log messages stack.	[MsgId: MMSG-10544]


Start auto log messages stack - Iteration 12.	[MsgId: MMSG-10545]
Action.c(172): 141	[MsgId: MMSG-17999]
Action.c(173): 141	[MsgId: MMSG-17999]
Action.c(193): Message id [-17999] was not saved - Auto Log cache is too small to contain the message.	[MsgId: MMSG-10547]
Action.c(194): Message id [-17999] was not saved - Auto Log cache is too small to contain the message.	[MsgId: MMSG-10547]
Action.c(198): Message id [-17999] was not saved - Auto Log cache is too small to contain the message.	[MsgId: MMSG-10547]
Action.c(201): Notify: Transaction "itinerary" ended with a "Pass" status (Duration: 0,3227 Wasted Time: 0,0011).	[MsgId: MMSG-16871]
Action.c(203): Notify: Transaction "delete" started.	[MsgId: MMSG-16999]
Action.c(205): web_add_header("Origin") started  	[MsgId: MMSG-26355]
Action.c(205): web_add_header("Origin") was successful  	[MsgId: MMSG-26392]
Action.c(208): Think time - Waiting 5,00 seconds (according to limit).	[MsgId: MMSG-15946]
Action.c(208): lr_think_time: 5,00 seconds (recorded think time was 55,00 seconds).	[MsgId: MMSG-15947]
Action.c(211): web_reg_find started  	[MsgId: MMSG-26355]
Action.c(211): Registering web_reg_find was successful  	[MsgId: MMSG-26390]
Action.c(218): web_custom_request("itinerary.pl_2") started  	[MsgId: MMSG-26355]
Action.c(218): Error -26368: "Text=2922551891-7774-BP" found for web_reg_find (count=1)  	[MsgId: MERR-26368]
End auto log messages stack.	[MsgId: MMSG-10544]


Start auto log messages stack - Iteration 118.	[MsgId: MMSG-10545]
Action.c(172): 110	[MsgId: MMSG-17999]
Action.c(173): 110	[MsgId: MMSG-17999]
Action.c(193): Message id [-17999] was not saved - Auto Log cache is too small to contain the message.	[MsgId: MMSG-10547]
Action.c(194): Message id [-17999] was not saved - Auto Log cache is too small to contain the message.	[MsgId: MMSG-10547]
Action.c(198): Message id [-17999] was not saved - Auto Log cache is too small to contain the message.	[MsgId: MMSG-10547]
Action.c(201): Notify: Transaction "itinerary" ended with a "Pass" status (Duration: 0,4214 Wasted Time: 0,0009).	[MsgId: MMSG-16871]
Action.c(203): Notify: Transaction "delete" started.	[MsgId: MMSG-16999]
Action.c(205): web_add_header("Origin") started  	[MsgId: MMSG-26355]
Action.c(205): web_add_header("Origin") was successful  	[MsgId: MMSG-26392]
Action.c(208): Think time - Waiting 5,00 seconds (according to limit).	[MsgId: MMSG-15946]
Action.c(208): lr_think_time: 5,00 seconds (recorded think time was 55,00 seconds).	[MsgId: MMSG-15947]
Action.c(211): web_reg_find started  	[MsgId: MMSG-26355]
Action.c(211): Registering web_reg_find was successful  	[MsgId: MMSG-26390]
Action.c(218): web_custom_request("itinerary.pl_2") started  	[MsgId: MMSG-26355]
Action.c(218): Error -26368: "Text=283506302-781-LJ" found for web_reg_find (count=1)  	[MsgId: MERR-26368]
End auto log messages stack.	[MsgId: MMSG-10544]


Start auto log messages stack - Iteration 169.	[MsgId: MMSG-10545]
Action.c(172): 135	[MsgId: MMSG-17999]
Action.c(173): 135	[MsgId: MMSG-17999]
Action.c(193): Message id [-17999] was not saved - Auto Log cache is too small to contain the message.	[MsgId: MMSG-10547]
Action.c(194): Message id [-17999] was not saved - Auto Log cache is too small to contain the message.	[MsgId: MMSG-10547]
Action.c(198): Message id [-17999] was not saved - Auto Log cache is too small to contain the message.	[MsgId: MMSG-10547]
Action.c(201): Notify: Transaction "itinerary" ended with a "Pass" status (Duration: 0,3722 Wasted Time: 0,0015).	[MsgId: MMSG-16871]
Action.c(203): Notify: Transaction "delete" started.	[MsgId: MMSG-16999]
Action.c(205): web_add_header("Origin") started  	[MsgId: MMSG-26355]
Action.c(205): web_add_header("Origin") was successful  	[MsgId: MMSG-26392]
Action.c(208): Think time - Waiting 5,00 seconds (according to limit).	[MsgId: MMSG-15946]
Action.c(208): lr_think_time: 5,00 seconds (recorded think time was 55,00 seconds).	[MsgId: MMSG-15947]
Action.c(211): web_reg_find started  	[MsgId: MMSG-26355]
Action.c(211): Registering web_reg_find was successful  	[MsgId: MMSG-26390]
Action.c(218): web_custom_request("itinerary.pl_2") started  	[MsgId: MMSG-26355]
Action.c(218): Error -26368: "Text=169172968-781-BB" found for web_reg_find (count=1)  	[MsgId: MERR-26368]
End auto log messages stack.	[MsgId: MMSG-10544]


Start auto log messages stack - Iteration 67.	[MsgId: MMSG-10545]
Action.c(172): 135	[MsgId: MMSG-17999]
Action.c(173): 135	[MsgId: MMSG-17999]
Action.c(193): Message id [-17999] was not saved - Auto Log cache is too small to contain the message.	[MsgId: MMSG-10547]
Action.c(194): Message id [-17999] was not saved - Auto Log cache is too small to contain the message.	[MsgId: MMSG-10547]
Action.c(198): Message id [-17999] was not saved - Auto Log cache is too small to contain the message.	[MsgId: MMSG-10547]
Action.c(201): Notify: Transaction "itinerary" ended with a "Pass" status (Duration: 0,3659 Wasted Time: 0,0013).	[MsgId: MMSG-16871]
Action.c(203): Notify: Transaction "delete" started.	[MsgId: MMSG-16999]
Action.c(205): web_add_header("Origin") started  	[MsgId: MMSG-26355]
Action.c(205): web_add_header("Origin") was successful  	[MsgId: MMSG-26392]
Action.c(208): Think time - Waiting 5,00 seconds (according to limit).	[MsgId: MMSG-15946]
Action.c(208): lr_think_time: 5,00 seconds (recorded think time was 55,00 seconds).	[MsgId: MMSG-15947]
Action.c(211): web_reg_find started  	[MsgId: MMSG-26355]
Action.c(211): Registering web_reg_find was successful  	[MsgId: MMSG-26390]
Action.c(218): web_custom_request("itinerary.pl_2") started  	[MsgId: MMSG-26355]
Action.c(218): Error -26368: "Text=169172968-781-BB" found for web_reg_find (count=1)  	[MsgId: MERR-26368]
End auto log messages stack.	[MsgId: MMSG-10544]


Start auto log messages stack - Iteration 20.	[MsgId: MMSG-10545]
Action.c(172): 104	[MsgId: MMSG-17999]
Action.c(173): 104	[MsgId: MMSG-17999]
Action.c(193): Message id [-17999] was not saved - Auto Log cache is too small to contain the message.	[MsgId: MMSG-10547]
Action.c(194): Message id [-17999] was not saved - Auto Log cache is too small to contain the message.	[MsgId: MMSG-10547]
Action.c(198): Message id [-17999] was not saved - Auto Log cache is too small to contain the message.	[MsgId: MMSG-10547]
Action.c(201): Notify: Transaction "itinerary" ended with a "Pass" status (Duration: 0,3079 Wasted Time: 0,0009).	[MsgId: MMSG-16871]
Action.c(203): Notify: Transaction "delete" started.	[MsgId: MMSG-16999]
Action.c(205): web_add_header("Origin") started  	[MsgId: MMSG-26355]
Action.c(205): web_add_header("Origin") was successful  	[MsgId: MMSG-26392]
Action.c(208): Think time - Waiting 5,00 seconds (according to limit).	[MsgId: MMSG-15946]
Action.c(208): lr_think_time: 5,00 seconds (recorded think time was 55,00 seconds).	[MsgId: MMSG-15947]
Action.c(211): web_reg_find started  	[MsgId: MMSG-26355]
Action.c(211): Registering web_reg_find was successful  	[MsgId: MMSG-26390]
Action.c(218): web_custom_request("itinerary.pl_2") started  	[MsgId: MMSG-26355]
Action.c(218): Error -26368: "Text=86862980-805-CF" found for web_reg_find (count=1)  	[MsgId: MERR-26368]
End auto log messages stack.	[MsgId: MMSG-10544]


Start auto log messages stack - Iteration 178.	[MsgId: MMSG-10545]
Action.c(172): 146	[MsgId: MMSG-17999]
Action.c(173): 146	[MsgId: MMSG-17999]
Action.c(193): Message id [-17999] was not saved - Auto Log cache is too small to contain the message.	[MsgId: MMSG-10547]
Action.c(194): Message id [-17999] was not saved - Auto Log cache is too small to contain the message.	[MsgId: MMSG-10547]
Action.c(198): Message id [-17999] was not saved - Auto Log cache is too small to contain the message.	[MsgId: MMSG-10547]
Action.c(201): Notify: Transaction "itinerary" ended with a "Pass" status (Duration: 0,4417 Wasted Time: 0,0021).	[MsgId: MMSG-16871]
Action.c(203): Notify: Transaction "delete" started.	[MsgId: MMSG-16999]
Action.c(205): web_add_header("Origin") started  	[MsgId: MMSG-26355]
Action.c(205): web_add_header("Origin") was successful  	[MsgId: MMSG-26392]
Action.c(208): Think time - Waiting 5,00 seconds (according to limit).	[MsgId: MMSG-15946]
Action.c(208): lr_think_time: 5,00 seconds (recorded think time was 55,00 seconds).	[MsgId: MMSG-15947]
Action.c(211): web_reg_find started  	[MsgId: MMSG-26355]
Action.c(211): Registering web_reg_find was successful  	[MsgId: MMSG-26390]
Action.c(218): web_custom_request("itinerary.pl_2") started  	[MsgId: MMSG-26355]
Action.c(218): Error -26368: "Text=292226685-807-BP" found for web_reg_find (count=1)  	[MsgId: MERR-26368]
End auto log messages stack.	[MsgId: MMSG-10544]


Start auto log messages stack - Iteration 179.	[MsgId: MMSG-10545]
Action.c(172): 111	[MsgId: MMSG-17999]
Action.c(173): 111	[MsgId: MMSG-17999]
Action.c(193): Message id [-17999] was not saved - Auto Log cache is too small to contain the message.	[MsgId: MMSG-10547]
Action.c(194): Message id [-17999] was not saved - Auto Log cache is too small to contain the message.	[MsgId: MMSG-10547]
Action.c(198): Message id [-17999] was not saved - Auto Log cache is too small to contain the message.	[MsgId: MMSG-10547]
Action.c(201): Notify: Transaction "itinerary" ended with a "Pass" status (Duration: 0,2762 Wasted Time: 0,0009).	[MsgId: MMSG-16871]
Action.c(203): Notify: Transaction "delete" started.	[MsgId: MMSG-16999]
Action.c(205): web_add_header("Origin") started  	[MsgId: MMSG-26355]
Action.c(205): web_add_header("Origin") was successful  	[MsgId: MMSG-26392]
Action.c(208): Think time - Waiting 5,00 seconds (according to limit).	[MsgId: MMSG-15946]
Action.c(208): lr_think_time: 5,00 seconds (recorded think time was 55,00 seconds).	[MsgId: MMSG-15947]
Action.c(211): web_reg_find started  	[MsgId: MMSG-26355]
Action.c(211): Registering web_reg_find was successful  	[MsgId: MMSG-26390]
Action.c(218): web_custom_request("itinerary.pl_2") started  	[MsgId: MMSG-26355]
Action.c(218): Error -26368: "Text=283489277-807-LJ" found for web_reg_find (count=1)  	[MsgId: MERR-26368]
End auto log messages stack.	[MsgId: MMSG-10544]


Start auto log messages stack - Iteration 187.	[MsgId: MMSG-10545]
Action.c(172): 113	[MsgId: MMSG-17999]
Action.c(173): 113	[MsgId: MMSG-17999]
Action.c(193): Message id [-17999] was not saved - Auto Log cache is too small to contain the message.	[MsgId: MMSG-10547]
Action.c(194): Message id [-17999] was not saved - Auto Log cache is too small to contain the message.	[MsgId: MMSG-10547]
Action.c(198): Message id [-17999] was not saved - Auto Log cache is too small to contain the message.	[MsgId: MMSG-10547]
Action.c(201): Notify: Transaction "itinerary" ended with a "Pass" status (Duration: 0,4239 Wasted Time: 0,0011).	[MsgId: MMSG-16871]
Action.c(203): Notify: Transaction "delete" started.	[MsgId: MMSG-16999]
Action.c(205): web_add_header("Origin") started  	[MsgId: MMSG-26355]
Action.c(205): web_add_header("Origin") was successful  	[MsgId: MMSG-26392]
Action.c(208): Think time - Waiting 5,00 seconds (according to limit).	[MsgId: MMSG-15946]
Action.c(208): lr_think_time: 5,00 seconds (recorded think time was 55,00 seconds).	[MsgId: MMSG-15947]
Action.c(211): web_reg_find started  	[MsgId: MMSG-26355]
Action.c(211): Registering web_reg_find was successful  	[MsgId: MMSG-26390]
Action.c(218): web_custom_request("itinerary.pl_2") started  	[MsgId: MMSG-26355]
Action.c(218): Error -26368: "Text=283492601-788-LJ" found for web_reg_find (count=1)  	[MsgId: MERR-26368]
End auto log messages stack.	[MsgId: MMSG-10544]


Start auto log messages stack - Iteration 34.	[MsgId: MMSG-10545]
Action.c(172): 113	[MsgId: MMSG-17999]
Action.c(173): 113	[MsgId: MMSG-17999]
Action.c(193): Message id [-17999] was not saved - Auto Log cache is too small to contain the message.	[MsgId: MMSG-10547]
Action.c(194): Message id [-17999] was not saved - Auto Log cache is too small to contain the message.	[MsgId: MMSG-10547]
Action.c(198): Message id [-17999] was not saved - Auto Log cache is too small to contain the message.	[MsgId: MMSG-10547]
Action.c(201): Notify: Transaction "itinerary" ended with a "Pass" status (Duration: 0,4307 Wasted Time: 0,0016).	[MsgId: MMSG-16871]
Action.c(203): Notify: Transaction "delete" started.	[MsgId: MMSG-16999]
Action.c(205): web_add_header("Origin") started  	[MsgId: MMSG-26355]
Action.c(205): web_add_header("Origin") was successful  	[MsgId: MMSG-26392]
Action.c(208): Think time - Waiting 5,00 seconds (according to limit).	[MsgId: MMSG-15946]
Action.c(208): lr_think_time: 5,00 seconds (recorded think time was 55,00 seconds).	[MsgId: MMSG-15947]
Action.c(211): web_reg_find started  	[MsgId: MMSG-26355]
Action.c(211): Registering web_reg_find was successful  	[MsgId: MMSG-26390]
Action.c(218): web_custom_request("itinerary.pl_2") started  	[MsgId: MMSG-26355]
Action.c(218): Error -26368: "Text=283492601-788-LJ" found for web_reg_find (count=1)  	[MsgId: MERR-26368]
End auto log messages stack.	[MsgId: MMSG-10544]


Start auto log messages stack - Iteration 144.	[MsgId: MMSG-10545]
Action.c(172): 118	[MsgId: MMSG-17999]
Action.c(173): 118	[MsgId: MMSG-17999]
Action.c(193): Message id [-17999] was not saved - Auto Log cache is too small to contain the message.	[MsgId: MMSG-10547]
Action.c(194): Message id [-17999] was not saved - Auto Log cache is too small to contain the message.	[MsgId: MMSG-10547]
Action.c(198): Message id [-17999] was not saved - Auto Log cache is too small to contain the message.	[MsgId: MMSG-10547]
Action.c(201): Notify: Transaction "itinerary" ended with a "Pass" status (Duration: 0,4373 Wasted Time: 0,0010).	[MsgId: MMSG-16871]
Action.c(203): Notify: Transaction "delete" started.	[MsgId: MMSG-16999]
Action.c(205): web_add_header("Origin") started  	[MsgId: MMSG-26355]
Action.c(205): web_add_header("Origin") was successful  	[MsgId: MMSG-26392]
Action.c(208): Think time - Waiting 5,00 seconds (according to limit).	[MsgId: MMSG-15946]
Action.c(208): lr_think_time: 5,00 seconds (recorded think time was 55,00 seconds).	[MsgId: MMSG-15947]
Action.c(211): web_reg_find started  	[MsgId: MMSG-26355]
Action.c(211): Registering web_reg_find was successful  	[MsgId: MMSG-26390]
Action.c(218): web_custom_request("itinerary.pl_2") started  	[MsgId: MMSG-26355]
Action.c(218): Error -26368: "Text=2834981524-7781-LJ" found for web_reg_find (count=1)  	[MsgId: MERR-26368]
End auto log messages stack.	[MsgId: MMSG-10544]


Start auto log messages stack - Iteration 197.	[MsgId: MMSG-10545]
Action.c(172): 151	[MsgId: MMSG-17999]
Action.c(173): 151	[MsgId: MMSG-17999]
Action.c(193): Message id [-17999] was not saved - Auto Log cache is too small to contain the message.	[MsgId: MMSG-10547]
Action.c(194): Message id [-17999] was not saved - Auto Log cache is too small to contain the message.	[MsgId: MMSG-10547]
Action.c(198): Message id [-17999] was not saved - Auto Log cache is too small to contain the message.	[MsgId: MMSG-10547]
Action.c(201): Notify: Transaction "itinerary" ended with a "Pass" status (Duration: 0,4122 Wasted Time: 0,0033).	[MsgId: MMSG-16871]
Action.c(203): Notify: Transaction "delete" started.	[MsgId: MMSG-16999]
Action.c(205): web_add_header("Origin") started  	[MsgId: MMSG-26355]
Action.c(205): web_add_header("Origin") was successful  	[MsgId: MMSG-26392]
Action.c(208): Think time - Waiting 5,00 seconds (according to limit).	[MsgId: MMSG-15946]
Action.c(208): lr_think_time: 5,00 seconds (recorded think time was 55,00 seconds).	[MsgId: MMSG-15947]
Action.c(211): web_reg_find started  	[MsgId: MMSG-26355]
Action.c(211): Registering web_reg_find was successful  	[MsgId: MMSG-26390]
Action.c(218): web_custom_request("itinerary.pl_2") started  	[MsgId: MMSG-26355]
Action.c(218): Error -26368: "Text=292233350-805-BP" found for web_reg_find (count=1)  	[MsgId: MERR-26368]
End auto log messages stack.	[MsgId: MMSG-10544]


Start auto log messages stack - Iteration 49.	[MsgId: MMSG-10545]
Action.c(172): 114	[MsgId: MMSG-17999]
Action.c(173): 114	[MsgId: MMSG-17999]
Action.c(193): Message id [-17999] was not saved - Auto Log cache is too small to contain the message.	[MsgId: MMSG-10547]
Action.c(194): Message id [-17999] was not saved - Auto Log cache is too small to contain the message.	[MsgId: MMSG-10547]
Action.c(198): Message id [-17999] was not saved - Auto Log cache is too small to contain the message.	[MsgId: MMSG-10547]
Action.c(201): Notify: Transaction "itinerary" ended with a "Pass" status (Duration: 0,3195 Wasted Time: 0,0014).	[MsgId: MMSG-16871]
Action.c(203): Notify: Transaction "delete" started.	[MsgId: MMSG-16999]
Action.c(205): web_add_header("Origin") started  	[MsgId: MMSG-26355]
Action.c(205): web_add_header("Origin") was successful  	[MsgId: MMSG-26392]
Action.c(208): Think time - Waiting 5,00 seconds (according to limit).	[MsgId: MMSG-15946]
Action.c(208): lr_think_time: 5,00 seconds (recorded think time was 55,00 seconds).	[MsgId: MMSG-15947]
Action.c(211): web_reg_find started  	[MsgId: MMSG-26355]
Action.c(211): Registering web_reg_find was successful  	[MsgId: MMSG-26390]
Action.c(218): web_custom_request("itinerary.pl_2") started  	[MsgId: MMSG-26355]
Action.c(218): Error -26368: "Text=4560018-807-DL" found for web_reg_find (count=1)  	[MsgId: MERR-26368]
End auto log messages stack.	[MsgId: MMSG-10544]


Start auto log messages stack - Iteration 156.	[MsgId: MMSG-10545]
Action.c(172): 146	[MsgId: MMSG-17999]
Action.c(173): 146	[MsgId: MMSG-17999]
Action.c(193): Message id [-17999] was not saved - Auto Log cache is too small to contain the message.	[MsgId: MMSG-10547]
Action.c(194): Message id [-17999] was not saved - Auto Log cache is too small to contain the message.	[MsgId: MMSG-10547]
Action.c(198): Message id [-17999] was not saved - Auto Log cache is too small to contain the message.	[MsgId: MMSG-10547]
Action.c(201): Notify: Transaction "itinerary" ended with a "Pass" status (Duration: 0,3818 Wasted Time: 0,0014).	[MsgId: MMSG-16871]
Action.c(203): Notify: Transaction "delete" started.	[MsgId: MMSG-16999]
Action.c(205): web_add_header("Origin") started  	[MsgId: MMSG-26355]
Action.c(205): web_add_header("Origin") was successful  	[MsgId: MMSG-26392]
Action.c(208): Think time - Waiting 5,00 seconds (according to limit).	[MsgId: MMSG-15946]
Action.c(208): lr_think_time: 5,00 seconds (recorded think time was 55,00 seconds).	[MsgId: MMSG-15947]
Action.c(211): web_reg_find started  	[MsgId: MMSG-26355]
Action.c(211): Registering web_reg_find was successful  	[MsgId: MMSG-26390]
Action.c(218): web_custom_request("itinerary.pl_2") started  	[MsgId: MMSG-26355]
Action.c(218): Error -26368: "Text=2103129672-7781-BD" found for web_reg_find (count=1)  	[MsgId: MERR-26368]
End auto log messages stack.	[MsgId: MMSG-10544]


Start auto log messages stack - Iteration 110.	[MsgId: MMSG-10545]
Action.c(172): 123	[MsgId: MMSG-17999]
Action.c(173): 123	[MsgId: MMSG-17999]
Action.c(193): Message id [-17999] was not saved - Auto Log cache is too small to contain the message.	[MsgId: MMSG-10547]
Action.c(194): Message id [-17999] was not saved - Auto Log cache is too small to contain the message.	[MsgId: MMSG-10547]
Action.c(198): Message id [-17999] was not saved - Auto Log cache is too small to contain the message.	[MsgId: MMSG-10547]
Action.c(201): Notify: Transaction "itinerary" ended with a "Pass" status (Duration: 0,4427 Wasted Time: 0,0021).	[MsgId: MMSG-16871]
Action.c(203): Notify: Transaction "delete" started.	[MsgId: MMSG-16999]
Action.c(205): web_add_header("Origin") started  	[MsgId: MMSG-26355]
Action.c(205): web_add_header("Origin") was successful  	[MsgId: MMSG-26392]
Action.c(208): Think time - Waiting 5,00 seconds (according to limit).	[MsgId: MMSG-15946]
Action.c(208): lr_think_time: 5,00 seconds (recorded think time was 55,00 seconds).	[MsgId: MMSG-15947]
Action.c(211): web_reg_find started  	[MsgId: MMSG-26355]
Action.c(211): Registering web_reg_find was successful  	[MsgId: MMSG-26390]
Action.c(218): web_custom_request("itinerary.pl_2") started  	[MsgId: MMSG-26355]
Action.c(218): Error -26368: "Text=333778906-805-ST" found for web_reg_find (count=1)  	[MsgId: MERR-26368]
End auto log messages stack.	[MsgId: MMSG-10544]


Start auto log messages stack - Iteration 12.	[MsgId: MMSG-10545]
Action.c(172): 166	[MsgId: MMSG-17999]
Action.c(173): 166	[MsgId: MMSG-17999]
Action.c(193): Message id [-17999] was not saved - Auto Log cache is too small to contain the message.	[MsgId: MMSG-10547]
Action.c(194): Message id [-17999] was not saved - Auto Log cache is too small to contain the message.	[MsgId: MMSG-10547]
Action.c(198): Message id [-17999] was not saved - Auto Log cache is too small to contain the message.	[MsgId: MMSG-10547]
Action.c(201): Notify: Transaction "itinerary" ended with a "Pass" status (Duration: 0,4440 Wasted Time: 0,0014).	[MsgId: MMSG-16871]
Action.c(203): Notify: Transaction "delete" started.	[MsgId: MMSG-16999]
Action.c(205): web_add_header("Origin") started  	[MsgId: MMSG-26355]
Action.c(205): web_add_header("Origin") was successful  	[MsgId: MMSG-26392]
Action.c(208): Think time - Waiting 5,00 seconds (according to limit).	[MsgId: MMSG-15946]
Action.c(208): lr_think_time: 5,00 seconds (recorded think time was 55,00 seconds).	[MsgId: MMSG-15947]
Action.c(211): web_reg_find started  	[MsgId: MMSG-26355]
Action.c(211): Registering web_reg_find was successful  	[MsgId: MMSG-26390]
Action.c(218): web_custom_request("itinerary.pl_2") started  	[MsgId: MMSG-26355]
Action.c(218): Error -26368: "Text=169159268-788-BB" found for web_reg_find (count=1)  	[MsgId: MERR-26368]
End auto log messages stack.	[MsgId: MMSG-10544]


Start auto log messages stack - Iteration 169.	[MsgId: MMSG-10545]
Action.c(172): 148	[MsgId: MMSG-17999]
Action.c(173): 148	[MsgId: MMSG-17999]
Action.c(193): Message id [-17999] was not saved - Auto Log cache is too small to contain the message.	[MsgId: MMSG-10547]
Action.c(194): Message id [-17999] was not saved - Auto Log cache is too small to contain the message.	[MsgId: MMSG-10547]
Action.c(198): Message id [-17999] was not saved - Auto Log cache is too small to contain the message.	[MsgId: MMSG-10547]
Action.c(201): Notify: Transaction "itinerary" ended with a "Pass" status (Duration: 0,4528 Wasted Time: 0,0013).	[MsgId: MMSG-16871]
Action.c(203): Notify: Transaction "delete" started.	[MsgId: MMSG-16999]
Action.c(205): web_add_header("Origin") started  	[MsgId: MMSG-26355]
Action.c(205): web_add_header("Origin") was successful  	[MsgId: MMSG-26392]
Action.c(208): Think time - Waiting 5,00 seconds (according to limit).	[MsgId: MMSG-15946]
Action.c(208): lr_think_time: 5,00 seconds (recorded think time was 55,00 seconds).	[MsgId: MMSG-15947]
Action.c(211): web_reg_find started  	[MsgId: MMSG-26355]
Action.c(211): Registering web_reg_find was successful  	[MsgId: MMSG-26390]
Action.c(218): web_custom_request("itinerary.pl_2") started  	[MsgId: MMSG-26355]
Action.c(218): Error -26368: "Text=2514611154-7781-CS" found for web_reg_find (count=1)  	[MsgId: MERR-26368]
End auto log messages stack.	[MsgId: MMSG-10544]


Start auto log messages stack - Iteration 118.	[MsgId: MMSG-10545]
Action.c(172): 117	[MsgId: MMSG-17999]
Action.c(173): 117	[MsgId: MMSG-17999]
Action.c(193): Message id [-17999] was not saved - Auto Log cache is too small to contain the message.	[MsgId: MMSG-10547]
Action.c(194): Message id [-17999] was not saved - Auto Log cache is too small to contain the message.	[MsgId: MMSG-10547]
Action.c(198): Message id [-17999] was not saved - Auto Log cache is too small to contain the message.	[MsgId: MMSG-10547]
Action.c(201): Notify: Transaction "itinerary" ended with a "Pass" status (Duration: 0,3395 Wasted Time: 0,0017).	[MsgId: MMSG-16871]
Action.c(203): Notify: Transaction "delete" started.	[MsgId: MMSG-16999]
Action.c(205): web_add_header("Origin") started  	[MsgId: MMSG-26355]
Action.c(205): web_add_header("Origin") was successful  	[MsgId: MMSG-26392]
Action.c(208): Think time - Waiting 5,00 seconds (according to limit).	[MsgId: MMSG-15946]
Action.c(208): lr_think_time: 5,00 seconds (recorded think time was 55,00 seconds).	[MsgId: MMSG-15947]
Action.c(211): web_reg_find started  	[MsgId: MMSG-26355]
Action.c(211): Registering web_reg_find was successful  	[MsgId: MMSG-26390]
Action.c(218): web_custom_request("itinerary.pl_2") started  	[MsgId: MMSG-26355]
Action.c(218): Error -26368: "Text=868881556-7847-CF" found for web_reg_find (count=1)  	[MsgId: MERR-26368]
End auto log messages stack.	[MsgId: MMSG-10544]


Start auto log messages stack - Iteration 220.	[MsgId: MMSG-10545]
Action.c(172): 117	[MsgId: MMSG-17999]
Action.c(173): 117	[MsgId: MMSG-17999]
Action.c(193): Message id [-17999] was not saved - Auto Log cache is too small to contain the message.	[MsgId: MMSG-10547]
Action.c(194): Message id [-17999] was not saved - Auto Log cache is too small to contain the message.	[MsgId: MMSG-10547]
Action.c(198): Message id [-17999] was not saved - Auto Log cache is too small to contain the message.	[MsgId: MMSG-10547]
Action.c(201): Notify: Transaction "itinerary" ended with a "Pass" status (Duration: 0,3233 Wasted Time: 0,0017).	[MsgId: MMSG-16871]
Action.c(203): Notify: Transaction "delete" started.	[MsgId: MMSG-16999]
Action.c(205): web_add_header("Origin") started  	[MsgId: MMSG-26355]
Action.c(205): web_add_header("Origin") was successful  	[MsgId: MMSG-26392]
Action.c(208): Think time - Waiting 5,00 seconds (according to limit).	[MsgId: MMSG-15946]
Action.c(208): lr_think_time: 5,00 seconds (recorded think time was 55,00 seconds).	[MsgId: MMSG-15947]
Action.c(211): web_reg_find started  	[MsgId: MMSG-26355]
Action.c(211): Registering web_reg_find was successful  	[MsgId: MMSG-26390]
Action.c(218): web_custom_request("itinerary.pl_2") started  	[MsgId: MMSG-26355]
Action.c(218): Error -26368: "Text=868881556-7847-CF" found for web_reg_find (count=1)  	[MsgId: MERR-26368]
End auto log messages stack.	[MsgId: MMSG-10544]


Start auto log messages stack - Iteration 170.	[MsgId: MMSG-10545]
Action.c(172): 160	[MsgId: MMSG-17999]
Action.c(173): 160	[MsgId: MMSG-17999]
Action.c(193): Message id [-17999] was not saved - Auto Log cache is too small to contain the message.	[MsgId: MMSG-10547]
Action.c(194): Message id [-17999] was not saved - Auto Log cache is too small to contain the message.	[MsgId: MMSG-10547]
Action.c(198): Message id [-17999] was not saved - Auto Log cache is too small to contain the message.	[MsgId: MMSG-10547]
Action.c(201): Notify: Transaction "itinerary" ended with a "Pass" status (Duration: 0,3630 Wasted Time: 0,0027).	[MsgId: MMSG-16871]
Action.c(203): Notify: Transaction "delete" started.	[MsgId: MMSG-16999]
Action.c(205): web_add_header("Origin") started  	[MsgId: MMSG-26355]
Action.c(205): web_add_header("Origin") was successful  	[MsgId: MMSG-26392]
Action.c(208): Think time - Waiting 5,00 seconds (according to limit).	[MsgId: MMSG-15946]
Action.c(208): lr_think_time: 5,00 seconds (recorded think time was 55,00 seconds).	[MsgId: MMSG-15947]
Action.c(211): web_reg_find started  	[MsgId: MMSG-26355]
Action.c(211): Registering web_reg_find was successful  	[MsgId: MMSG-26390]
Action.c(218): web_custom_request("itinerary.pl_2") started  	[MsgId: MMSG-26355]
Action.c(218): Error -26368: "Text=292250376-781-BP" found for web_reg_find (count=1)  	[MsgId: MERR-26368]
End auto log messages stack.	[MsgId: MMSG-10544]


Start auto log messages stack - Iteration 222.	[MsgId: MMSG-10545]
Action.c(172): 127	[MsgId: MMSG-17999]
Action.c(173): 127	[MsgId: MMSG-17999]
Action.c(193): Message id [-17999] was not saved - Auto Log cache is too small to contain the message.	[MsgId: MMSG-10547]
Action.c(194): Message id [-17999] was not saved - Auto Log cache is too small to contain the message.	[MsgId: MMSG-10547]
Action.c(198): Message id [-17999] was not saved - Auto Log cache is too small to contain the message.	[MsgId: MMSG-10547]
Action.c(201): Notify: Transaction "itinerary" ended with a "Pass" status (Duration: 0,4263 Wasted Time: 0,0016).	[MsgId: MMSG-16871]
Action.c(203): Notify: Transaction "delete" started.	[MsgId: MMSG-16999]
Action.c(205): web_add_header("Origin") started  	[MsgId: MMSG-26355]
Action.c(205): web_add_header("Origin") was successful  	[MsgId: MMSG-26392]
Action.c(208): Think time - Waiting 5,00 seconds (according to limit).	[MsgId: MMSG-15946]
Action.c(208): lr_think_time: 5,00 seconds (recorded think time was 55,00 seconds).	[MsgId: MMSG-15947]
Action.c(211): web_reg_find started  	[MsgId: MMSG-26355]
Action.c(211): Registering web_reg_find was successful  	[MsgId: MMSG-26390]
Action.c(218): web_custom_request("itinerary.pl_2") started  	[MsgId: MMSG-26355]
Action.c(218): Error -26368: "Text=45885259-7847-DL" found for web_reg_find (count=1)  	[MsgId: MERR-26368]
End auto log messages stack.	[MsgId: MMSG-10544]


Start auto log messages stack - Iteration 86.	[MsgId: MMSG-10545]
Action.c(172): 121	[MsgId: MMSG-17999]
Action.c(173): 121	[MsgId: MMSG-17999]
Action.c(193): Message id [-17999] was not saved - Auto Log cache is too small to contain the message.	[MsgId: MMSG-10547]
Action.c(194): Message id [-17999] was not saved - Auto Log cache is too small to contain the message.	[MsgId: MMSG-10547]
Action.c(198): Message id [-17999] was not saved - Auto Log cache is too small to contain the message.	[MsgId: MMSG-10547]
Action.c(201): Notify: Transaction "itinerary" ended with a "Pass" status (Duration: 0,4564 Wasted Time: 0,0014).	[MsgId: MMSG-16871]
Action.c(203): Notify: Transaction "delete" started.	[MsgId: MMSG-16999]
Action.c(205): web_add_header("Origin") started  	[MsgId: MMSG-26355]
Action.c(205): web_add_header("Origin") was successful  	[MsgId: MMSG-26392]
Action.c(208): Think time - Waiting 5,00 seconds (according to limit).	[MsgId: MMSG-15946]
Action.c(208): lr_think_time: 5,00 seconds (recorded think time was 55,00 seconds).	[MsgId: MMSG-15947]
Action.c(211): web_reg_find started  	[MsgId: MMSG-26355]
Action.c(211): Registering web_reg_find was successful  	[MsgId: MMSG-26390]
Action.c(218): web_custom_request("itinerary.pl_2") started  	[MsgId: MMSG-26355]
Action.c(218): Error -26368: "Text=86859639-789-CF" found for web_reg_find (count=1)  	[MsgId: MERR-26368]
End auto log messages stack.	[MsgId: MMSG-10544]


Start auto log messages stack - Iteration 239.	[MsgId: MMSG-10545]
Action.c(172): 121	[MsgId: MMSG-17999]
Action.c(173): 121	[MsgId: MMSG-17999]
Action.c(193): Message id [-17999] was not saved - Auto Log cache is too small to contain the message.	[MsgId: MMSG-10547]
Action.c(194): Message id [-17999] was not saved - Auto Log cache is too small to contain the message.	[MsgId: MMSG-10547]
Action.c(198): Message id [-17999] was not saved - Auto Log cache is too small to contain the message.	[MsgId: MMSG-10547]
Action.c(201): Notify: Transaction "itinerary" ended with a "Pass" status (Duration: 0,4567 Wasted Time: 0,0013).	[MsgId: MMSG-16871]
Action.c(203): Notify: Transaction "delete" started.	[MsgId: MMSG-16999]
Action.c(205): web_add_header("Origin") started  	[MsgId: MMSG-26355]
Action.c(205): web_add_header("Origin") was successful  	[MsgId: MMSG-26392]
Action.c(208): Think time - Waiting 5,00 seconds (according to limit).	[MsgId: MMSG-15946]
Action.c(208): lr_think_time: 5,00 seconds (recorded think time was 55,00 seconds).	[MsgId: MMSG-15947]
Action.c(211): web_reg_find started  	[MsgId: MMSG-26355]
Action.c(211): Registering web_reg_find was successful  	[MsgId: MMSG-26390]
Action.c(218): web_custom_request("itinerary.pl_2") started  	[MsgId: MMSG-26355]
Action.c(218): Error -26368: "Text=86859639-789-CF" found for web_reg_find (count=1)  	[MsgId: MERR-26368]
End auto log messages stack.	[MsgId: MMSG-10544]


Start auto log messages stack - Iteration 193.	[MsgId: MMSG-10545]
Action.c(172): 122	[MsgId: MMSG-17999]
Action.c(173): 122	[MsgId: MMSG-17999]
Action.c(193): Message id [-17999] was not saved - Auto Log cache is too small to contain the message.	[MsgId: MMSG-10547]
Action.c(194): Message id [-17999] was not saved - Auto Log cache is too small to contain the message.	[MsgId: MMSG-10547]
Action.c(198): Message id [-17999] was not saved - Auto Log cache is too small to contain the message.	[MsgId: MMSG-10547]
Action.c(201): Notify: Transaction "itinerary" ended with a "Pass" status (Duration: 0,3299 Wasted Time: 0,0013).	[MsgId: MMSG-16871]
Action.c(203): Notify: Transaction "delete" started.	[MsgId: MMSG-16999]
Action.c(205): web_add_header("Origin") started  	[MsgId: MMSG-26355]
Action.c(205): web_add_header("Origin") was successful  	[MsgId: MMSG-26392]
Action.c(208): Think time - Waiting 5,00 seconds (according to limit).	[MsgId: MMSG-15946]
Action.c(208): lr_think_time: 5,00 seconds (recorded think time was 55,00 seconds).	[MsgId: MMSG-15947]
Action.c(211): web_reg_find started  	[MsgId: MMSG-26355]
Action.c(211): Registering web_reg_find was successful  	[MsgId: MMSG-26390]
Action.c(218): web_custom_request("itinerary.pl_2") started  	[MsgId: MMSG-26355]
Action.c(218): Error -26368: "Text=86876672-781-CF" found for web_reg_find (count=1)  	[MsgId: MERR-26368]
End auto log messages stack.	[MsgId: MMSG-10544]


Start auto log messages stack - Iteration 95.	[MsgId: MMSG-10545]
Action.c(172): 196	[MsgId: MMSG-17999]
Action.c(173): 196	[MsgId: MMSG-17999]
Action.c(193): Message id [-17999] was not saved - Auto Log cache is too small to contain the message.	[MsgId: MMSG-10547]
Action.c(194): Message id [-17999] was not saved - Auto Log cache is too small to contain the message.	[MsgId: MMSG-10547]
Action.c(198): Message id [-17999] was not saved - Auto Log cache is too small to contain the message.	[MsgId: MMSG-10547]
Action.c(201): Notify: Transaction "itinerary" ended with a "Pass" status (Duration: 0,3170 Wasted Time: 0,0028).	[MsgId: MMSG-16871]
Action.c(203): Notify: Transaction "delete" started.	[MsgId: MMSG-16999]
Action.c(205): web_add_header("Origin") started  	[MsgId: MMSG-26355]
Action.c(205): web_add_header("Origin") was successful  	[MsgId: MMSG-26392]
Action.c(208): Think time - Waiting 5,00 seconds (according to limit).	[MsgId: MMSG-15946]
Action.c(208): lr_think_time: 5,00 seconds (recorded think time was 55,00 seconds).	[MsgId: MMSG-15947]
Action.c(211): web_reg_find started  	[MsgId: MMSG-26355]
Action.c(211): Registering web_reg_find was successful  	[MsgId: MMSG-26390]
Action.c(218): web_custom_request("itinerary.pl_2") started  	[MsgId: MMSG-26355]
Action.c(218): Error -26368: "Text=329667787-788-BI" found for web_reg_find (count=1)  	[MsgId: MERR-26368]
End auto log messages stack.	[MsgId: MMSG-10544]


Start auto log messages stack - Iteration 148.	[MsgId: MMSG-10545]
Action.c(172): 167	[MsgId: MMSG-17999]
Action.c(173): 167	[MsgId: MMSG-17999]
Action.c(193): Message id [-17999] was not saved - Auto Log cache is too small to contain the message.	[MsgId: MMSG-10547]
Action.c(194): Message id [-17999] was not saved - Auto Log cache is too small to contain the message.	[MsgId: MMSG-10547]
Action.c(198): Message id [-17999] was not saved - Auto Log cache is too small to contain the message.	[MsgId: MMSG-10547]
Action.c(201): Notify: Transaction "itinerary" ended with a "Pass" status (Duration: 0,3631 Wasted Time: 0,0016).	[MsgId: MMSG-16871]
Action.c(203): Notify: Transaction "delete" started.	[MsgId: MMSG-16999]
Action.c(205): web_add_header("Origin") started  	[MsgId: MMSG-26355]
Action.c(205): web_add_header("Origin") was successful  	[MsgId: MMSG-26392]
Action.c(208): Think time - Waiting 5,00 seconds (according to limit).	[MsgId: MMSG-15946]
Action.c(208): lr_think_time: 5,00 seconds (recorded think time was 55,00 seconds).	[MsgId: MMSG-15947]
Action.c(211): web_reg_find started  	[MsgId: MMSG-26355]
Action.c(211): Registering web_reg_find was successful  	[MsgId: MMSG-26390]
Action.c(218): web_custom_request("itinerary.pl_2") started  	[MsgId: MMSG-26355]
Action.c(218): Error -26368: "Text=292233350-805-BP" found for web_reg_find (count=1)  	[MsgId: MERR-26368]
End auto log messages stack.	[MsgId: MMSG-10544]


Start auto log messages stack - Iteration 46.	[MsgId: MMSG-10545]
Action.c(172): 153	[MsgId: MMSG-17999]
Action.c(173): 153	[MsgId: MMSG-17999]
Action.c(193): Message id [-17999] was not saved - Auto Log cache is too small to contain the message.	[MsgId: MMSG-10547]
Action.c(194): Message id [-17999] was not saved - Auto Log cache is too small to contain the message.	[MsgId: MMSG-10547]
Action.c(198): Message id [-17999] was not saved - Auto Log cache is too small to contain the message.	[MsgId: MMSG-10547]
Action.c(201): Notify: Transaction "itinerary" ended with a "Pass" status (Duration: 0,3010 Wasted Time: 0,0014).	[MsgId: MMSG-16871]
Action.c(203): Notify: Transaction "delete" started.	[MsgId: MMSG-16999]
Action.c(205): web_add_header("Origin") started  	[MsgId: MMSG-26355]
Action.c(205): web_add_header("Origin") was successful  	[MsgId: MMSG-26392]
Action.c(208): Think time - Waiting 5,00 seconds (according to limit).	[MsgId: MMSG-15946]
Action.c(208): lr_think_time: 5,00 seconds (recorded think time was 55,00 seconds).	[MsgId: MMSG-15947]
Action.c(211): web_reg_find started  	[MsgId: MMSG-26355]
Action.c(211): Registering web_reg_find was successful  	[MsgId: MMSG-26390]
Action.c(218): web_custom_request("itinerary.pl_2") started  	[MsgId: MMSG-26355]
Action.c(218): Error -26368: "Text=128011128-805-JH" found for web_reg_find (count=1)  	[MsgId: MERR-26368]
End auto log messages stack.	[MsgId: MMSG-10544]


Start auto log messages stack - Iteration 98.	[MsgId: MMSG-10545]
Action.c(172): 152	[MsgId: MMSG-17999]
Action.c(173): 152	[MsgId: MMSG-17999]
Action.c(193): Message id [-17999] was not saved - Auto Log cache is too small to contain the message.	[MsgId: MMSG-10547]
Action.c(194): Message id [-17999] was not saved - Auto Log cache is too small to contain the message.	[MsgId: MMSG-10547]
Action.c(198): Message id [-17999] was not saved - Auto Log cache is too small to contain the message.	[MsgId: MMSG-10547]
Action.c(201): Notify: Transaction "itinerary" ended with a "Pass" status (Duration: 0,3927 Wasted Time: 0,0033).	[MsgId: MMSG-16871]
Action.c(203): Notify: Transaction "delete" started.	[MsgId: MMSG-16999]
Action.c(205): web_add_header("Origin") started  	[MsgId: MMSG-26355]
Action.c(205): web_add_header("Origin") was successful  	[MsgId: MMSG-26392]
Action.c(208): Think time - Waiting 5,00 seconds (according to limit).	[MsgId: MMSG-15946]
Action.c(208): lr_think_time: 5,00 seconds (recorded think time was 55,00 seconds).	[MsgId: MMSG-15947]
Action.c(211): web_reg_find started  	[MsgId: MMSG-26355]
Action.c(211): Registering web_reg_find was successful  	[MsgId: MMSG-26390]
Action.c(218): web_custom_request("itinerary.pl_2") started  	[MsgId: MMSG-26355]
Action.c(218): Error -26368: "Text=128011128-805-JH" found for web_reg_find (count=1)  	[MsgId: MERR-26368]
End auto log messages stack.	[MsgId: MMSG-10544]


Start auto log messages stack - Iteration 204.	[MsgId: MMSG-10545]
Action.c(172): 133	[MsgId: MMSG-17999]
Action.c(173): 133	[MsgId: MMSG-17999]
Action.c(193): Message id [-17999] was not saved - Auto Log cache is too small to contain the message.	[MsgId: MMSG-10547]
Action.c(194): Message id [-17999] was not saved - Auto Log cache is too small to contain the message.	[MsgId: MMSG-10547]
Action.c(198): Message id [-17999] was not saved - Auto Log cache is too small to contain the message.	[MsgId: MMSG-10547]
Action.c(201): Notify: Transaction "itinerary" ended with a "Pass" status (Duration: 0,3988 Wasted Time: 0,0017).	[MsgId: MMSG-16871]
Action.c(203): Notify: Transaction "delete" started.	[MsgId: MMSG-16999]
Action.c(205): web_add_header("Origin") started  	[MsgId: MMSG-26355]
Action.c(205): web_add_header("Origin") was successful  	[MsgId: MMSG-26392]
Action.c(208): Think time - Waiting 5,00 seconds (according to limit).	[MsgId: MMSG-15946]
Action.c(208): lr_think_time: 5,00 seconds (recorded think time was 55,00 seconds).	[MsgId: MMSG-15947]
Action.c(211): web_reg_find started  	[MsgId: MMSG-26355]
Action.c(211): Registering web_reg_find was successful  	[MsgId: MMSG-26390]
Action.c(218): web_custom_request("itinerary.pl_2") started  	[MsgId: MMSG-26355]
Action.c(218): Error -26368: "Text=86859648-807-CF" found for web_reg_find (count=1)  	[MsgId: MERR-26368]
End auto log messages stack.	[MsgId: MMSG-10544]


Start auto log messages stack - Iteration 255.	[MsgId: MMSG-10545]
Action.c(172): 133	[MsgId: MMSG-17999]
Action.c(173): 133	[MsgId: MMSG-17999]
Action.c(193): Message id [-17999] was not saved - Auto Log cache is too small to contain the message.	[MsgId: MMSG-10547]
Action.c(194): Message id [-17999] was not saved - Auto Log cache is too small to contain the message.	[MsgId: MMSG-10547]
Action.c(198): Message id [-17999] was not saved - Auto Log cache is too small to contain the message.	[MsgId: MMSG-10547]
Action.c(201): Notify: Transaction "itinerary" ended with a "Pass" status (Duration: 0,4001 Wasted Time: 0,0012).	[MsgId: MMSG-16871]
Action.c(203): Notify: Transaction "delete" started.	[MsgId: MMSG-16999]
Action.c(205): web_add_header("Origin") started  	[MsgId: MMSG-26355]
Action.c(205): web_add_header("Origin") was successful  	[MsgId: MMSG-26392]
Action.c(208): Think time - Waiting 5,00 seconds (according to limit).	[MsgId: MMSG-15946]
Action.c(208): lr_think_time: 5,00 seconds (recorded think time was 55,00 seconds).	[MsgId: MMSG-15947]
Action.c(211): web_reg_find started  	[MsgId: MMSG-26355]
Action.c(211): Registering web_reg_find was successful  	[MsgId: MMSG-26390]
Action.c(218): web_custom_request("itinerary.pl_2") started  	[MsgId: MMSG-26355]
Action.c(218): Error -26368: "Text=86859648-807-CF" found for web_reg_find (count=1)  	[MsgId: MERR-26368]
End auto log messages stack.	[MsgId: MMSG-10544]


