Error: missing newline in C:\Users\User\Documents\VuGen\Scripts\UC6_DeleteTicket\..\Parameters\userData.dat	[MsgId: MERR-13874]
Error: missing newline in C:\Users\User\Documents\VuGen\Scripts\UC6_DeleteTicket\..\Parameters\cities.dat	[MsgId: MERR-13874]
Start auto log messages stack - Iteration 1.	[MsgId: MMSG-10545]
Action.c(130): web_custom_request("nav.pl_3") started  	[MsgId: MMSG-26355]
Action.c(130): web_custom_request("nav.pl_3") was successful, 1482 body bytes, 255 header bytes, 12 chunking overhead bytes  	[MsgId: MMSG-26385]
Action.c(144): web_reg_save_param started  	[MsgId: MMSG-26355]
Action.c(144): Registering web_reg_save_param was successful  	[MsgId: MMSG-26390]
Action.c(154): web_reg_save_param started  	[MsgId: MMSG-26355]
Action.c(154): Registering web_reg_save_param was successful  	[MsgId: MMSG-26390]
Action.c(161): web_custom_request("itinerary.pl") started  	[MsgId: MMSG-26355]
Action.c(161): Error -26377: No match found for the requested parameter "flightID". Either the specified boundaries were not found in the response or the matched text is longer than current max html parameter size of 256 bytes. The total length of the response is 887 bytes. You can use "web_set_max_html_param_len" to increase the max parameter size.  	[MsgId: MERR-26377]
Action.c(161): Error -26377: No match found for the requested parameter "cgifields". Either the specified boundaries were not found in the response or the matched text is longer than current max html parameter size of 256 bytes. The total length of the response is 887 bytes. You can use "web_set_max_html_param_len" to increase the max parameter size.  	[MsgId: MERR-26377]
End auto log messages stack.	[MsgId: MMSG-10544]


Start auto log messages stack - Iteration 1.	[MsgId: MMSG-10545]
Action.c(130): web_custom_request("nav.pl_3") started  	[MsgId: MMSG-26355]
Action.c(130): web_custom_request("nav.pl_3") was successful, 1482 body bytes, 255 header bytes, 12 chunking overhead bytes  	[MsgId: MMSG-26385]
Action.c(144): web_reg_save_param started  	[MsgId: MMSG-26355]
Action.c(144): Registering web_reg_save_param was successful  	[MsgId: MMSG-26390]
Action.c(154): web_reg_save_param started  	[MsgId: MMSG-26355]
Action.c(154): Registering web_reg_save_param was successful  	[MsgId: MMSG-26390]
Action.c(161): web_custom_request("itinerary.pl") started  	[MsgId: MMSG-26355]
Action.c(161): Error -26377: No match found for the requested parameter "flightID". Either the specified boundaries were not found in the response or the matched text is longer than current max html parameter size of 256 bytes. The total length of the response is 887 bytes. You can use "web_set_max_html_param_len" to increase the max parameter size.  	[MsgId: MERR-26377]
Action.c(161): Error -26377: No match found for the requested parameter "cgifields". Either the specified boundaries were not found in the response or the matched text is longer than current max html parameter size of 256 bytes. The total length of the response is 887 bytes. You can use "web_set_max_html_param_len" to increase the max parameter size.  	[MsgId: MERR-26377]
End auto log messages stack.	[MsgId: MMSG-10544]


Start auto log messages stack - Iteration 1.	[MsgId: MMSG-10545]
Action.c(130): web_custom_request("nav.pl_3") started  	[MsgId: MMSG-26355]
Action.c(130): web_custom_request("nav.pl_3") was successful, 1482 body bytes, 255 header bytes, 12 chunking overhead bytes  	[MsgId: MMSG-26385]
Action.c(144): web_reg_save_param started  	[MsgId: MMSG-26355]
Action.c(144): Registering web_reg_save_param was successful  	[MsgId: MMSG-26390]
Action.c(154): web_reg_save_param started  	[MsgId: MMSG-26355]
Action.c(154): Registering web_reg_save_param was successful  	[MsgId: MMSG-26390]
Action.c(161): web_custom_request("itinerary.pl") started  	[MsgId: MMSG-26355]
Action.c(161): Error -26377: No match found for the requested parameter "flightID". Either the specified boundaries were not found in the response or the matched text is longer than current max html parameter size of 256 bytes. The total length of the response is 887 bytes. You can use "web_set_max_html_param_len" to increase the max parameter size.  	[MsgId: MERR-26377]
Action.c(161): Error -26377: No match found for the requested parameter "cgifields". Either the specified boundaries were not found in the response or the matched text is longer than current max html parameter size of 256 bytes. The total length of the response is 887 bytes. You can use "web_set_max_html_param_len" to increase the max parameter size.  	[MsgId: MERR-26377]
End auto log messages stack.	[MsgId: MMSG-10544]


Start auto log messages stack - Iteration 5.	[MsgId: MMSG-10545]
Action.c(130): web_custom_request("nav.pl_3") started  	[MsgId: MMSG-26355]
Action.c(130): web_custom_request("nav.pl_3") was successful, 1482 body bytes, 255 header bytes, 12 chunking overhead bytes  	[MsgId: MMSG-26385]
Action.c(144): web_reg_save_param started  	[MsgId: MMSG-26355]
Action.c(144): Registering web_reg_save_param was successful  	[MsgId: MMSG-26390]
Action.c(154): web_reg_save_param started  	[MsgId: MMSG-26355]
Action.c(154): Registering web_reg_save_param was successful  	[MsgId: MMSG-26390]
Action.c(161): web_custom_request("itinerary.pl") started  	[MsgId: MMSG-26355]
Action.c(161): Error -26377: No match found for the requested parameter "flightID". Either the specified boundaries were not found in the response or the matched text is longer than current max html parameter size of 256 bytes. The total length of the response is 887 bytes. You can use "web_set_max_html_param_len" to increase the max parameter size.  	[MsgId: MERR-26377]
Action.c(161): Error -26377: No match found for the requested parameter "cgifields". Either the specified boundaries were not found in the response or the matched text is longer than current max html parameter size of 256 bytes. The total length of the response is 887 bytes. You can use "web_set_max_html_param_len" to increase the max parameter size.  	[MsgId: MERR-26377]
End auto log messages stack.	[MsgId: MMSG-10544]


Start auto log messages stack - Iteration 6.	[MsgId: MMSG-10545]
Action.c(130): web_custom_request("nav.pl_3") started  	[MsgId: MMSG-26355]
Action.c(130): web_custom_request("nav.pl_3") was successful, 1482 body bytes, 255 header bytes, 12 chunking overhead bytes  	[MsgId: MMSG-26385]
Action.c(144): web_reg_save_param started  	[MsgId: MMSG-26355]
Action.c(144): Registering web_reg_save_param was successful  	[MsgId: MMSG-26390]
Action.c(154): web_reg_save_param started  	[MsgId: MMSG-26355]
Action.c(154): Registering web_reg_save_param was successful  	[MsgId: MMSG-26390]
Action.c(161): web_custom_request("itinerary.pl") started  	[MsgId: MMSG-26355]
Action.c(161): Error -26377: No match found for the requested parameter "flightID". Either the specified boundaries were not found in the response or the matched text is longer than current max html parameter size of 256 bytes. The total length of the response is 887 bytes. You can use "web_set_max_html_param_len" to increase the max parameter size.  	[MsgId: MERR-26377]
Action.c(161): Error -26377: No match found for the requested parameter "cgifields". Either the specified boundaries were not found in the response or the matched text is longer than current max html parameter size of 256 bytes. The total length of the response is 887 bytes. You can use "web_set_max_html_param_len" to increase the max parameter size.  	[MsgId: MERR-26377]
End auto log messages stack.	[MsgId: MMSG-10544]


Start auto log messages stack - Iteration 3.	[MsgId: MMSG-10545]
Action.c(130): web_custom_request("nav.pl_3") started  	[MsgId: MMSG-26355]
Action.c(130): web_custom_request("nav.pl_3") was successful, 1482 body bytes, 255 header bytes, 12 chunking overhead bytes  	[MsgId: MMSG-26385]
Action.c(144): web_reg_save_param started  	[MsgId: MMSG-26355]
Action.c(144): Registering web_reg_save_param was successful  	[MsgId: MMSG-26390]
Action.c(154): web_reg_save_param started  	[MsgId: MMSG-26355]
Action.c(154): Registering web_reg_save_param was successful  	[MsgId: MMSG-26390]
Action.c(161): web_custom_request("itinerary.pl") started  	[MsgId: MMSG-26355]
Action.c(161): Error -26377: No match found for the requested parameter "flightID". Either the specified boundaries were not found in the response or the matched text is longer than current max html parameter size of 256 bytes. The total length of the response is 887 bytes. You can use "web_set_max_html_param_len" to increase the max parameter size.  	[MsgId: MERR-26377]
Action.c(161): Error -26377: No match found for the requested parameter "cgifields". Either the specified boundaries were not found in the response or the matched text is longer than current max html parameter size of 256 bytes. The total length of the response is 887 bytes. You can use "web_set_max_html_param_len" to increase the max parameter size.  	[MsgId: MERR-26377]
End auto log messages stack.	[MsgId: MMSG-10544]


Start auto log messages stack - Iteration 4.	[MsgId: MMSG-10545]
Action.c(130): web_custom_request("nav.pl_3") started  	[MsgId: MMSG-26355]
Action.c(130): web_custom_request("nav.pl_3") was successful, 1482 body bytes, 255 header bytes, 12 chunking overhead bytes  	[MsgId: MMSG-26385]
Action.c(144): web_reg_save_param started  	[MsgId: MMSG-26355]
Action.c(144): Registering web_reg_save_param was successful  	[MsgId: MMSG-26390]
Action.c(154): web_reg_save_param started  	[MsgId: MMSG-26355]
Action.c(154): Registering web_reg_save_param was successful  	[MsgId: MMSG-26390]
Action.c(161): web_custom_request("itinerary.pl") started  	[MsgId: MMSG-26355]
Action.c(161): Error -26377: No match found for the requested parameter "flightID". Either the specified boundaries were not found in the response or the matched text is longer than current max html parameter size of 256 bytes. The total length of the response is 887 bytes. You can use "web_set_max_html_param_len" to increase the max parameter size.  	[MsgId: MERR-26377]
Action.c(161): Error -26377: No match found for the requested parameter "cgifields". Either the specified boundaries were not found in the response or the matched text is longer than current max html parameter size of 256 bytes. The total length of the response is 887 bytes. You can use "web_set_max_html_param_len" to increase the max parameter size.  	[MsgId: MERR-26377]
End auto log messages stack.	[MsgId: MMSG-10544]


Start auto log messages stack - Iteration 7.	[MsgId: MMSG-10545]
Action.c(130): web_custom_request("nav.pl_3") started  	[MsgId: MMSG-26355]
Action.c(130): web_custom_request("nav.pl_3") was successful, 1482 body bytes, 255 header bytes, 12 chunking overhead bytes  	[MsgId: MMSG-26385]
Action.c(144): web_reg_save_param started  	[MsgId: MMSG-26355]
Action.c(144): Registering web_reg_save_param was successful  	[MsgId: MMSG-26390]
Action.c(154): web_reg_save_param started  	[MsgId: MMSG-26355]
Action.c(154): Registering web_reg_save_param was successful  	[MsgId: MMSG-26390]
Action.c(161): web_custom_request("itinerary.pl") started  	[MsgId: MMSG-26355]
Action.c(161): Error -26377: No match found for the requested parameter "flightID". Either the specified boundaries were not found in the response or the matched text is longer than current max html parameter size of 256 bytes. The total length of the response is 887 bytes. You can use "web_set_max_html_param_len" to increase the max parameter size.  	[MsgId: MERR-26377]
Action.c(161): Error -26377: No match found for the requested parameter "cgifields". Either the specified boundaries were not found in the response or the matched text is longer than current max html parameter size of 256 bytes. The total length of the response is 887 bytes. You can use "web_set_max_html_param_len" to increase the max parameter size.  	[MsgId: MERR-26377]
End auto log messages stack.	[MsgId: MMSG-10544]


Start auto log messages stack - Iteration 8.	[MsgId: MMSG-10545]
Action.c(130): web_custom_request("nav.pl_3") started  	[MsgId: MMSG-26355]
Action.c(130): web_custom_request("nav.pl_3") was successful, 1482 body bytes, 255 header bytes, 12 chunking overhead bytes  	[MsgId: MMSG-26385]
Action.c(144): web_reg_save_param started  	[MsgId: MMSG-26355]
Action.c(144): Registering web_reg_save_param was successful  	[MsgId: MMSG-26390]
Action.c(154): web_reg_save_param started  	[MsgId: MMSG-26355]
Action.c(154): Registering web_reg_save_param was successful  	[MsgId: MMSG-26390]
Action.c(161): web_custom_request("itinerary.pl") started  	[MsgId: MMSG-26355]
Action.c(161): Error -26377: No match found for the requested parameter "flightID". Either the specified boundaries were not found in the response or the matched text is longer than current max html parameter size of 256 bytes. The total length of the response is 887 bytes. You can use "web_set_max_html_param_len" to increase the max parameter size.  	[MsgId: MERR-26377]
Action.c(161): Error -26377: No match found for the requested parameter "cgifields". Either the specified boundaries were not found in the response or the matched text is longer than current max html parameter size of 256 bytes. The total length of the response is 887 bytes. You can use "web_set_max_html_param_len" to increase the max parameter size.  	[MsgId: MERR-26377]
End auto log messages stack.	[MsgId: MMSG-10544]


Start auto log messages stack - Iteration 5.	[MsgId: MMSG-10545]
Action.c(198): 1=on&flightID=210321117-781-BD&flightID=210321117-1550-BD&flightID=210300759-2346-BD&flightID=210297424-3113-BD&removeFlights.x=36&removeFlights.y=4&cgifields=4&cgifields=1&cgifields=3&cgifields=2	[MsgId: MMSG-17999]
Action.c(201): Notify: Transaction "itinerary" ended with a "Pass" status (Duration: 0,3350 Wasted Time: 0,0001).	[MsgId: MMSG-16871]
Action.c(203): Notify: Transaction "delete" started.	[MsgId: MMSG-16999]
Action.c(205): web_add_header("Origin") started  	[MsgId: MMSG-26355]
Action.c(205): web_add_header("Origin") was successful  	[MsgId: MMSG-26392]
Action.c(208): Think time - Waiting 5,00 seconds (according to limit).	[MsgId: MMSG-15946]
Action.c(208): lr_think_time: 5,00 seconds (recorded think time was 55,00 seconds).	[MsgId: MMSG-15947]
Action.c(211): web_reg_find started  	[MsgId: MMSG-26355]
Action.c(211): Registering web_reg_find was successful  	[MsgId: MMSG-26390]
Action.c(218): web_custom_request("itinerary.pl_2") started  	[MsgId: MMSG-26355]
Action.c(218): Error -26368: "Text=210321117-781-BD" found for web_reg_find (count=1)  	[MsgId: MERR-26368]
End auto log messages stack.	[MsgId: MMSG-10544]


Start auto log messages stack - Iteration 9.	[MsgId: MMSG-10545]
Action.c(130): web_custom_request("nav.pl_3") started  	[MsgId: MMSG-26355]
Action.c(130): web_custom_request("nav.pl_3") was successful, 1482 body bytes, 255 header bytes, 12 chunking overhead bytes  	[MsgId: MMSG-26385]
Action.c(144): web_reg_save_param started  	[MsgId: MMSG-26355]
Action.c(144): Registering web_reg_save_param was successful  	[MsgId: MMSG-26390]
Action.c(154): web_reg_save_param started  	[MsgId: MMSG-26355]
Action.c(154): Registering web_reg_save_param was successful  	[MsgId: MMSG-26390]
Action.c(161): web_custom_request("itinerary.pl") started  	[MsgId: MMSG-26355]
Action.c(161): Error -26377: No match found for the requested parameter "flightID". Either the specified boundaries were not found in the response or the matched text is longer than current max html parameter size of 256 bytes. The total length of the response is 887 bytes. You can use "web_set_max_html_param_len" to increase the max parameter size.  	[MsgId: MERR-26377]
Action.c(161): Error -26377: No match found for the requested parameter "cgifields". Either the specified boundaries were not found in the response or the matched text is longer than current max html parameter size of 256 bytes. The total length of the response is 887 bytes. You can use "web_set_max_html_param_len" to increase the max parameter size.  	[MsgId: MERR-26377]
End auto log messages stack.	[MsgId: MMSG-10544]


Start auto log messages stack - Iteration 6.	[MsgId: MMSG-10545]
Action.c(130): web_custom_request("nav.pl_3") started  	[MsgId: MMSG-26355]
Action.c(130): web_custom_request("nav.pl_3") was successful, 1482 body bytes, 255 header bytes, 12 chunking overhead bytes  	[MsgId: MMSG-26385]
Action.c(144): web_reg_save_param started  	[MsgId: MMSG-26355]
Action.c(144): Registering web_reg_save_param was successful  	[MsgId: MMSG-26390]
Action.c(154): web_reg_save_param started  	[MsgId: MMSG-26355]
Action.c(154): Registering web_reg_save_param was successful  	[MsgId: MMSG-26390]
Action.c(161): web_custom_request("itinerary.pl") started  	[MsgId: MMSG-26355]
Action.c(161): Error -26377: No match found for the requested parameter "flightID". Either the specified boundaries were not found in the response or the matched text is longer than current max html parameter size of 256 bytes. The total length of the response is 887 bytes. You can use "web_set_max_html_param_len" to increase the max parameter size.  	[MsgId: MERR-26377]
Action.c(161): Error -26377: No match found for the requested parameter "cgifields". Either the specified boundaries were not found in the response or the matched text is longer than current max html parameter size of 256 bytes. The total length of the response is 887 bytes. You can use "web_set_max_html_param_len" to increase the max parameter size.  	[MsgId: MERR-26377]
End auto log messages stack.	[MsgId: MMSG-10544]


Start auto log messages stack - Iteration 2.	[MsgId: MMSG-10545]
Action.c(130): web_custom_request("nav.pl_3") started  	[MsgId: MMSG-26355]
Action.c(130): web_custom_request("nav.pl_3") was successful, 1482 body bytes, 255 header bytes, 12 chunking overhead bytes  	[MsgId: MMSG-26385]
Action.c(144): web_reg_save_param started  	[MsgId: MMSG-26355]
Action.c(144): Registering web_reg_save_param was successful  	[MsgId: MMSG-26390]
Action.c(154): web_reg_save_param started  	[MsgId: MMSG-26355]
Action.c(154): Registering web_reg_save_param was successful  	[MsgId: MMSG-26390]
Action.c(161): web_custom_request("itinerary.pl") started  	[MsgId: MMSG-26355]
Action.c(161): Error -26377: No match found for the requested parameter "flightID". Either the specified boundaries were not found in the response or the matched text is longer than current max html parameter size of 256 bytes. The total length of the response is 887 bytes. You can use "web_set_max_html_param_len" to increase the max parameter size.  	[MsgId: MERR-26377]
Action.c(161): Error -26377: No match found for the requested parameter "cgifields". Either the specified boundaries were not found in the response or the matched text is longer than current max html parameter size of 256 bytes. The total length of the response is 887 bytes. You can use "web_set_max_html_param_len" to increase the max parameter size.  	[MsgId: MERR-26377]
End auto log messages stack.	[MsgId: MMSG-10544]


Start auto log messages stack - Iteration 10.	[MsgId: MMSG-10545]
Action.c(130): web_custom_request("nav.pl_3") started  	[MsgId: MMSG-26355]
Action.c(130): web_custom_request("nav.pl_3") was successful, 1482 body bytes, 255 header bytes, 12 chunking overhead bytes  	[MsgId: MMSG-26385]
Action.c(144): web_reg_save_param started  	[MsgId: MMSG-26355]
Action.c(144): Registering web_reg_save_param was successful  	[MsgId: MMSG-26390]
Action.c(154): web_reg_save_param started  	[MsgId: MMSG-26355]
Action.c(154): Registering web_reg_save_param was successful  	[MsgId: MMSG-26390]
Action.c(161): web_custom_request("itinerary.pl") started  	[MsgId: MMSG-26355]
Action.c(161): Error -26377: No match found for the requested parameter "flightID". Either the specified boundaries were not found in the response or the matched text is longer than current max html parameter size of 256 bytes. The total length of the response is 887 bytes. You can use "web_set_max_html_param_len" to increase the max parameter size.  	[MsgId: MERR-26377]
Action.c(161): Error -26377: No match found for the requested parameter "cgifields". Either the specified boundaries were not found in the response or the matched text is longer than current max html parameter size of 256 bytes. The total length of the response is 887 bytes. You can use "web_set_max_html_param_len" to increase the max parameter size.  	[MsgId: MERR-26377]
End auto log messages stack.	[MsgId: MMSG-10544]


Start auto log messages stack - Iteration 7.	[MsgId: MMSG-10545]
Action.c(130): web_custom_request("nav.pl_3") started  	[MsgId: MMSG-26355]
Action.c(130): web_custom_request("nav.pl_3") was successful, 1482 body bytes, 255 header bytes, 12 chunking overhead bytes  	[MsgId: MMSG-26385]
Action.c(144): web_reg_save_param started  	[MsgId: MMSG-26355]
Action.c(144): Registering web_reg_save_param was successful  	[MsgId: MMSG-26390]
Action.c(154): web_reg_save_param started  	[MsgId: MMSG-26355]
Action.c(154): Registering web_reg_save_param was successful  	[MsgId: MMSG-26390]
Action.c(161): web_custom_request("itinerary.pl") started  	[MsgId: MMSG-26355]
Action.c(161): Error -26377: No match found for the requested parameter "flightID". Either the specified boundaries were not found in the response or the matched text is longer than current max html parameter size of 256 bytes. The total length of the response is 887 bytes. You can use "web_set_max_html_param_len" to increase the max parameter size.  	[MsgId: MERR-26377]
Action.c(161): Error -26377: No match found for the requested parameter "cgifields". Either the specified boundaries were not found in the response or the matched text is longer than current max html parameter size of 256 bytes. The total length of the response is 887 bytes. You can use "web_set_max_html_param_len" to increase the max parameter size.  	[MsgId: MERR-26377]
End auto log messages stack.	[MsgId: MMSG-10544]


Start auto log messages stack - Iteration 3.	[MsgId: MMSG-10545]
Action.c(130): web_custom_request("nav.pl_3") started  	[MsgId: MMSG-26355]
Action.c(130): web_custom_request("nav.pl_3") was successful, 1482 body bytes, 255 header bytes, 12 chunking overhead bytes  	[MsgId: MMSG-26385]
Action.c(144): web_reg_save_param started  	[MsgId: MMSG-26355]
Action.c(144): Registering web_reg_save_param was successful  	[MsgId: MMSG-26390]
Action.c(154): web_reg_save_param started  	[MsgId: MMSG-26355]
Action.c(154): Registering web_reg_save_param was successful  	[MsgId: MMSG-26390]
Action.c(161): web_custom_request("itinerary.pl") started  	[MsgId: MMSG-26355]
Action.c(161): Error -26377: No match found for the requested parameter "flightID". Either the specified boundaries were not found in the response or the matched text is longer than current max html parameter size of 256 bytes. The total length of the response is 887 bytes. You can use "web_set_max_html_param_len" to increase the max parameter size.  	[MsgId: MERR-26377]
Action.c(161): Error -26377: No match found for the requested parameter "cgifields". Either the specified boundaries were not found in the response or the matched text is longer than current max html parameter size of 256 bytes. The total length of the response is 887 bytes. You can use "web_set_max_html_param_len" to increase the max parameter size.  	[MsgId: MERR-26377]
End auto log messages stack.	[MsgId: MMSG-10544]


Start auto log messages stack - Iteration 2.	[MsgId: MMSG-10545]
Action.c(130): web_custom_request("nav.pl_3") started  	[MsgId: MMSG-26355]
Action.c(130): web_custom_request("nav.pl_3") was successful, 1482 body bytes, 255 header bytes, 12 chunking overhead bytes  	[MsgId: MMSG-26385]
Action.c(144): web_reg_save_param started  	[MsgId: MMSG-26355]
Action.c(144): Registering web_reg_save_param was successful  	[MsgId: MMSG-26390]
Action.c(154): web_reg_save_param started  	[MsgId: MMSG-26355]
Action.c(154): Registering web_reg_save_param was successful  	[MsgId: MMSG-26390]
Action.c(161): web_custom_request("itinerary.pl") started  	[MsgId: MMSG-26355]
Action.c(161): Error -26377: No match found for the requested parameter "flightID". Either the specified boundaries were not found in the response or the matched text is longer than current max html parameter size of 256 bytes. The total length of the response is 887 bytes. You can use "web_set_max_html_param_len" to increase the max parameter size.  	[MsgId: MERR-26377]
Action.c(161): Error -26377: No match found for the requested parameter "cgifields". Either the specified boundaries were not found in the response or the matched text is longer than current max html parameter size of 256 bytes. The total length of the response is 887 bytes. You can use "web_set_max_html_param_len" to increase the max parameter size.  	[MsgId: MERR-26377]
End auto log messages stack.	[MsgId: MMSG-10544]


Start auto log messages stack - Iteration 4.	[MsgId: MMSG-10545]
Action.c(130): web_custom_request("nav.pl_3") started  	[MsgId: MMSG-26355]
Action.c(130): web_custom_request("nav.pl_3") was successful, 1482 body bytes, 255 header bytes, 12 chunking overhead bytes  	[MsgId: MMSG-26385]
Action.c(144): web_reg_save_param started  	[MsgId: MMSG-26355]
Action.c(144): Registering web_reg_save_param was successful  	[MsgId: MMSG-26390]
Action.c(154): web_reg_save_param started  	[MsgId: MMSG-26355]
Action.c(154): Registering web_reg_save_param was successful  	[MsgId: MMSG-26390]
Action.c(161): web_custom_request("itinerary.pl") started  	[MsgId: MMSG-26355]
Action.c(161): Error -26377: No match found for the requested parameter "flightID". Either the specified boundaries were not found in the response or the matched text is longer than current max html parameter size of 256 bytes. The total length of the response is 887 bytes. You can use "web_set_max_html_param_len" to increase the max parameter size.  	[MsgId: MERR-26377]
Action.c(161): Error -26377: No match found for the requested parameter "cgifields". Either the specified boundaries were not found in the response or the matched text is longer than current max html parameter size of 256 bytes. The total length of the response is 887 bytes. You can use "web_set_max_html_param_len" to increase the max parameter size.  	[MsgId: MERR-26377]
End auto log messages stack.	[MsgId: MMSG-10544]


