Start auto log messages stack - Iteration 1.	[MsgId: MMSG-10545]
Action.c(173): 268	[MsgId: MMSG-17999]
Action.c(174): 268	[MsgId: MMSG-17999]
Action.c(194): Message id [-17999] was not saved - Auto Log cache is too small to contain the message.	[MsgId: MMSG-10547]
Action.c(195): Message id [-17999] was not saved - Auto Log cache is too small to contain the message.	[MsgId: MMSG-10547]
Action.c(199): Message id [-17999] was not saved - Auto Log cache is too small to contain the message.	[MsgId: MMSG-10547]
Action.c(202): Notify: Transaction "itinerary" ended with a "Pass" status (Duration: 0,5469 Wasted Time: 0,0046).	[MsgId: MMSG-16871]
Action.c(204): Think time - Waiting 5,00 seconds (according to limit).	[MsgId: MMSG-15946]
Action.c(204): lr_think_time: 5,00 seconds (recorded think time was 55,00 seconds).	[MsgId: MMSG-15947]
Action.c(206): Notify: Transaction "delete" started.	[MsgId: MMSG-16999]
Action.c(208): web_add_header("Origin") started  	[MsgId: MMSG-26355]
Action.c(208): web_add_header("Origin") was successful  	[MsgId: MMSG-26392]
Action.c(212): web_reg_find started  	[MsgId: MMSG-26355]
Action.c(212): Registering web_reg_find was successful  	[MsgId: MMSG-26390]
Action.c(219): web_custom_request("itinerary.pl_2") started  	[MsgId: MMSG-26355]
Action.c(219): Error -26368: "Text=3297029669-7774-BI" found for web_reg_find (count=1)  	[MsgId: MERR-26368]
End auto log messages stack.	[MsgId: MMSG-10544]


Start auto log messages stack - Iteration 10.	[MsgId: MMSG-10545]
Action.c(173): 271	[MsgId: MMSG-17999]
Action.c(174): 271	[MsgId: MMSG-17999]
Action.c(194): Message id [-17999] was not saved - Auto Log cache is too small to contain the message.	[MsgId: MMSG-10547]
Action.c(195): Message id [-17999] was not saved - Auto Log cache is too small to contain the message.	[MsgId: MMSG-10547]
Action.c(199): Message id [-17999] was not saved - Auto Log cache is too small to contain the message.	[MsgId: MMSG-10547]
Action.c(202): Notify: Transaction "itinerary" ended with a "Pass" status (Duration: 0,4028 Wasted Time: 0,0028).	[MsgId: MMSG-16871]
Action.c(204): Think time - Waiting 5,00 seconds (according to limit).	[MsgId: MMSG-15946]
Action.c(204): lr_think_time: 5,00 seconds (recorded think time was 55,00 seconds).	[MsgId: MMSG-15947]
Action.c(206): Notify: Transaction "delete" started.	[MsgId: MMSG-16999]
Action.c(208): web_add_header("Origin") started  	[MsgId: MMSG-26355]
Action.c(208): web_add_header("Origin") was successful  	[MsgId: MMSG-26392]
Action.c(212): web_reg_find started  	[MsgId: MMSG-26355]
Action.c(212): Registering web_reg_find was successful  	[MsgId: MMSG-26390]
Action.c(219): web_custom_request("itinerary.pl_2") started  	[MsgId: MMSG-26355]
Action.c(219): Error -26368: "Text=329691487-781-BI" found for web_reg_find (count=1)  	[MsgId: MERR-26368]
End auto log messages stack.	[MsgId: MMSG-10544]


Start auto log messages stack - Iteration 21.	[MsgId: MMSG-10545]
Action.c(173): 81	[MsgId: MMSG-17999]
Action.c(174): 81	[MsgId: MMSG-17999]
Action.c(194): Message id [-17999] was not saved - Auto Log cache is too small to contain the message.	[MsgId: MMSG-10547]
Action.c(195): Message id [-17999] was not saved - Auto Log cache is too small to contain the message.	[MsgId: MMSG-10547]
Action.c(199): Message id [-17999] was not saved - Auto Log cache is too small to contain the message.	[MsgId: MMSG-10547]
Action.c(202): Notify: Transaction "itinerary" ended with a "Pass" status (Duration: 0,3353 Wasted Time: 0,0008).	[MsgId: MMSG-16871]
Action.c(204): Think time - Waiting 5,00 seconds (according to limit).	[MsgId: MMSG-15946]
Action.c(204): lr_think_time: 5,00 seconds (recorded think time was 55,00 seconds).	[MsgId: MMSG-15947]
Action.c(206): Notify: Transaction "delete" started.	[MsgId: MMSG-16999]
Action.c(208): web_add_header("Origin") started  	[MsgId: MMSG-26355]
Action.c(208): web_add_header("Origin") was successful  	[MsgId: MMSG-26392]
Action.c(212): web_reg_find started  	[MsgId: MMSG-26355]
Action.c(212): Registering web_reg_find was successful  	[MsgId: MMSG-26390]
Action.c(219): web_custom_request("itinerary.pl_2") started  	[MsgId: MMSG-26355]
Action.c(219): Error -26368: "Text=868848187-7774-CF" found for web_reg_find (count=1)  	[MsgId: MERR-26368]
End auto log messages stack.	[MsgId: MMSG-10544]


Start auto log messages stack - Iteration 64.	[MsgId: MMSG-10545]
Action.c(131): web_custom_request("nav.pl_3") started  	[MsgId: MMSG-26355]
Action.c(131): web_custom_request("nav.pl_3") was successful, 1482 body bytes, 255 header bytes, 12 chunking overhead bytes  	[MsgId: MMSG-26385]
Action.c(145): web_reg_save_param started  	[MsgId: MMSG-26355]
Action.c(145): Registering web_reg_save_param was successful  	[MsgId: MMSG-26390]
Action.c(155): web_reg_save_param started  	[MsgId: MMSG-26355]
Action.c(155): Registering web_reg_save_param was successful  	[MsgId: MMSG-26390]
Action.c(162): web_custom_request("itinerary.pl") started  	[MsgId: MMSG-26355]
Action.c(162): Error -26612: HTTP Status-Code=500 (Internal Server Error) for "http://localhost:1080/cgi-bin/itinerary.pl"  	[MsgId: MERR-26612]
Action.c(162): Error -26377: No match found for the requested parameter "flightID". Either the specified boundaries were not found in the response or the matched text is longer than current max html parameter size of 256 bytes. The total length of the response is 535 bytes. You can use "web_set_max_html_param_len" to increase the max parameter size.  	[MsgId: MERR-26377]
Action.c(162): Error -26377: No match found for the requested parameter "cgifields". Either the specified boundaries were not found in the response or the matched text is longer than current max html parameter size of 256 bytes. The total length of the response is 535 bytes. You can use "web_set_max_html_param_len" to increase the max parameter size.  	[MsgId: MERR-26377]
End auto log messages stack.	[MsgId: MMSG-10544]


Start auto log messages stack - Iteration 97.	[MsgId: MMSG-10545]
Action.c(199): Message id [-17999] was not saved - Auto Log cache is too small to contain the message.	[MsgId: MMSG-10547]
Action.c(202): Notify: Transaction "itinerary" ended with a "Pass" status (Duration: 0,3649 Wasted Time: 0,0009).	[MsgId: MMSG-16871]
Action.c(204): Think time - Waiting 5,00 seconds (according to limit).	[MsgId: MMSG-15946]
Action.c(204): lr_think_time: 5,00 seconds (recorded think time was 55,00 seconds).	[MsgId: MMSG-15947]
Action.c(206): Notify: Transaction "delete" started.	[MsgId: MMSG-16999]
Action.c(208): web_add_header("Origin") started  	[MsgId: MMSG-26355]
Action.c(208): web_add_header("Origin") was successful  	[MsgId: MMSG-26392]
Action.c(212): web_reg_find started  	[MsgId: MMSG-26355]
Action.c(212): Registering web_reg_find was successful  	[MsgId: MMSG-26390]
Action.c(219): web_custom_request("itinerary.pl_2") started  	[MsgId: MMSG-26355]
Action.c(219): Error -26368: "Text=86856306-789-CF" found for web_reg_find (count=1)  	[MsgId: MERR-26368]
End auto log messages stack.	[MsgId: MMSG-10544]


Start auto log messages stack - Iteration 134.	[MsgId: MMSG-10545]
Action.c(173): 348	[MsgId: MMSG-17999]
Action.c(174): 348	[MsgId: MMSG-17999]
Action.c(194): Message id [-17999] was not saved - Auto Log cache is too small to contain the message.	[MsgId: MMSG-10547]
Action.c(195): Message id [-17999] was not saved - Auto Log cache is too small to contain the message.	[MsgId: MMSG-10547]
Action.c(199): Message id [-17999] was not saved - Auto Log cache is too small to contain the message.	[MsgId: MMSG-10547]
Action.c(202): Notify: Transaction "itinerary" ended with a "Pass" status (Duration: 0,3657 Wasted Time: 0,0043).	[MsgId: MMSG-16871]
Action.c(204): Think time - Waiting 5,00 seconds (according to limit).	[MsgId: MMSG-15946]
Action.c(204): lr_think_time: 5,00 seconds (recorded think time was 55,00 seconds).	[MsgId: MMSG-15947]
Action.c(206): Notify: Transaction "delete" started.	[MsgId: MMSG-16999]
Action.c(208): web_add_header("Origin") started  	[MsgId: MMSG-26355]
Action.c(208): web_add_header("Origin") was successful  	[MsgId: MMSG-26392]
Action.c(212): web_reg_find started  	[MsgId: MMSG-26355]
Action.c(212): Registering web_reg_find was successful  	[MsgId: MMSG-26390]
Action.c(219): web_custom_request("itinerary.pl_2") started  	[MsgId: MMSG-26355]
Action.c(219): Error -26368: "Text=329691487-781-BI" found for web_reg_find (count=1)  	[MsgId: MERR-26368]
End auto log messages stack.	[MsgId: MMSG-10544]


Start auto log messages stack - Iteration 134.	[MsgId: MMSG-10545]
Action.c(173): 351	[MsgId: MMSG-17999]
Action.c(174): 351	[MsgId: MMSG-17999]
Action.c(194): Message id [-17999] was not saved - Auto Log cache is too small to contain the message.	[MsgId: MMSG-10547]
Action.c(195): Message id [-17999] was not saved - Auto Log cache is too small to contain the message.	[MsgId: MMSG-10547]
Action.c(199): Message id [-17999] was not saved - Auto Log cache is too small to contain the message.	[MsgId: MMSG-10547]
Action.c(202): Notify: Transaction "itinerary" ended with a "Pass" status (Duration: 0,4149 Wasted Time: 0,0036).	[MsgId: MMSG-16871]
Action.c(204): Think time - Waiting 5,00 seconds (according to limit).	[MsgId: MMSG-15946]
Action.c(204): lr_think_time: 5,00 seconds (recorded think time was 55,00 seconds).	[MsgId: MMSG-15947]
Action.c(206): Notify: Transaction "delete" started.	[MsgId: MMSG-16999]
Action.c(208): web_add_header("Origin") started  	[MsgId: MMSG-26355]
Action.c(208): web_add_header("Origin") was successful  	[MsgId: MMSG-26392]
Action.c(212): web_reg_find started  	[MsgId: MMSG-26355]
Action.c(212): Registering web_reg_find was successful  	[MsgId: MMSG-26390]
Action.c(219): web_custom_request("itinerary.pl_2") started  	[MsgId: MMSG-26355]
Action.c(219): Error -26368: "Text=329691487-781-BI" found for web_reg_find (count=1)  	[MsgId: MERR-26368]
End auto log messages stack.	[MsgId: MMSG-10544]


