Start auto log messages stack - Iteration 5.	[MsgId: MMSG-10545]
Action.c(201): Notify: Transaction "itinerary" ended with a "Pass" status (Duration: 0,2948 Wasted Time: 0,0002).	[MsgId: MMSG-16871]
Action.c(203): Notify: Transaction "delete" started.	[MsgId: MMSG-16999]
Action.c(205): web_add_header("Origin") started  	[MsgId: MMSG-26355]
Action.c(205): web_add_header("Origin") was successful  	[MsgId: MMSG-26392]
Action.c(208): Think time - Waiting 5,00 seconds (according to limit).	[MsgId: MMSG-15946]
Action.c(208): lr_think_time: 5,00 seconds (recorded think time was 55,00 seconds).	[MsgId: MMSG-15947]
Action.c(211): web_reg_find started  	[MsgId: MMSG-26355]
Action.c(211): Registering web_reg_find was successful  	[MsgId: MMSG-26390]
Action.c(218): web_custom_request("itinerary.pl_2") started  	[MsgId: MMSG-26355]
Action.c(218): Error -26368: "Text=868848222-7847-CF" found for web_reg_find (count=1)  	[MsgId: MERR-26368]
End auto log messages stack.	[MsgId: MMSG-10544]


Start auto log messages stack - Iteration 12.	[MsgId: MMSG-10545]
Action.c(201): Notify: Transaction "itinerary" ended with a "Pass" status (Duration: 0,2596 Wasted Time: 0,0002).	[MsgId: MMSG-16871]
Action.c(203): Notify: Transaction "delete" started.	[MsgId: MMSG-16999]
Action.c(205): web_add_header("Origin") started  	[MsgId: MMSG-26355]
Action.c(205): web_add_header("Origin") was successful  	[MsgId: MMSG-26392]
Action.c(208): Think time - Waiting 5,00 seconds (according to limit).	[MsgId: MMSG-15946]
Action.c(208): lr_think_time: 5,00 seconds (recorded think time was 55,00 seconds).	[MsgId: MMSG-15947]
Action.c(211): web_reg_find started  	[MsgId: MMSG-26355]
Action.c(211): Registering web_reg_find was successful  	[MsgId: MMSG-26390]
Action.c(218): web_custom_request("itinerary.pl_2") started  	[MsgId: MMSG-26355]
Action.c(218): Error -26368: "Text=169159276-805-BB" found for web_reg_find (count=1)  	[MsgId: MERR-26368]
End auto log messages stack.	[MsgId: MMSG-10544]


Start auto log messages stack - Iteration 20.	[MsgId: MMSG-10545]
Action.c(198): Message id [-17999] was not saved - Auto Log cache is too small to contain the message.	[MsgId: MMSG-10547]
Action.c(201): Notify: Transaction "itinerary" ended with a "Pass" status (Duration: 0,3568 Wasted Time: 0,0004).	[MsgId: MMSG-16871]
Action.c(203): Notify: Transaction "delete" started.	[MsgId: MMSG-16999]
Action.c(205): web_add_header("Origin") started  	[MsgId: MMSG-26355]
Action.c(205): web_add_header("Origin") was successful  	[MsgId: MMSG-26392]
Action.c(208): Think time - Waiting 5,00 seconds (according to limit).	[MsgId: MMSG-15946]
Action.c(208): lr_think_time: 5,00 seconds (recorded think time was 55,00 seconds).	[MsgId: MMSG-15947]
Action.c(211): web_reg_find started  	[MsgId: MMSG-26355]
Action.c(211): Registering web_reg_find was successful  	[MsgId: MMSG-26390]
Action.c(218): web_custom_request("itinerary.pl_2") started  	[MsgId: MMSG-26355]
Action.c(218): Error -26368: "Text=3297029704-7847-BI" found for web_reg_find (count=1)  	[MsgId: MERR-26368]
End auto log messages stack.	[MsgId: MMSG-10544]


Start auto log messages stack - Iteration 21.	[MsgId: MMSG-10545]
Action.c(198): Message id [-17999] was not saved - Auto Log cache is too small to contain the message.	[MsgId: MMSG-10547]
Action.c(201): Notify: Transaction "itinerary" ended with a "Pass" status (Duration: 0,3479 Wasted Time: 0,0003).	[MsgId: MMSG-16871]
Action.c(203): Notify: Transaction "delete" started.	[MsgId: MMSG-16999]
Action.c(205): web_add_header("Origin") started  	[MsgId: MMSG-26355]
Action.c(205): web_add_header("Origin") was successful  	[MsgId: MMSG-26392]
Action.c(208): Think time - Waiting 5,00 seconds (according to limit).	[MsgId: MMSG-15946]
Action.c(208): lr_think_time: 5,00 seconds (recorded think time was 55,00 seconds).	[MsgId: MMSG-15947]
Action.c(211): web_reg_find started  	[MsgId: MMSG-26355]
Action.c(211): Registering web_reg_find was successful  	[MsgId: MMSG-26390]
Action.c(218): web_custom_request("itinerary.pl_2") started  	[MsgId: MMSG-26355]
Action.c(218): Error -26368: "Text=251452240-807-CS" found for web_reg_find (count=1)  	[MsgId: MERR-26368]
End auto log messages stack.	[MsgId: MMSG-10544]


Start auto log messages stack - Iteration 38.	[MsgId: MMSG-10545]
Action.c(198): Message id [-17999] was not saved - Auto Log cache is too small to contain the message.	[MsgId: MMSG-10547]
Action.c(201): Notify: Transaction "itinerary" ended with a "Pass" status (Duration: 0,2320 Wasted Time: 0,0003).	[MsgId: MMSG-16871]
Action.c(203): Notify: Transaction "delete" started.	[MsgId: MMSG-16999]
Action.c(205): web_add_header("Origin") started  	[MsgId: MMSG-26355]
Action.c(205): web_add_header("Origin") was successful  	[MsgId: MMSG-26392]
Action.c(208): Think time - Waiting 5,00 seconds (according to limit).	[MsgId: MMSG-15946]
Action.c(208): lr_think_time: 5,00 seconds (recorded think time was 55,00 seconds).	[MsgId: MMSG-15947]
Action.c(211): web_reg_find started  	[MsgId: MMSG-26355]
Action.c(211): Registering web_reg_find was successful  	[MsgId: MMSG-26390]
Action.c(218): web_custom_request("itinerary.pl_2") started  	[MsgId: MMSG-26355]
Action.c(218): Error -26368: "Text=1280329704-7847-JH" found for web_reg_find (count=1)  	[MsgId: MERR-26368]
End auto log messages stack.	[MsgId: MMSG-10544]


Start auto log messages stack - Iteration 46.	[MsgId: MMSG-10545]
Action.c(198): Message id [-17999] was not saved - Auto Log cache is too small to contain the message.	[MsgId: MMSG-10547]
Action.c(201): Notify: Transaction "itinerary" ended with a "Pass" status (Duration: 0,2476 Wasted Time: 0,0003).	[MsgId: MMSG-16871]
Action.c(203): Notify: Transaction "delete" started.	[MsgId: MMSG-16999]
Action.c(205): web_add_header("Origin") started  	[MsgId: MMSG-26355]
Action.c(205): web_add_header("Origin") was successful  	[MsgId: MMSG-26392]
Action.c(208): Think time - Waiting 5,00 seconds (according to limit).	[MsgId: MMSG-15946]
Action.c(208): lr_think_time: 5,00 seconds (recorded think time was 55,00 seconds).	[MsgId: MMSG-15947]
Action.c(211): web_reg_find started  	[MsgId: MMSG-26355]
Action.c(211): Registering web_reg_find was successful  	[MsgId: MMSG-26390]
Action.c(218): web_custom_request("itinerary.pl_2") started  	[MsgId: MMSG-26355]
Action.c(218): Error -26368: "Text=283482610-805-LJ" found for web_reg_find (count=1)  	[MsgId: MERR-26368]
End auto log messages stack.	[MsgId: MMSG-10544]


Start auto log messages stack - Iteration 22.	[MsgId: MMSG-10545]
Action.c(198): Message id [-17999] was not saved - Auto Log cache is too small to contain the message.	[MsgId: MMSG-10547]
Action.c(201): Notify: Transaction "itinerary" ended with a "Pass" status (Duration: 0,3590 Wasted Time: 0,0004).	[MsgId: MMSG-16871]
Action.c(203): Notify: Transaction "delete" started.	[MsgId: MMSG-16999]
Action.c(205): web_add_header("Origin") started  	[MsgId: MMSG-26355]
Action.c(205): web_add_header("Origin") was successful  	[MsgId: MMSG-26392]
Action.c(208): Think time - Waiting 5,00 seconds (according to limit).	[MsgId: MMSG-15946]
Action.c(208): lr_think_time: 5,00 seconds (recorded think time was 55,00 seconds).	[MsgId: MMSG-15947]
Action.c(211): web_reg_find started  	[MsgId: MMSG-26355]
Action.c(211): Registering web_reg_find was successful  	[MsgId: MMSG-26390]
Action.c(218): web_custom_request("itinerary.pl_2") started  	[MsgId: MMSG-26355]
Action.c(218): Error -26368: "Text=1280200043-7781-JH" found for web_reg_find (count=1)  	[MsgId: MERR-26368]
End auto log messages stack.	[MsgId: MMSG-10544]


Start auto log messages stack - Iteration 1.	[MsgId: MMSG-10545]
Action.c(198): Message id [-17999] was not saved - Auto Log cache is too small to contain the message.	[MsgId: MMSG-10547]
Action.c(201): Notify: Transaction "itinerary" ended with a "Pass" status (Duration: 0,2086 Wasted Time: 0,0003).	[MsgId: MMSG-16871]
Action.c(203): Notify: Transaction "delete" started.	[MsgId: MMSG-16999]
Action.c(205): web_add_header("Origin") started  	[MsgId: MMSG-26355]
Action.c(205): web_add_header("Origin") was successful  	[MsgId: MMSG-26392]
Action.c(208): Think time - Waiting 5,00 seconds (according to limit).	[MsgId: MMSG-15946]
Action.c(208): lr_think_time: 5,00 seconds (recorded think time was 55,00 seconds).	[MsgId: MMSG-15947]
Action.c(211): web_reg_find started  	[MsgId: MMSG-26355]
Action.c(211): Registering web_reg_find was successful  	[MsgId: MMSG-26390]
Action.c(218): web_custom_request("itinerary.pl_2") started  	[MsgId: MMSG-26355]
Action.c(218): Error -26368: "Text=2103292667-7847-BD" found for web_reg_find (count=1)  	[MsgId: MERR-26368]
End auto log messages stack.	[MsgId: MMSG-10544]


Start auto log messages stack - Iteration 2.	[MsgId: MMSG-10545]
Action.c(198): Message id [-17999] was not saved - Auto Log cache is too small to contain the message.	[MsgId: MMSG-10547]
Action.c(201): Notify: Transaction "itinerary" ended with a "Pass" status (Duration: 0,2839 Wasted Time: 0,0003).	[MsgId: MMSG-16871]
Action.c(203): Notify: Transaction "delete" started.	[MsgId: MMSG-16999]
Action.c(205): web_add_header("Origin") started  	[MsgId: MMSG-26355]
Action.c(205): web_add_header("Origin") was successful  	[MsgId: MMSG-26392]
Action.c(208): Think time - Waiting 5,00 seconds (according to limit).	[MsgId: MMSG-15946]
Action.c(208): lr_think_time: 5,00 seconds (recorded think time was 55,00 seconds).	[MsgId: MMSG-15947]
Action.c(211): web_reg_find started  	[MsgId: MMSG-26355]
Action.c(211): Registering web_reg_find was successful  	[MsgId: MMSG-26390]
Action.c(218): web_custom_request("itinerary.pl_2") started  	[MsgId: MMSG-26355]
Action.c(218): Error -26368: "Text=33380262-83-ST" found for web_reg_find (count=1)  	[MsgId: MERR-26368]
End auto log messages stack.	[MsgId: MMSG-10544]


Start auto log messages stack - Iteration 31.	[MsgId: MMSG-10545]
Action.c(198): Message id [-17999] was not saved - Auto Log cache is too small to contain the message.	[MsgId: MMSG-10547]
Action.c(201): Notify: Transaction "itinerary" ended with a "Pass" status (Duration: 0,3465 Wasted Time: 0,0003).	[MsgId: MMSG-16871]
Action.c(203): Notify: Transaction "delete" started.	[MsgId: MMSG-16999]
Action.c(205): web_add_header("Origin") started  	[MsgId: MMSG-26355]
Action.c(205): web_add_header("Origin") was successful  	[MsgId: MMSG-26392]
Action.c(208): Think time - Waiting 5,00 seconds (according to limit).	[MsgId: MMSG-15946]
Action.c(208): lr_think_time: 5,00 seconds (recorded think time was 55,00 seconds).	[MsgId: MMSG-15947]
Action.c(211): web_reg_find started  	[MsgId: MMSG-26355]
Action.c(211): Registering web_reg_find was successful  	[MsgId: MMSG-26390]
Action.c(218): web_custom_request("itinerary.pl_2") started  	[MsgId: MMSG-26355]
Action.c(218): Error -26368: "Text=868881556-7847-CF" found for web_reg_find (count=1)  	[MsgId: MERR-26368]
End auto log messages stack.	[MsgId: MMSG-10544]


Start auto log messages stack - Iteration 60.	[MsgId: MMSG-10545]
Action.c(198): Message id [-17999] was not saved - Auto Log cache is too small to contain the message.	[MsgId: MMSG-10547]
Action.c(201): Notify: Transaction "itinerary" ended with a "Pass" status (Duration: 0,3055 Wasted Time: 0,0004).	[MsgId: MMSG-16871]
Action.c(203): Notify: Transaction "delete" started.	[MsgId: MMSG-16999]
Action.c(205): web_add_header("Origin") started  	[MsgId: MMSG-26355]
Action.c(205): web_add_header("Origin") was successful  	[MsgId: MMSG-26392]
Action.c(208): Think time - Waiting 5,00 seconds (according to limit).	[MsgId: MMSG-15946]
Action.c(208): lr_think_time: 5,00 seconds (recorded think time was 55,00 seconds).	[MsgId: MMSG-15947]
Action.c(211): web_reg_find started  	[MsgId: MMSG-26355]
Action.c(211): Registering web_reg_find was successful  	[MsgId: MMSG-26390]
Action.c(218): web_custom_request("itinerary.pl_2") started  	[MsgId: MMSG-26355]
Action.c(218): Error -26368: "Text=2514774148-7847-CS" found for web_reg_find (count=1)  	[MsgId: MERR-26368]
End auto log messages stack.	[MsgId: MMSG-10544]


Start auto log messages stack - Iteration 53.	[MsgId: MMSG-10545]
Action.c(198): Message id [-17999] was not saved - Auto Log cache is too small to contain the message.	[MsgId: MMSG-10547]
Action.c(201): Notify: Transaction "itinerary" ended with a "Pass" status (Duration: 0,2727 Wasted Time: 0,0004).	[MsgId: MMSG-16871]
Action.c(203): Notify: Transaction "delete" started.	[MsgId: MMSG-16999]
Action.c(205): web_add_header("Origin") started  	[MsgId: MMSG-26355]
Action.c(205): web_add_header("Origin") was successful  	[MsgId: MMSG-26392]
Action.c(208): Think time - Waiting 5,00 seconds (according to limit).	[MsgId: MMSG-15946]
Action.c(208): lr_think_time: 5,00 seconds (recorded think time was 55,00 seconds).	[MsgId: MMSG-15947]
Action.c(211): web_reg_find started  	[MsgId: MMSG-26355]
Action.c(211): Registering web_reg_find was successful  	[MsgId: MMSG-26390]
Action.c(218): web_custom_request("itinerary.pl_2") started  	[MsgId: MMSG-26355]
Action.c(218): Error -26368: "Text=2103163006-7781-BD" found for web_reg_find (count=1)  	[MsgId: MERR-26368]
End auto log messages stack.	[MsgId: MMSG-10544]


Start auto log messages stack - Iteration 80.	[MsgId: MMSG-10545]
Action.c(198): Message id [-17999] was not saved - Auto Log cache is too small to contain the message.	[MsgId: MMSG-10547]
Action.c(201): Notify: Transaction "itinerary" ended with a "Pass" status (Duration: 0,3254 Wasted Time: 0,0003).	[MsgId: MMSG-16871]
Action.c(203): Notify: Transaction "delete" started.	[MsgId: MMSG-16999]
Action.c(205): web_add_header("Origin") started  	[MsgId: MMSG-26355]
Action.c(205): web_add_header("Origin") was successful  	[MsgId: MMSG-26392]
Action.c(208): Think time - Waiting 5,00 seconds (according to limit).	[MsgId: MMSG-15946]
Action.c(208): lr_think_time: 5,00 seconds (recorded think time was 55,00 seconds).	[MsgId: MMSG-15947]
Action.c(211): web_reg_find started  	[MsgId: MMSG-26355]
Action.c(211): Registering web_reg_find was successful  	[MsgId: MMSG-26390]
Action.c(218): web_custom_request("itinerary.pl_2") started  	[MsgId: MMSG-26355]
Action.c(218): Error -26368: "Text=4556684-805-DL" found for web_reg_find (count=1)  	[MsgId: MERR-26368]
End auto log messages stack.	[MsgId: MMSG-10544]


Start auto log messages stack - Iteration 31.	[MsgId: MMSG-10545]
Action.c(198): Message id [-17999] was not saved - Auto Log cache is too small to contain the message.	[MsgId: MMSG-10547]
Action.c(201): Notify: Transaction "itinerary" ended with a "Pass" status (Duration: 0,2920 Wasted Time: 0,0003).	[MsgId: MMSG-16871]
Action.c(203): Notify: Transaction "delete" started.	[MsgId: MMSG-16999]
Action.c(205): web_add_header("Origin") started  	[MsgId: MMSG-26355]
Action.c(205): web_add_header("Origin") was successful  	[MsgId: MMSG-26392]
Action.c(208): Think time - Waiting 5,00 seconds (according to limit).	[MsgId: MMSG-15946]
Action.c(208): lr_think_time: 5,00 seconds (recorded think time was 55,00 seconds).	[MsgId: MMSG-15947]
Action.c(211): web_reg_find started  	[MsgId: MMSG-26355]
Action.c(211): Registering web_reg_find was successful  	[MsgId: MMSG-26390]
Action.c(218): web_custom_request("itinerary.pl_2") started  	[MsgId: MMSG-26355]
Action.c(218): Error -26368: "Text=2922585259-7847-BP" found for web_reg_find (count=1)  	[MsgId: MERR-26368]
End auto log messages stack.	[MsgId: MMSG-10544]


Start auto log messages stack - Iteration 32.	[MsgId: MMSG-10545]
Action.c(198): Message id [-17999] was not saved - Auto Log cache is too small to contain the message.	[MsgId: MMSG-10547]
Action.c(201): Notify: Transaction "itinerary" ended with a "Pass" status (Duration: 0,2465 Wasted Time: 0,0004).	[MsgId: MMSG-16871]
Action.c(203): Notify: Transaction "delete" started.	[MsgId: MMSG-16999]
Action.c(205): web_add_header("Origin") started  	[MsgId: MMSG-26355]
Action.c(205): web_add_header("Origin") was successful  	[MsgId: MMSG-26392]
Action.c(208): Think time - Waiting 5,00 seconds (according to limit).	[MsgId: MMSG-15946]
Action.c(208): lr_think_time: 5,00 seconds (recorded think time was 55,00 seconds).	[MsgId: MMSG-15947]
Action.c(211): web_reg_find started  	[MsgId: MMSG-26355]
Action.c(211): Registering web_reg_find was successful  	[MsgId: MMSG-26390]
Action.c(218): web_custom_request("itinerary.pl_2") started  	[MsgId: MMSG-26355]
Action.c(218): Error -26368: "Text=4583709-781-DL" found for web_reg_find (count=1)  	[MsgId: MERR-26368]
End auto log messages stack.	[MsgId: MMSG-10544]


Start auto log messages stack - Iteration 13.	[MsgId: MMSG-10545]
Action.c(198): Message id [-17999] was not saved - Auto Log cache is too small to contain the message.	[MsgId: MMSG-10547]
Action.c(201): Notify: Transaction "itinerary" ended with a "Pass" status (Duration: 0,2966 Wasted Time: 0,0003).	[MsgId: MMSG-16871]
Action.c(203): Notify: Transaction "delete" started.	[MsgId: MMSG-16999]
Action.c(205): web_add_header("Origin") started  	[MsgId: MMSG-26355]
Action.c(205): web_add_header("Origin") was successful  	[MsgId: MMSG-26392]
Action.c(208): Think time - Waiting 5,00 seconds (according to limit).	[MsgId: MMSG-15946]
Action.c(208): lr_think_time: 5,00 seconds (recorded think time was 55,00 seconds).	[MsgId: MMSG-15947]
Action.c(211): web_reg_find started  	[MsgId: MMSG-26355]
Action.c(211): Registering web_reg_find was successful  	[MsgId: MMSG-26390]
Action.c(218): web_custom_request("itinerary.pl_2") started  	[MsgId: MMSG-26355]
Action.c(218): Error -26368: "Text=45722265-7781-DL" found for web_reg_find (count=1)  	[MsgId: MERR-26368]
End auto log messages stack.	[MsgId: MMSG-10544]


Start auto log messages stack - Iteration 76.	[MsgId: MMSG-10545]
Action.c(198): Message id [-17999] was not saved - Auto Log cache is too small to contain the message.	[MsgId: MMSG-10547]
Action.c(201): Notify: Transaction "itinerary" ended with a "Pass" status (Duration: 0,4199 Wasted Time: 0,0006).	[MsgId: MMSG-16871]
Action.c(203): Notify: Transaction "delete" started.	[MsgId: MMSG-16999]
Action.c(205): web_add_header("Origin") started  	[MsgId: MMSG-26355]
Action.c(205): web_add_header("Origin") was successful  	[MsgId: MMSG-26392]
Action.c(208): Think time - Waiting 5,00 seconds (according to limit).	[MsgId: MMSG-15946]
Action.c(208): lr_think_time: 5,00 seconds (recorded think time was 55,00 seconds).	[MsgId: MMSG-15947]
Action.c(211): web_reg_find started  	[MsgId: MMSG-26355]
Action.c(211): Registering web_reg_find was successful  	[MsgId: MMSG-26390]
Action.c(218): web_custom_request("itinerary.pl_2") started  	[MsgId: MMSG-26355]
Action.c(218): Error -26368: "Text=2103326000-7847-BD" found for web_reg_find (count=1)  	[MsgId: MERR-26368]
End auto log messages stack.	[MsgId: MMSG-10544]


Start auto log messages stack - Iteration 7.	[MsgId: MMSG-10545]
Action.c(198): Message id [-17999] was not saved - Auto Log cache is too small to contain the message.	[MsgId: MMSG-10547]
Action.c(201): Notify: Transaction "itinerary" ended with a "Pass" status (Duration: 0,3834 Wasted Time: 0,0006).	[MsgId: MMSG-16871]
Action.c(203): Notify: Transaction "delete" started.	[MsgId: MMSG-16999]
Action.c(205): web_add_header("Origin") started  	[MsgId: MMSG-26355]
Action.c(205): web_add_header("Origin") was successful  	[MsgId: MMSG-26392]
Action.c(208): Think time - Waiting 5,00 seconds (according to limit).	[MsgId: MMSG-15946]
Action.c(208): lr_think_time: 5,00 seconds (recorded think time was 55,00 seconds).	[MsgId: MMSG-15947]
Action.c(211): web_reg_find started  	[MsgId: MMSG-26355]
Action.c(211): Registering web_reg_find was successful  	[MsgId: MMSG-26390]
Action.c(218): web_custom_request("itinerary.pl_2") started  	[MsgId: MMSG-26355]
Action.c(218): Error -26368: "Text=128004462-807-JH" found for web_reg_find (count=1)  	[MsgId: MERR-26368]
End auto log messages stack.	[MsgId: MMSG-10544]


Start auto log messages stack - Iteration 63.	[MsgId: MMSG-10545]
Action.c(198): Message id [-17999] was not saved - Auto Log cache is too small to contain the message.	[MsgId: MMSG-10547]
Action.c(201): Notify: Transaction "itinerary" ended with a "Pass" status (Duration: 0,3579 Wasted Time: 0,0006).	[MsgId: MMSG-16871]
Action.c(203): Notify: Transaction "delete" started.	[MsgId: MMSG-16999]
Action.c(205): web_add_header("Origin") started  	[MsgId: MMSG-26355]
Action.c(205): web_add_header("Origin") was successful  	[MsgId: MMSG-26392]
Action.c(208): Think time - Waiting 5,00 seconds (according to limit).	[MsgId: MMSG-15946]
Action.c(208): lr_think_time: 5,00 seconds (recorded think time was 55,00 seconds).	[MsgId: MMSG-15947]
Action.c(211): web_reg_find started  	[MsgId: MMSG-26355]
Action.c(211): Registering web_reg_find was successful  	[MsgId: MMSG-26390]
Action.c(218): web_custom_request("itinerary.pl_2") started  	[MsgId: MMSG-26355]
Action.c(218): Error -26368: "Text=333788906-805-ST" found for web_reg_find (count=1)  	[MsgId: MERR-26368]
End auto log messages stack.	[MsgId: MMSG-10544]


Start auto log messages stack - Iteration 119.	[MsgId: MMSG-10545]
Action.c(198): Message id [-17999] was not saved - Auto Log cache is too small to contain the message.	[MsgId: MMSG-10547]
Action.c(201): Notify: Transaction "itinerary" ended with a "Pass" status (Duration: 0,3141 Wasted Time: 0,0009).	[MsgId: MMSG-16871]
Action.c(203): Notify: Transaction "delete" started.	[MsgId: MMSG-16999]
Action.c(205): web_add_header("Origin") started  	[MsgId: MMSG-26355]
Action.c(205): web_add_header("Origin") was successful  	[MsgId: MMSG-26392]
Action.c(208): Think time - Waiting 5,00 seconds (according to limit).	[MsgId: MMSG-15946]
Action.c(208): lr_think_time: 5,00 seconds (recorded think time was 55,00 seconds).	[MsgId: MMSG-15947]
Action.c(211): web_reg_find started  	[MsgId: MMSG-26355]
Action.c(211): Registering web_reg_find was successful  	[MsgId: MMSG-26390]
Action.c(218): web_custom_request("itinerary.pl_2") started  	[MsgId: MMSG-26355]
Action.c(218): Error -26368: "Text=333788906-805-ST" found for web_reg_find (count=1)  	[MsgId: MERR-26368]
End auto log messages stack.	[MsgId: MMSG-10544]


Start auto log messages stack - Iteration 41.	[MsgId: MMSG-10545]
Action.c(198): Message id [-17999] was not saved - Auto Log cache is too small to contain the message.	[MsgId: MMSG-10547]
Action.c(201): Notify: Transaction "itinerary" ended with a "Pass" status (Duration: 0,2640 Wasted Time: 0,0005).	[MsgId: MMSG-16871]
Action.c(203): Notify: Transaction "delete" started.	[MsgId: MMSG-16999]
Action.c(205): web_add_header("Origin") started  	[MsgId: MMSG-26355]
Action.c(205): web_add_header("Origin") was successful  	[MsgId: MMSG-26392]
Action.c(208): Think time - Waiting 5,00 seconds (according to limit).	[MsgId: MMSG-15946]
Action.c(208): lr_think_time: 5,00 seconds (recorded think time was 55,00 seconds).	[MsgId: MMSG-15947]
Action.c(211): web_reg_find started  	[MsgId: MMSG-26355]
Action.c(211): Registering web_reg_find was successful  	[MsgId: MMSG-26390]
Action.c(218): web_custom_request("itinerary.pl_2") started  	[MsgId: MMSG-26355]
Action.c(218): Error -26368: "Text=292247043-781-BP" found for web_reg_find (count=1)  	[MsgId: MERR-26368]
End auto log messages stack.	[MsgId: MMSG-10544]


Start auto log messages stack - Iteration 125.	[MsgId: MMSG-10545]
Action.c(198): Message id [-17999] was not saved - Auto Log cache is too small to contain the message.	[MsgId: MMSG-10547]
Action.c(201): Notify: Transaction "itinerary" ended with a "Pass" status (Duration: 0,3949 Wasted Time: 0,0009).	[MsgId: MMSG-16871]
Action.c(203): Notify: Transaction "delete" started.	[MsgId: MMSG-16999]
Action.c(205): web_add_header("Origin") started  	[MsgId: MMSG-26355]
Action.c(205): web_add_header("Origin") was successful  	[MsgId: MMSG-26392]
Action.c(208): Think time - Waiting 5,00 seconds (according to limit).	[MsgId: MMSG-15946]
Action.c(208): lr_think_time: 5,00 seconds (recorded think time was 55,00 seconds).	[MsgId: MMSG-15947]
Action.c(211): web_reg_find started  	[MsgId: MMSG-26355]
Action.c(211): Registering web_reg_find was successful  	[MsgId: MMSG-26390]
Action.c(218): web_custom_request("itinerary.pl_2") started  	[MsgId: MMSG-26355]
Action.c(218): Error -26368: "Text=292233350-805-BP" found for web_reg_find (count=1)  	[MsgId: MERR-26368]
End auto log messages stack.	[MsgId: MMSG-10544]


Start auto log messages stack - Iteration 72.	[MsgId: MMSG-10545]
Action.c(172): 80	[MsgId: MMSG-17999]
Action.c(173): 80	[MsgId: MMSG-17999]
Action.c(193): Message id [-17999] was not saved - Auto Log cache is too small to contain the message.	[MsgId: MMSG-10547]
Action.c(194): Message id [-17999] was not saved - Auto Log cache is too small to contain the message.	[MsgId: MMSG-10547]
Action.c(198): Message id [-17999] was not saved - Auto Log cache is too small to contain the message.	[MsgId: MMSG-10547]
Action.c(201): Notify: Transaction "itinerary" ended with a "Pass" status (Duration: 0,4334 Wasted Time: 0,0008).	[MsgId: MMSG-16871]
Action.c(203): Notify: Transaction "delete" started.	[MsgId: MMSG-16999]
Action.c(205): web_add_header("Origin") started  	[MsgId: MMSG-26355]
Action.c(205): web_add_header("Origin") was successful  	[MsgId: MMSG-26392]
Action.c(208): Think time - Waiting 5,00 seconds (according to limit).	[MsgId: MMSG-15946]
Action.c(208): lr_think_time: 5,00 seconds (recorded think time was 55,00 seconds).	[MsgId: MMSG-15947]
Action.c(211): web_reg_find started  	[MsgId: MMSG-26355]
Action.c(211): Registering web_reg_find was successful  	[MsgId: MMSG-26390]
Action.c(218): web_custom_request("itinerary.pl_2") started  	[MsgId: MMSG-26355]
Action.c(218): Error -26368: "Text=169155944-807-BB" found for web_reg_find (count=1)  	[MsgId: MERR-26368]
End auto log messages stack.	[MsgId: MMSG-10544]


Start auto log messages stack - Iteration 47.	[MsgId: MMSG-10545]
Action.c(172): 91	[MsgId: MMSG-17999]
Action.c(173): 91	[MsgId: MMSG-17999]
Action.c(193): Message id [-17999] was not saved - Auto Log cache is too small to contain the message.	[MsgId: MMSG-10547]
Action.c(194): Message id [-17999] was not saved - Auto Log cache is too small to contain the message.	[MsgId: MMSG-10547]
Action.c(198): Message id [-17999] was not saved - Auto Log cache is too small to contain the message.	[MsgId: MMSG-10547]
Action.c(201): Notify: Transaction "itinerary" ended with a "Pass" status (Duration: 0,3290 Wasted Time: 0,0011).	[MsgId: MMSG-16871]
Action.c(203): Notify: Transaction "delete" started.	[MsgId: MMSG-16999]
Action.c(205): web_add_header("Origin") started  	[MsgId: MMSG-26355]
Action.c(205): web_add_header("Origin") was successful  	[MsgId: MMSG-26392]
Action.c(208): Think time - Waiting 5,00 seconds (according to limit).	[MsgId: MMSG-15946]
Action.c(208): lr_think_time: 5,00 seconds (recorded think time was 55,00 seconds).	[MsgId: MMSG-15947]
Action.c(211): web_reg_find started  	[MsgId: MMSG-26355]
Action.c(211): Registering web_reg_find was successful  	[MsgId: MMSG-26390]
Action.c(218): web_custom_request("itinerary.pl_2") started  	[MsgId: MMSG-26355]
Action.c(218): Error -26368: "Text=25146929-83-CS" found for web_reg_find (count=1)  	[MsgId: MERR-26368]
End auto log messages stack.	[MsgId: MMSG-10544]


Start auto log messages stack - Iteration 104.	[MsgId: MMSG-10545]
Action.c(172): 85	[MsgId: MMSG-17999]
Action.c(173): 85	[MsgId: MMSG-17999]
Action.c(193): Message id [-17999] was not saved - Auto Log cache is too small to contain the message.	[MsgId: MMSG-10547]
Action.c(194): Message id [-17999] was not saved - Auto Log cache is too small to contain the message.	[MsgId: MMSG-10547]
Action.c(198): Message id [-17999] was not saved - Auto Log cache is too small to contain the message.	[MsgId: MMSG-10547]
Action.c(201): Notify: Transaction "itinerary" ended with a "Pass" status (Duration: 0,3605 Wasted Time: 0,0008).	[MsgId: MMSG-16871]
Action.c(203): Notify: Transaction "delete" started.	[MsgId: MMSG-16999]
Action.c(205): web_add_header("Origin") started  	[MsgId: MMSG-26355]
Action.c(205): web_add_header("Origin") was successful  	[MsgId: MMSG-26392]
Action.c(208): Think time - Waiting 5,00 seconds (according to limit).	[MsgId: MMSG-15946]
Action.c(208): lr_think_time: 5,00 seconds (recorded think time was 55,00 seconds).	[MsgId: MMSG-15947]
Action.c(211): web_reg_find started  	[MsgId: MMSG-26355]
Action.c(211): Registering web_reg_find was successful  	[MsgId: MMSG-26390]
Action.c(218): web_custom_request("itinerary.pl_2") started  	[MsgId: MMSG-26355]
Action.c(218): Error -26368: "Text=1691648191-7781-BB" found for web_reg_find (count=1)  	[MsgId: MERR-26368]
End auto log messages stack.	[MsgId: MMSG-10544]


Start auto log messages stack - Iteration 105.	[MsgId: MMSG-10545]
Action.c(198): Message id [-17999] was not saved - Auto Log cache is too small to contain the message.	[MsgId: MMSG-10547]
Action.c(201): Notify: Transaction "itinerary" ended with a "Pass" status (Duration: 0,2769 Wasted Time: 0,0010).	[MsgId: MMSG-16871]
Action.c(203): Notify: Transaction "delete" started.	[MsgId: MMSG-16999]
Action.c(205): web_add_header("Origin") started  	[MsgId: MMSG-26355]
Action.c(205): web_add_header("Origin") was successful  	[MsgId: MMSG-26392]
Action.c(208): Think time - Waiting 5,00 seconds (according to limit).	[MsgId: MMSG-15946]
Action.c(208): lr_think_time: 5,00 seconds (recorded think time was 55,00 seconds).	[MsgId: MMSG-15947]
Action.c(211): web_reg_find started  	[MsgId: MMSG-26355]
Action.c(211): Registering web_reg_find was successful  	[MsgId: MMSG-26390]
Action.c(218): web_custom_request("itinerary.pl_2") started  	[MsgId: MMSG-26355]
Action.c(218): Error -26368: "Text=86880006-781-CF" found for web_reg_find (count=1)  	[MsgId: MERR-26368]
End auto log messages stack.	[MsgId: MMSG-10544]


