Start auto log messages stack - Iteration 2.	[MsgId: MMSG-10545]
Action.c(130): web_custom_request("nav.pl_3") started  	[MsgId: MMSG-26355]
Action.c(130): web_custom_request("nav.pl_3") was successful, 1482 body bytes, 255 header bytes, 12 chunking overhead bytes  	[MsgId: MMSG-26385]
Action.c(144): web_reg_save_param started  	[MsgId: MMSG-26355]
Action.c(144): Registering web_reg_save_param was successful  	[MsgId: MMSG-26390]
Action.c(154): web_reg_save_param started  	[MsgId: MMSG-26355]
Action.c(154): Registering web_reg_save_param was successful  	[MsgId: MMSG-26390]
Action.c(161): web_custom_request("itinerary.pl") started  	[MsgId: MMSG-26355]
Action.c(161): Error -26377: No match found for the requested parameter "flightID". Either the specified boundaries were not found in the response or the matched text is longer than current max html parameter size of 256 bytes. The total length of the response is 887 bytes. You can use "web_set_max_html_param_len" to increase the max parameter size.  	[MsgId: MERR-26377]
Action.c(161): Error -26377: No match found for the requested parameter "cgifields". Either the specified boundaries were not found in the response or the matched text is longer than current max html parameter size of 256 bytes. The total length of the response is 887 bytes. You can use "web_set_max_html_param_len" to increase the max parameter size.  	[MsgId: MERR-26377]
End auto log messages stack.	[MsgId: MMSG-10544]


Start auto log messages stack - Iteration 4.	[MsgId: MMSG-10545]
Action.c(130): web_custom_request("nav.pl_3") started  	[MsgId: MMSG-26355]
Action.c(130): web_custom_request("nav.pl_3") was successful, 1482 body bytes, 255 header bytes, 12 chunking overhead bytes  	[MsgId: MMSG-26385]
Action.c(144): web_reg_save_param started  	[MsgId: MMSG-26355]
Action.c(144): Registering web_reg_save_param was successful  	[MsgId: MMSG-26390]
Action.c(154): web_reg_save_param started  	[MsgId: MMSG-26355]
Action.c(154): Registering web_reg_save_param was successful  	[MsgId: MMSG-26390]
Action.c(161): web_custom_request("itinerary.pl") started  	[MsgId: MMSG-26355]
Action.c(161): Error -26377: No match found for the requested parameter "flightID". Either the specified boundaries were not found in the response or the matched text is longer than current max html parameter size of 256 bytes. The total length of the response is 887 bytes. You can use "web_set_max_html_param_len" to increase the max parameter size.  	[MsgId: MERR-26377]
Action.c(161): Error -26377: No match found for the requested parameter "cgifields". Either the specified boundaries were not found in the response or the matched text is longer than current max html parameter size of 256 bytes. The total length of the response is 887 bytes. You can use "web_set_max_html_param_len" to increase the max parameter size.  	[MsgId: MERR-26377]
End auto log messages stack.	[MsgId: MMSG-10544]


